2020-01-27 11:58:17 CarinaListener [INFO] 
============= Test configuration =============
url={must_override}
env=DEMO
env_arg_resolver=com.qaprosoft.carina.core.foundation.utils.DefaultEnvArgResolver
platform=*
browser=
browser_version=
browser_language=
selenium_host=https://qkm1.qualitykiosk.com/appiumcloud/wd/hub
driver_event_listeners=com.qaprosoft.carina.demo.utils.PerfEventHandler
max_driver_count=3
custom_capabilities=
chrome_args=
chrome_experimental_opts=
chrome_mobile_emulation_opts=
firefox_args=
firefox_preferences=
app_version=
proxy_host=
proxy_port=
proxy_protocols=http,https,ftp
browsermob_proxy=false
browsermob_host=
browsermob_port=0
browsermob_ports_range=
browsermob_disabled_mitm=false
proxy_set_to_system=false
report_url=
email_list=
failure_email_list=
track_known_issues=false
auto_screenshot=true
implicit_timeout=10
explicit_timeout=20
auto_download=false
auto_download_apps=
custom_artifacts_folder=
retry_interval=5
project_report_directory=./reports/qa
max_screen_history=10
max_log_file_size=150
result_sorting=true
big_screen_width=-1
big_screen_height=-1
small_screen_width=90
small_screen_height=60
init_retry_count=0
init_retry_interval=1
retry_count=0
enable_l10n=true
l10n_encoding=ISO-8859-1
locale=en_US
enable_i18n=true
language=en_US
thread_count=1
data_provider_thread_count=-1
core_log_level=INFO
core_log_packages=com.qaprosoft.carina.core
artifacts_expiration_seconds=2592000
log_all_json=true
date_format=HH:mm:ss yyyy-MM-dd
time_format=HH:mm:ss
suite_name=
jira_updater=com.qaprosoft.carina.core.foundation.jira.DefaultJiraUpdater
jira_url=
jira_user=
jira_password=
jira_suite_id=
jira_project=
jira_project_short=
jira_create_new_ticket=false
test_naming_pattern={method_name}
optimize_video_recording=false
testrail_run_name=
testrail_milestone=
testrail_assignee=
qtest_cycle_name=DailyAutomation
qtest_suite_name=
s3_bucket_name=
access_key_id=
secret_key=
s3_use_presign_url=false
s3_local_storage=.
appcenter_token=
appcenter_local_storage=.
add_new_localization=false
add_new_localization_encoding=utf-8
add_new_localization_path=
add_new_localization_property_name=new_custom_messages_
tls_keysecure_location=
health_check_class=
health_check_methods=
uninstall_related_apps=false
default_device_timezone=GMT
default_device_time_format=24
default_device_language=en_US
android_screen_record_size=
android_screen_record_bitrate=
android_enable_bug_report=true
ios_screen_record_quality=MEDIUM
ios_screen_record_codec=libx264
ios_screen_record_fps=10
screen_record_duration=180
video_scale=-2:720
ignore_ssl=false
test_run_rules=
hub_mode=selenium
extract_sys_log=false
selenium_host=https://qkm1.qualitykiosk.com/appiumcloud/wd/hub

------------- Driver capabilities -----------
capabilities.appPackage=fc.admin.fcexpressadmin
capabilities.appActivity=fc.admin.fcexpressadmin.HomeActivity
================================================

2020-01-27 11:58:18 CarinaListener [INFO] Set data_provider_thread_count=1
2020-01-27 11:58:18 CarinaListener [INFO] CARINA_CORE_VERSION: 6.3.30
2020-01-27 11:58:18 Messager [INFO]  TEST [Default test - feature] STARTED at [11:58:18 2020-01-27]
2020-01-27 11:58:19 M1CloudActivities [INFO] DeviceName: Samsung_Galaxy_Note_8.properties
2020-01-27 11:58:20 IDriverPool [ERROR] Driver initialization 'DEFAULT' FAILED! Retry 1 of 1 time - Unsupported mobile capabilities for type: mobile platform: *
java.lang.RuntimeException: Unsupported mobile capabilities for type: mobile platform: *
	at com.qaprosoft.carina.core.foundation.webdriver.core.factory.impl.MobileFactory.create(MobileFactory.java:224)
	at com.qaprosoft.carina.core.foundation.webdriver.core.factory.DriverFactory.create(DriverFactory.java:71)
	at com.qaprosoft.carina.core.foundation.webdriver.IDriverPool.createDriver(IDriverPool.java:353)
	at com.qaprosoft.carina.core.foundation.webdriver.IDriverPool.getDriver(IDriverPool.java:143)
	at com.qaprosoft.carina.demo.cucumber.steps.FirstCry_Step_Def.LoginPage(FirstCry_Step_Def.java:35)
	at sun.reflect.NativeMethodAccessorImpl.invoke0(Native Method)
	at sun.reflect.NativeMethodAccessorImpl.invoke(Unknown Source)
	at sun.reflect.DelegatingMethodAccessorImpl.invoke(Unknown Source)
	at java.lang.reflect.Method.invoke(Unknown Source)
	at cucumber.runtime.Utils$1.call(Utils.java:40)
	at cucumber.runtime.Timeout.timeout(Timeout.java:16)
	at cucumber.runtime.Utils.invoke(Utils.java:34)
	at cucumber.runtime.java.JavaStepDefinition.execute(JavaStepDefinition.java:38)
	at cucumber.runtime.StepDefinitionMatch.runStep(StepDefinitionMatch.java:37)
	at cucumber.runtime.Runtime.runStep(Runtime.java:300)
	at cucumber.runtime.model.StepContainer.runStep(StepContainer.java:44)
	at cucumber.runtime.model.StepContainer.runSteps(StepContainer.java:39)
	at cucumber.runtime.model.CucumberScenario.run(CucumberScenario.java:44)
	at cucumber.runtime.model.CucumberFeature.run(CucumberFeature.java:165)
	at cucumber.api.testng.TestNGCucumberRunner.runCucumber(TestNGCucumberRunner.java:63)
	at com.qaprosoft.carina.core.foundation.cucumber.CucumberRunner.feature(CucumberRunner.java:56)
	at sun.reflect.NativeMethodAccessorImpl.invoke0(Native Method)
	at sun.reflect.NativeMethodAccessorImpl.invoke(Unknown Source)
	at sun.reflect.DelegatingMethodAccessorImpl.invoke(Unknown Source)
	at java.lang.reflect.Method.invoke(Unknown Source)
	at org.testng.internal.MethodInvocationHelper.invokeMethod(MethodInvocationHelper.java:124)
	at org.testng.internal.Invoker.invokeMethod(Invoker.java:583)
	at org.testng.internal.Invoker.invokeTestMethod(Invoker.java:719)
	at org.testng.internal.Invoker.invokeTestMethods(Invoker.java:989)
	at org.testng.internal.TestMethodWorker.invokeTestMethods(TestMethodWorker.java:125)
	at org.testng.internal.TestMethodWorker.run(TestMethodWorker.java:109)
	at org.testng.TestRunner.privateRun(TestRunner.java:648)
	at org.testng.TestRunner.run(TestRunner.java:505)
	at org.testng.SuiteRunner.runTest(SuiteRunner.java:455)
	at org.testng.SuiteRunner.runSequentially(SuiteRunner.java:450)
	at org.testng.SuiteRunner.privateRun(SuiteRunner.java:415)
	at org.testng.SuiteRunner.run(SuiteRunner.java:364)
	at org.testng.SuiteRunnerWorker.runSuite(SuiteRunnerWorker.java:52)
	at org.testng.SuiteRunnerWorker.run(SuiteRunnerWorker.java:84)
	at org.testng.TestNG.runSuitesSequentially(TestNG.java:1208)
	at org.testng.TestNG.runSuitesLocally(TestNG.java:1137)
	at org.testng.TestNG.runSuites(TestNG.java:1049)
	at org.testng.TestNG.run(TestNG.java:1017)
	at org.testng.remote.AbstractRemoteTestNG.run(AbstractRemoteTestNG.java:115)
	at org.testng.remote.RemoteTestNG.initAndRun(RemoteTestNG.java:251)
	at org.testng.remote.RemoteTestNG.main(RemoteTestNG.java:77)
2020-01-27 11:58:21 Messager [ERROR]  TEST [Default test - feature] FAILED at [11:58:21 2020-01-27] - java.lang.RuntimeException: Unsupported mobile capabilities for type: mobile platform: *

cucumber.api.testng.TestNGCucumberRunner.runCucumber(TestNGCucumberRunner.java:69)
com.qaprosoft.carina.core.foundation.cucumber.CucumberRunner.feature(CucumberRunner.java:56)
sun.reflect.NativeMethodAccessorImpl.invoke0(Native Method)
sun.reflect.NativeMethodAccessorImpl.invoke(Unknown Source)
sun.reflect.DelegatingMethodAccessorImpl.invoke(Unknown Source)
java.lang.reflect.Method.invoke(Unknown Source)
org.testng.internal.MethodInvocationHelper.invokeMethod(MethodInvocationHelper.java:124)
org.testng.internal.Invoker.invokeMethod(Invoker.java:583)
org.testng.internal.Invoker.invokeTestMethod(Invoker.java:719)
org.testng.internal.Invoker.invokeTestMethods(Invoker.java:989)
org.testng.internal.TestMethodWorker.invokeTestMethods(TestMethodWorker.java:125)
org.testng.internal.TestMethodWorker.run(TestMethodWorker.java:109)
org.testng.TestRunner.privateRun(TestRunner.java:648)
org.testng.TestRunner.run(TestRunner.java:505)
org.testng.SuiteRunner.runTest(SuiteRunner.java:455)
org.testng.SuiteRunner.runSequentially(SuiteRunner.java:450)
org.testng.SuiteRunner.privateRun(SuiteRunner.java:415)
org.testng.SuiteRunner.run(SuiteRunner.java:364)
org.testng.SuiteRunnerWorker.runSuite(SuiteRunnerWorker.java:52)
org.testng.SuiteRunnerWorker.run(SuiteRunnerWorker.java:84)
org.testng.TestNG.runSuitesSequentially(TestNG.java:1208)
org.testng.TestNG.runSuitesLocally(TestNG.java:1137)
org.testng.TestNG.runSuites(TestNG.java:1049)
org.testng.TestNG.run(TestNG.java:1017)
org.testng.remote.AbstractRemoteTestNG.run(AbstractRemoteTestNG.java:115)
org.testng.remote.RemoteTestNG.initAndRun(RemoteTestNG.java:251)
org.testng.remote.RemoteTestNG.main(RemoteTestNG.java:77)
2020-01-27 11:58:21 CucumberRunner [INFO] In  @AfterClass tearDownClass
2020-01-27 11:58:21 CucumberRunner [INFO] Report json: CreateUserAPI-test-report.json
2020-01-27 11:58:21 CucumberRunner [INFO] Report json: cucumber-core-test-report.json
2020-01-27 11:58:24 Messager [INFO] INFO: '**************** Test execution summary ****************'.
2020-01-27 11:58:24 Messager [INFO] RESULT #1: TEST [Default test - feature] FAIL [log=file://D:\Testng\Atlas_Demo\.\reports\qa\1580106497783/2b726c10-80cc-49d3-ab57-044f19344eb1/test.log]
2020-01-27 12:04:57 CarinaListener [INFO] 
============= Test configuration =============
url={must_override}
env=DEMO
env_arg_resolver=com.qaprosoft.carina.core.foundation.utils.DefaultEnvArgResolver
platform=*
browser=
browser_version=
browser_language=
selenium_host=https://qkm1.qualitykiosk.com/appiumcloud/wd/hub
driver_event_listeners=com.qaprosoft.carina.demo.utils.PerfEventHandler
max_driver_count=3
custom_capabilities=
chrome_args=
chrome_experimental_opts=
chrome_mobile_emulation_opts=
firefox_args=
firefox_preferences=
app_version=
proxy_host=
proxy_port=
proxy_protocols=http,https,ftp
browsermob_proxy=false
browsermob_host=
browsermob_port=0
browsermob_ports_range=
browsermob_disabled_mitm=false
proxy_set_to_system=false
report_url=
email_list=
failure_email_list=
track_known_issues=false
auto_screenshot=true
implicit_timeout=10
explicit_timeout=20
auto_download=false
auto_download_apps=
custom_artifacts_folder=
retry_interval=5
project_report_directory=./reports/qa
max_screen_history=10
max_log_file_size=150
result_sorting=true
big_screen_width=-1
big_screen_height=-1
small_screen_width=90
small_screen_height=60
init_retry_count=0
init_retry_interval=1
retry_count=0
enable_l10n=true
l10n_encoding=ISO-8859-1
locale=en_US
enable_i18n=true
language=en_US
thread_count=1
data_provider_thread_count=-1
core_log_level=INFO
core_log_packages=com.qaprosoft.carina.core
artifacts_expiration_seconds=2592000
log_all_json=true
date_format=HH:mm:ss yyyy-MM-dd
time_format=HH:mm:ss
suite_name=
jira_updater=com.qaprosoft.carina.core.foundation.jira.DefaultJiraUpdater
jira_url=
jira_user=
jira_password=
jira_suite_id=
jira_project=
jira_project_short=
jira_create_new_ticket=false
test_naming_pattern={method_name}
optimize_video_recording=false
testrail_run_name=
testrail_milestone=
testrail_assignee=
qtest_cycle_name=DailyAutomation
qtest_suite_name=
s3_bucket_name=
access_key_id=
secret_key=
s3_use_presign_url=false
s3_local_storage=.
appcenter_token=
appcenter_local_storage=.
add_new_localization=false
add_new_localization_encoding=utf-8
add_new_localization_path=
add_new_localization_property_name=new_custom_messages_
tls_keysecure_location=
health_check_class=
health_check_methods=
uninstall_related_apps=false
default_device_timezone=GMT
default_device_time_format=24
default_device_language=en_US
android_screen_record_size=
android_screen_record_bitrate=
android_enable_bug_report=true
ios_screen_record_quality=MEDIUM
ios_screen_record_codec=libx264
ios_screen_record_fps=10
screen_record_duration=180
video_scale=-2:720
ignore_ssl=false
test_run_rules=
hub_mode=selenium
extract_sys_log=false
selenium_host=https://qkm1.qualitykiosk.com/appiumcloud/wd/hub

------------- Driver capabilities -----------
capabilities.appPackage=fc.admin.fcexpressadmin
capabilities.appActivity=fc.admin.fcexpressadmin.HomeActivity
================================================

2020-01-27 12:04:58 CarinaListener [INFO] Set data_provider_thread_count=1
2020-01-27 12:04:58 CarinaListener [INFO] CARINA_CORE_VERSION: 6.3.30
2020-01-27 12:04:58 Messager [INFO]  TEST [Default test - feature] STARTED at [12:04:58 2020-01-27]
2020-01-27 12:04:59 M1CloudActivities [INFO] DeviceName: Samsung_Galaxy_Note_8.properties
2020-01-27 12:05:00 IDriverPool [ERROR] Driver initialization 'DEFAULT' FAILED! Retry 1 of 1 time - Unsupported mobile capabilities for type: mobile platform: *
java.lang.RuntimeException: Unsupported mobile capabilities for type: mobile platform: *
	at com.qaprosoft.carina.core.foundation.webdriver.core.factory.impl.MobileFactory.create(MobileFactory.java:224)
	at com.qaprosoft.carina.core.foundation.webdriver.core.factory.DriverFactory.create(DriverFactory.java:71)
	at com.qaprosoft.carina.core.foundation.webdriver.IDriverPool.createDriver(IDriverPool.java:353)
	at com.qaprosoft.carina.core.foundation.webdriver.IDriverPool.getDriver(IDriverPool.java:143)
	at com.qaprosoft.carina.demo.cucumber.steps.FirstCry_Step_Def.LoginPage(FirstCry_Step_Def.java:35)
	at sun.reflect.NativeMethodAccessorImpl.invoke0(Native Method)
	at sun.reflect.NativeMethodAccessorImpl.invoke(Unknown Source)
	at sun.reflect.DelegatingMethodAccessorImpl.invoke(Unknown Source)
	at java.lang.reflect.Method.invoke(Unknown Source)
	at cucumber.runtime.Utils$1.call(Utils.java:40)
	at cucumber.runtime.Timeout.timeout(Timeout.java:16)
	at cucumber.runtime.Utils.invoke(Utils.java:34)
	at cucumber.runtime.java.JavaStepDefinition.execute(JavaStepDefinition.java:38)
	at cucumber.runtime.StepDefinitionMatch.runStep(StepDefinitionMatch.java:37)
	at cucumber.runtime.Runtime.runStep(Runtime.java:300)
	at cucumber.runtime.model.StepContainer.runStep(StepContainer.java:44)
	at cucumber.runtime.model.StepContainer.runSteps(StepContainer.java:39)
	at cucumber.runtime.model.CucumberScenario.run(CucumberScenario.java:44)
	at cucumber.runtime.model.CucumberFeature.run(CucumberFeature.java:165)
	at cucumber.api.testng.TestNGCucumberRunner.runCucumber(TestNGCucumberRunner.java:63)
	at com.qaprosoft.carina.core.foundation.cucumber.CucumberRunner.feature(CucumberRunner.java:56)
	at sun.reflect.NativeMethodAccessorImpl.invoke0(Native Method)
	at sun.reflect.NativeMethodAccessorImpl.invoke(Unknown Source)
	at sun.reflect.DelegatingMethodAccessorImpl.invoke(Unknown Source)
	at java.lang.reflect.Method.invoke(Unknown Source)
	at org.testng.internal.MethodInvocationHelper.invokeMethod(MethodInvocationHelper.java:124)
	at org.testng.internal.Invoker.invokeMethod(Invoker.java:583)
	at org.testng.internal.Invoker.invokeTestMethod(Invoker.java:719)
	at org.testng.internal.Invoker.invokeTestMethods(Invoker.java:989)
	at org.testng.internal.TestMethodWorker.invokeTestMethods(TestMethodWorker.java:125)
	at org.testng.internal.TestMethodWorker.run(TestMethodWorker.java:109)
	at org.testng.TestRunner.privateRun(TestRunner.java:648)
	at org.testng.TestRunner.run(TestRunner.java:505)
	at org.testng.SuiteRunner.runTest(SuiteRunner.java:455)
	at org.testng.SuiteRunner.runSequentially(SuiteRunner.java:450)
	at org.testng.SuiteRunner.privateRun(SuiteRunner.java:415)
	at org.testng.SuiteRunner.run(SuiteRunner.java:364)
	at org.testng.SuiteRunnerWorker.runSuite(SuiteRunnerWorker.java:52)
	at org.testng.SuiteRunnerWorker.run(SuiteRunnerWorker.java:84)
	at org.testng.TestNG.runSuitesSequentially(TestNG.java:1208)
	at org.testng.TestNG.runSuitesLocally(TestNG.java:1137)
	at org.testng.TestNG.runSuites(TestNG.java:1049)
	at org.testng.TestNG.run(TestNG.java:1017)
	at org.testng.remote.AbstractRemoteTestNG.run(AbstractRemoteTestNG.java:115)
	at org.testng.remote.RemoteTestNG.initAndRun(RemoteTestNG.java:251)
	at org.testng.remote.RemoteTestNG.main(RemoteTestNG.java:77)
2020-01-27 12:05:00 Messager [ERROR]  TEST [Default test - feature] FAILED at [12:05:00 2020-01-27] - java.lang.RuntimeException: Unsupported mobile capabilities for type: mobile platform: *

cucumber.api.testng.TestNGCucumberRunner.runCucumber(TestNGCucumberRunner.java:69)
com.qaprosoft.carina.core.foundation.cucumber.CucumberRunner.feature(CucumberRunner.java:56)
sun.reflect.NativeMethodAccessorImpl.invoke0(Native Method)
sun.reflect.NativeMethodAccessorImpl.invoke(Unknown Source)
sun.reflect.DelegatingMethodAccessorImpl.invoke(Unknown Source)
java.lang.reflect.Method.invoke(Unknown Source)
org.testng.internal.MethodInvocationHelper.invokeMethod(MethodInvocationHelper.java:124)
org.testng.internal.Invoker.invokeMethod(Invoker.java:583)
org.testng.internal.Invoker.invokeTestMethod(Invoker.java:719)
org.testng.internal.Invoker.invokeTestMethods(Invoker.java:989)
org.testng.internal.TestMethodWorker.invokeTestMethods(TestMethodWorker.java:125)
org.testng.internal.TestMethodWorker.run(TestMethodWorker.java:109)
org.testng.TestRunner.privateRun(TestRunner.java:648)
org.testng.TestRunner.run(TestRunner.java:505)
org.testng.SuiteRunner.runTest(SuiteRunner.java:455)
org.testng.SuiteRunner.runSequentially(SuiteRunner.java:450)
org.testng.SuiteRunner.privateRun(SuiteRunner.java:415)
org.testng.SuiteRunner.run(SuiteRunner.java:364)
org.testng.SuiteRunnerWorker.runSuite(SuiteRunnerWorker.java:52)
org.testng.SuiteRunnerWorker.run(SuiteRunnerWorker.java:84)
org.testng.TestNG.runSuitesSequentially(TestNG.java:1208)
org.testng.TestNG.runSuitesLocally(TestNG.java:1137)
org.testng.TestNG.runSuites(TestNG.java:1049)
org.testng.TestNG.run(TestNG.java:1017)
org.testng.remote.AbstractRemoteTestNG.run(AbstractRemoteTestNG.java:115)
org.testng.remote.RemoteTestNG.initAndRun(RemoteTestNG.java:251)
org.testng.remote.RemoteTestNG.main(RemoteTestNG.java:77)
2020-01-27 12:05:00 CucumberRunner [INFO] In  @AfterClass tearDownClass
2020-01-27 12:05:00 CucumberRunner [INFO] Report json: CreateUserAPI-test-report.json
2020-01-27 12:05:00 CucumberRunner [INFO] Report json: cucumber-core-test-report.json
2020-01-27 12:05:03 Messager [INFO] INFO: '**************** Test execution summary ****************'.
2020-01-27 12:05:03 Messager [INFO] RESULT #1: TEST [Default test - feature] FAIL [log=file://D:\Testng\Atlas_Demo\.\reports\qa\1580106897851/019d8af7-4b1c-490a-a380-c8fd87680421/test.log]
2020-01-27 12:10:51 CarinaListener [INFO] 
============= Test configuration =============
url={must_override}
env=DEMO
env_arg_resolver=com.qaprosoft.carina.core.foundation.utils.DefaultEnvArgResolver
platform=*
browser=
browser_version=
browser_language=
selenium_host=https://qkm1.qualitykiosk.com/appiumcloud/wd/hub
driver_event_listeners=com.qaprosoft.carina.demo.utils.PerfEventHandler
max_driver_count=3
custom_capabilities=
chrome_args=
chrome_experimental_opts=
chrome_mobile_emulation_opts=
firefox_args=
firefox_preferences=
app_version=
proxy_host=
proxy_port=
proxy_protocols=http,https,ftp
browsermob_proxy=false
browsermob_host=
browsermob_port=0
browsermob_ports_range=
browsermob_disabled_mitm=false
proxy_set_to_system=false
report_url=
email_list=
failure_email_list=
track_known_issues=false
auto_screenshot=true
implicit_timeout=10
explicit_timeout=20
auto_download=false
auto_download_apps=
custom_artifacts_folder=
retry_interval=5
project_report_directory=./reports/qa
max_screen_history=10
max_log_file_size=150
result_sorting=true
big_screen_width=-1
big_screen_height=-1
small_screen_width=90
small_screen_height=60
init_retry_count=0
init_retry_interval=1
retry_count=0
enable_l10n=true
l10n_encoding=ISO-8859-1
locale=en_US
enable_i18n=true
language=en_US
thread_count=1
data_provider_thread_count=-1
core_log_level=INFO
core_log_packages=com.qaprosoft.carina.core
artifacts_expiration_seconds=2592000
log_all_json=true
date_format=HH:mm:ss yyyy-MM-dd
time_format=HH:mm:ss
suite_name=
jira_updater=com.qaprosoft.carina.core.foundation.jira.DefaultJiraUpdater
jira_url=
jira_user=
jira_password=
jira_suite_id=
jira_project=
jira_project_short=
jira_create_new_ticket=false
test_naming_pattern={method_name}
optimize_video_recording=false
testrail_run_name=
testrail_milestone=
testrail_assignee=
qtest_cycle_name=DailyAutomation
qtest_suite_name=
s3_bucket_name=
access_key_id=
secret_key=
s3_use_presign_url=false
s3_local_storage=.
appcenter_token=
appcenter_local_storage=.
add_new_localization=false
add_new_localization_encoding=utf-8
add_new_localization_path=
add_new_localization_property_name=new_custom_messages_
tls_keysecure_location=
health_check_class=
health_check_methods=
uninstall_related_apps=false
default_device_timezone=GMT
default_device_time_format=24
default_device_language=en_US
android_screen_record_size=
android_screen_record_bitrate=
android_enable_bug_report=true
ios_screen_record_quality=MEDIUM
ios_screen_record_codec=libx264
ios_screen_record_fps=10
screen_record_duration=180
video_scale=-2:720
ignore_ssl=false
test_run_rules=
hub_mode=selenium
extract_sys_log=false
selenium_host=https://qkm1.qualitykiosk.com/appiumcloud/wd/hub

------------- Driver capabilities -----------
capabilities.appPackage=fc.admin.fcexpressadmin
capabilities.platformVersion=9
capabilities.appActivity=fc.admin.fcexpressadmin.HomeActivity
capabilities.automationName=uiautomator
capabilities.platformName=ANDROID
================================================

2020-01-27 12:10:51 CarinaListener [INFO] Set data_provider_thread_count=1
2020-01-27 12:10:51 CarinaListener [INFO] CARINA_CORE_VERSION: 6.3.30
2020-01-27 12:10:52 Messager [INFO]  TEST [Default test - feature] STARTED at [12:10:52 2020-01-27]
2020-01-27 12:10:53 M1CloudActivities [INFO] DeviceName: Samsung_Galaxy_Note_8.properties
2020-01-27 12:10:55 IDriverPool [ERROR] Driver initialization 'DEFAULT' FAILED! Retry 1 of 1 time - javax.net.ssl.SSLHandshakeException: sun.security.validator.ValidatorException: PKIX path building failed: sun.security.provider.certpath.SunCertPathBuilderException: unable to find valid certification path to requested target
Build info: version: '3.141.59', revision: 'e82be7d358', time: '2018-11-14T08:17:03'
System info: host: 'QKNBK299', ip: '10.0.6.172', os.name: 'Windows 7', os.arch: 'amd64', os.version: '6.1', java.version: '1.8.0_45'
Driver info: driver.version: AndroidDriver
org.openqa.selenium.WebDriverException: javax.net.ssl.SSLHandshakeException: sun.security.validator.ValidatorException: PKIX path building failed: sun.security.provider.certpath.SunCertPathBuilderException: unable to find valid certification path to requested target
Build info: version: '3.141.59', revision: 'e82be7d358', time: '2018-11-14T08:17:03'
System info: host: 'QKNBK299', ip: '10.0.6.172', os.name: 'Windows 7', os.arch: 'amd64', os.version: '6.1', java.version: '1.8.0_45'
Driver info: driver.version: AndroidDriver
	at com.qaprosoft.carina.core.foundation.webdriver.listener.EventFiringAppiumCommandExecutor.execute(EventFiringAppiumCommandExecutor.java:169)
	at org.openqa.selenium.remote.RemoteWebDriver.execute(RemoteWebDriver.java:552)
	at io.appium.java_client.DefaultGenericMobileDriver.execute(DefaultGenericMobileDriver.java:41)
	at io.appium.java_client.AppiumDriver.execute(AppiumDriver.java:1)
	at io.appium.java_client.android.AndroidDriver.execute(AndroidDriver.java:1)
	at org.openqa.selenium.remote.RemoteWebDriver.startSession(RemoteWebDriver.java:213)
	at io.appium.java_client.AppiumDriver.startSession(AppiumDriver.java:323)
	at org.openqa.selenium.remote.RemoteWebDriver.<init>(RemoteWebDriver.java:131)
	at io.appium.java_client.DefaultGenericMobileDriver.<init>(DefaultGenericMobileDriver.java:37)
	at io.appium.java_client.AppiumDriver.<init>(AppiumDriver.java:86)
	at io.appium.java_client.android.AndroidDriver.<init>(AndroidDriver.java:84)
	at com.qaprosoft.carina.core.foundation.webdriver.core.factory.impl.MobileFactory.create(MobileFactory.java:167)
	at com.qaprosoft.carina.core.foundation.webdriver.core.factory.DriverFactory.create(DriverFactory.java:71)
	at com.qaprosoft.carina.core.foundation.webdriver.IDriverPool.createDriver(IDriverPool.java:353)
	at com.qaprosoft.carina.core.foundation.webdriver.IDriverPool.getDriver(IDriverPool.java:143)
	at com.qaprosoft.carina.demo.cucumber.steps.FirstCry_Step_Def.LoginPage(FirstCry_Step_Def.java:35)
	at sun.reflect.NativeMethodAccessorImpl.invoke0(Native Method)
	at sun.reflect.NativeMethodAccessorImpl.invoke(Unknown Source)
	at sun.reflect.DelegatingMethodAccessorImpl.invoke(Unknown Source)
	at java.lang.reflect.Method.invoke(Unknown Source)
	at cucumber.runtime.Utils$1.call(Utils.java:40)
	at cucumber.runtime.Timeout.timeout(Timeout.java:16)
	at cucumber.runtime.Utils.invoke(Utils.java:34)
	at cucumber.runtime.java.JavaStepDefinition.execute(JavaStepDefinition.java:38)
	at cucumber.runtime.StepDefinitionMatch.runStep(StepDefinitionMatch.java:37)
	at cucumber.runtime.Runtime.runStep(Runtime.java:300)
	at cucumber.runtime.model.StepContainer.runStep(StepContainer.java:44)
	at cucumber.runtime.model.StepContainer.runSteps(StepContainer.java:39)
	at cucumber.runtime.model.CucumberScenario.run(CucumberScenario.java:44)
	at cucumber.runtime.model.CucumberFeature.run(CucumberFeature.java:165)
	at cucumber.api.testng.TestNGCucumberRunner.runCucumber(TestNGCucumberRunner.java:63)
	at com.qaprosoft.carina.core.foundation.cucumber.CucumberRunner.feature(CucumberRunner.java:56)
	at sun.reflect.NativeMethodAccessorImpl.invoke0(Native Method)
	at sun.reflect.NativeMethodAccessorImpl.invoke(Unknown Source)
	at sun.reflect.DelegatingMethodAccessorImpl.invoke(Unknown Source)
	at java.lang.reflect.Method.invoke(Unknown Source)
	at org.testng.internal.MethodInvocationHelper.invokeMethod(MethodInvocationHelper.java:124)
	at org.testng.internal.Invoker.invokeMethod(Invoker.java:583)
	at org.testng.internal.Invoker.invokeTestMethod(Invoker.java:719)
	at org.testng.internal.Invoker.invokeTestMethods(Invoker.java:989)
	at org.testng.internal.TestMethodWorker.invokeTestMethods(TestMethodWorker.java:125)
	at org.testng.internal.TestMethodWorker.run(TestMethodWorker.java:109)
	at org.testng.TestRunner.privateRun(TestRunner.java:648)
	at org.testng.TestRunner.run(TestRunner.java:505)
	at org.testng.SuiteRunner.runTest(SuiteRunner.java:455)
	at org.testng.SuiteRunner.runSequentially(SuiteRunner.java:450)
	at org.testng.SuiteRunner.privateRun(SuiteRunner.java:415)
	at org.testng.SuiteRunner.run(SuiteRunner.java:364)
	at org.testng.SuiteRunnerWorker.runSuite(SuiteRunnerWorker.java:52)
	at org.testng.SuiteRunnerWorker.run(SuiteRunnerWorker.java:84)
	at org.testng.TestNG.runSuitesSequentially(TestNG.java:1208)
	at org.testng.TestNG.runSuitesLocally(TestNG.java:1137)
	at org.testng.TestNG.runSuites(TestNG.java:1049)
	at org.testng.TestNG.run(TestNG.java:1017)
	at org.testng.remote.AbstractRemoteTestNG.run(AbstractRemoteTestNG.java:115)
	at org.testng.remote.RemoteTestNG.initAndRun(RemoteTestNG.java:251)
	at org.testng.remote.RemoteTestNG.main(RemoteTestNG.java:77)
Caused by: javax.net.ssl.SSLHandshakeException: sun.security.validator.ValidatorException: PKIX path building failed: sun.security.provider.certpath.SunCertPathBuilderException: unable to find valid certification path to requested target
	at sun.security.ssl.Alerts.getSSLException(Unknown Source)
	at sun.security.ssl.SSLSocketImpl.fatal(Unknown Source)
	at sun.security.ssl.Handshaker.fatalSE(Unknown Source)
	at sun.security.ssl.Handshaker.fatalSE(Unknown Source)
	at sun.security.ssl.ClientHandshaker.serverCertificate(Unknown Source)
	at sun.security.ssl.ClientHandshaker.processMessage(Unknown Source)
	at sun.security.ssl.Handshaker.processLoop(Unknown Source)
	at sun.security.ssl.Handshaker.process_record(Unknown Source)
	at sun.security.ssl.SSLSocketImpl.readRecord(Unknown Source)
	at sun.security.ssl.SSLSocketImpl.performInitialHandshake(Unknown Source)
	at sun.security.ssl.SSLSocketImpl.startHandshake(Unknown Source)
	at sun.security.ssl.SSLSocketImpl.startHandshake(Unknown Source)
	at okhttp3.internal.connection.RealConnection.connectTls(RealConnection.java:318)
	at okhttp3.internal.connection.RealConnection.establishProtocol(RealConnection.java:282)
	at okhttp3.internal.connection.RealConnection.connect(RealConnection.java:167)
	at okhttp3.internal.connection.StreamAllocation.findConnection(StreamAllocation.java:257)
	at okhttp3.internal.connection.StreamAllocation.findHealthyConnection(StreamAllocation.java:135)
	at okhttp3.internal.connection.StreamAllocation.newStream(StreamAllocation.java:114)
	at okhttp3.internal.connection.ConnectInterceptor.intercept(ConnectInterceptor.java:42)
	at okhttp3.internal.http.RealInterceptorChain.proceed(RealInterceptorChain.java:147)
	at okhttp3.internal.http.RealInterceptorChain.proceed(RealInterceptorChain.java:121)
	at okhttp3.internal.cache.CacheInterceptor.intercept(CacheInterceptor.java:93)
	at okhttp3.internal.http.RealInterceptorChain.proceed(RealInterceptorChain.java:147)
	at okhttp3.internal.http.RealInterceptorChain.proceed(RealInterceptorChain.java:121)
	at okhttp3.internal.http.BridgeInterceptor.intercept(BridgeInterceptor.java:93)
	at okhttp3.internal.http.RealInterceptorChain.proceed(RealInterceptorChain.java:147)
	at okhttp3.internal.http.RetryAndFollowUpInterceptor.intercept(RetryAndFollowUpInterceptor.java:126)
	at okhttp3.internal.http.RealInterceptorChain.proceed(RealInterceptorChain.java:147)
	at okhttp3.internal.http.RealInterceptorChain.proceed(RealInterceptorChain.java:121)
	at okhttp3.RealCall.getResponseWithInterceptorChain(RealCall.java:200)
	at okhttp3.RealCall.execute(RealCall.java:77)
	at org.openqa.selenium.remote.internal.OkHttpClient.execute(OkHttpClient.java:103)
	at org.openqa.selenium.remote.ProtocolHandshake.createSession(ProtocolHandshake.java:105)
	at org.openqa.selenium.remote.ProtocolHandshake.createSession(ProtocolHandshake.java:74)
	at org.openqa.selenium.remote.HttpCommandExecutor.execute(HttpCommandExecutor.java:136)
	at com.qaprosoft.carina.core.foundation.webdriver.listener.EventFiringAppiumCommandExecutor.execute(EventFiringAppiumCommandExecutor.java:150)
	... 56 more
Caused by: sun.security.validator.ValidatorException: PKIX path building failed: sun.security.provider.certpath.SunCertPathBuilderException: unable to find valid certification path to requested target
	at sun.security.validator.PKIXValidator.doBuild(Unknown Source)
	at sun.security.validator.PKIXValidator.engineValidate(Unknown Source)
	at sun.security.validator.Validator.validate(Unknown Source)
	at sun.security.ssl.X509TrustManagerImpl.validate(Unknown Source)
	at sun.security.ssl.X509TrustManagerImpl.checkTrusted(Unknown Source)
	at sun.security.ssl.X509TrustManagerImpl.checkServerTrusted(Unknown Source)
	... 88 more
Caused by: sun.security.provider.certpath.SunCertPathBuilderException: unable to find valid certification path to requested target
	at sun.security.provider.certpath.SunCertPathBuilder.build(Unknown Source)
	at sun.security.provider.certpath.SunCertPathBuilder.engineBuild(Unknown Source)
	at java.security.cert.CertPathBuilder.build(Unknown Source)
	... 94 more
2020-01-27 12:10:55 Messager [ERROR]  TEST [Default test - feature] FAILED at [12:10:55 2020-01-27] - org.openqa.selenium.WebDriverException: javax.net.ssl.SSLHandshakeException: sun.security.validator.ValidatorException: PKIX path building failed: sun.security.provider.certpath.SunCertPathBuilderException: unable to find valid certification path to requested target
Build info: version: '3.141.59', revision: 'e82be7d358', time: '2018-11-14T08:17:03'
System info: host: 'QKNBK299', ip: '10.0.6.172', os.name: 'Windows 7', os.arch: 'amd64', os.version: '6.1', java.version: '1.8.0_45'
Driver info: driver.version: AndroidDriver

cucumber.api.testng.TestNGCucumberRunner.runCucumber(TestNGCucumberRunner.java:69)
com.qaprosoft.carina.core.foundation.cucumber.CucumberRunner.feature(CucumberRunner.java:56)
sun.reflect.NativeMethodAccessorImpl.invoke0(Native Method)
sun.reflect.NativeMethodAccessorImpl.invoke(Unknown Source)
sun.reflect.DelegatingMethodAccessorImpl.invoke(Unknown Source)
java.lang.reflect.Method.invoke(Unknown Source)
org.testng.internal.MethodInvocationHelper.invokeMethod(MethodInvocationHelper.java:124)
org.testng.internal.Invoker.invokeMethod(Invoker.java:583)
org.testng.internal.Invoker.invokeTestMethod(Invoker.java:719)
org.testng.internal.Invoker.invokeTestMethods(Invoker.java:989)
org.testng.internal.TestMethodWorker.invokeTestMethods(TestMethodWorker.java:125)
org.testng.internal.TestMethodWorker.run(TestMethodWorker.java:109)
org.testng.TestRunner.privateRun(TestRunner.java:648)
org.testng.TestRunner.run(TestRunner.java:505)
org.testng.SuiteRunner.runTest(SuiteRunner.java:455)
org.testng.SuiteRunner.runSequentially(SuiteRunner.java:450)
org.testng.SuiteRunner.privateRun(SuiteRunner.java:415)
org.testng.SuiteRunner.run(SuiteRunner.java:364)
org.testng.SuiteRunnerWorker.runSuite(SuiteRunnerWorker.java:52)
org.testng.SuiteRunnerWorker.run(SuiteRunnerWorker.java:84)
org.testng.TestNG.runSuitesSequentially(TestNG.java:1208)
org.testng.TestNG.runSuitesLocally(TestNG.java:1137)
org.testng.TestNG.runSuites(TestNG.java:1049)
org.testng.TestNG.run(TestNG.java:1017)
org.testng.remote.AbstractRemoteTestNG.run(AbstractRemoteTestNG.java:115)
org.testng.remote.RemoteTestNG.initAndRun(RemoteTestNG.java:251)
org.testng.remote.RemoteTestNG.main(RemoteTestNG.java:77)
2020-01-27 12:10:55 CucumberRunner [INFO] In  @AfterClass tearDownClass
2020-01-27 12:10:55 CucumberRunner [INFO] Report json: CreateUserAPI-test-report.json
2020-01-27 12:10:55 CucumberRunner [INFO] Report json: cucumber-core-test-report.json
2020-01-27 12:10:57 Messager [INFO] INFO: '**************** Test execution summary ****************'.
2020-01-27 12:10:57 Messager [INFO] RESULT #1: TEST [Default test - feature] FAIL [log=file://D:\Testng\Atlas_Demo\.\reports\qa\1580107251389/86286150-c320-49ce-ba75-aa252947aded/test.log]
2020-01-27 12:13:47 CarinaListener [INFO] 
============= Test configuration =============
url={must_override}
env=DEMO
env_arg_resolver=com.qaprosoft.carina.core.foundation.utils.DefaultEnvArgResolver
platform=*
browser=
browser_version=
browser_language=
selenium_host=https://qkm1.qualitykiosk.com/appiumcloud/wd/hub
driver_event_listeners=com.qaprosoft.carina.demo.utils.PerfEventHandler
max_driver_count=3
custom_capabilities=
chrome_args=
chrome_experimental_opts=
chrome_mobile_emulation_opts=
firefox_args=
firefox_preferences=
app_version=
proxy_host=
proxy_port=
proxy_protocols=http,https,ftp
browsermob_proxy=false
browsermob_host=
browsermob_port=0
browsermob_ports_range=
browsermob_disabled_mitm=false
proxy_set_to_system=false
report_url=
email_list=
failure_email_list=
track_known_issues=false
auto_screenshot=true
implicit_timeout=10
explicit_timeout=20
auto_download=false
auto_download_apps=
custom_artifacts_folder=
retry_interval=5
project_report_directory=./reports/qa
max_screen_history=10
max_log_file_size=150
result_sorting=true
big_screen_width=-1
big_screen_height=-1
small_screen_width=90
small_screen_height=60
init_retry_count=0
init_retry_interval=1
retry_count=0
enable_l10n=true
l10n_encoding=ISO-8859-1
locale=en_US
enable_i18n=true
language=en_US
thread_count=1
data_provider_thread_count=-1
core_log_level=INFO
core_log_packages=com.qaprosoft.carina.core
artifacts_expiration_seconds=2592000
log_all_json=true
date_format=HH:mm:ss yyyy-MM-dd
time_format=HH:mm:ss
suite_name=
jira_updater=com.qaprosoft.carina.core.foundation.jira.DefaultJiraUpdater
jira_url=
jira_user=
jira_password=
jira_suite_id=
jira_project=
jira_project_short=
jira_create_new_ticket=false
test_naming_pattern={method_name}
optimize_video_recording=false
testrail_run_name=
testrail_milestone=
testrail_assignee=
qtest_cycle_name=DailyAutomation
qtest_suite_name=
s3_bucket_name=
access_key_id=
secret_key=
s3_use_presign_url=false
s3_local_storage=.
appcenter_token=
appcenter_local_storage=.
add_new_localization=false
add_new_localization_encoding=utf-8
add_new_localization_path=
add_new_localization_property_name=new_custom_messages_
tls_keysecure_location=
health_check_class=
health_check_methods=
uninstall_related_apps=false
default_device_timezone=GMT
default_device_time_format=24
default_device_language=en_US
android_screen_record_size=
android_screen_record_bitrate=
android_enable_bug_report=true
ios_screen_record_quality=MEDIUM
ios_screen_record_codec=libx264
ios_screen_record_fps=10
screen_record_duration=180
video_scale=-2:720
ignore_ssl=false
test_run_rules=
hub_mode=selenium
extract_sys_log=false
selenium_host=https://qkm1.qualitykiosk.com/appiumcloud/wd/hub

------------- Driver capabilities -----------
capabilities.appPackage=fc.admin.fcexpressadmin
capabilities.platformVersion=9
capabilities.appActivity=fc.admin.fcexpressadmin.HomeActivity
capabilities.automationName=uiautomator
capabilities.platformName=ANDROID
================================================

2020-01-27 12:13:48 CarinaListener [INFO] Set data_provider_thread_count=1
2020-01-27 12:13:48 CarinaListener [INFO] CARINA_CORE_VERSION: 6.3.30
2020-01-27 12:13:49 Messager [INFO]  TEST [Default test - feature] STARTED at [12:13:49 2020-01-27]
2020-01-27 12:13:49 M1CloudActivities [INFO] DeviceName: Samsung_Galaxy_Note_8.properties
2020-01-27 12:13:51 IDriverPool [ERROR] Driver initialization 'DEFAULT' FAILED! Retry 1 of 1 time - javax.net.ssl.SSLHandshakeException: sun.security.validator.ValidatorException: PKIX path building failed: sun.security.provider.certpath.SunCertPathBuilderException: unable to find valid certification path to requested target
Build info: version: '3.141.59', revision: 'e82be7d358', time: '2018-11-14T08:17:03'
System info: host: 'QKNBK299', ip: '10.0.6.172', os.name: 'Windows 7', os.arch: 'amd64', os.version: '6.1', java.version: '1.8.0_45'
Driver info: driver.version: AndroidDriver
org.openqa.selenium.WebDriverException: javax.net.ssl.SSLHandshakeException: sun.security.validator.ValidatorException: PKIX path building failed: sun.security.provider.certpath.SunCertPathBuilderException: unable to find valid certification path to requested target
Build info: version: '3.141.59', revision: 'e82be7d358', time: '2018-11-14T08:17:03'
System info: host: 'QKNBK299', ip: '10.0.6.172', os.name: 'Windows 7', os.arch: 'amd64', os.version: '6.1', java.version: '1.8.0_45'
Driver info: driver.version: AndroidDriver
	at com.qaprosoft.carina.core.foundation.webdriver.listener.EventFiringAppiumCommandExecutor.execute(EventFiringAppiumCommandExecutor.java:169)
	at org.openqa.selenium.remote.RemoteWebDriver.execute(RemoteWebDriver.java:552)
	at io.appium.java_client.DefaultGenericMobileDriver.execute(DefaultGenericMobileDriver.java:41)
	at io.appium.java_client.AppiumDriver.execute(AppiumDriver.java:1)
	at io.appium.java_client.android.AndroidDriver.execute(AndroidDriver.java:1)
	at org.openqa.selenium.remote.RemoteWebDriver.startSession(RemoteWebDriver.java:213)
	at io.appium.java_client.AppiumDriver.startSession(AppiumDriver.java:323)
	at org.openqa.selenium.remote.RemoteWebDriver.<init>(RemoteWebDriver.java:131)
	at io.appium.java_client.DefaultGenericMobileDriver.<init>(DefaultGenericMobileDriver.java:37)
	at io.appium.java_client.AppiumDriver.<init>(AppiumDriver.java:86)
	at io.appium.java_client.android.AndroidDriver.<init>(AndroidDriver.java:84)
	at com.qaprosoft.carina.core.foundation.webdriver.core.factory.impl.MobileFactory.create(MobileFactory.java:167)
	at com.qaprosoft.carina.core.foundation.webdriver.core.factory.DriverFactory.create(DriverFactory.java:71)
	at com.qaprosoft.carina.core.foundation.webdriver.IDriverPool.createDriver(IDriverPool.java:353)
	at com.qaprosoft.carina.core.foundation.webdriver.IDriverPool.getDriver(IDriverPool.java:143)
	at com.qaprosoft.carina.demo.cucumber.steps.FirstCry_Step_Def.LoginPage(FirstCry_Step_Def.java:35)
	at sun.reflect.NativeMethodAccessorImpl.invoke0(Native Method)
	at sun.reflect.NativeMethodAccessorImpl.invoke(Unknown Source)
	at sun.reflect.DelegatingMethodAccessorImpl.invoke(Unknown Source)
	at java.lang.reflect.Method.invoke(Unknown Source)
	at cucumber.runtime.Utils$1.call(Utils.java:40)
	at cucumber.runtime.Timeout.timeout(Timeout.java:16)
	at cucumber.runtime.Utils.invoke(Utils.java:34)
	at cucumber.runtime.java.JavaStepDefinition.execute(JavaStepDefinition.java:38)
	at cucumber.runtime.StepDefinitionMatch.runStep(StepDefinitionMatch.java:37)
	at cucumber.runtime.Runtime.runStep(Runtime.java:300)
	at cucumber.runtime.model.StepContainer.runStep(StepContainer.java:44)
	at cucumber.runtime.model.StepContainer.runSteps(StepContainer.java:39)
	at cucumber.runtime.model.CucumberScenario.run(CucumberScenario.java:44)
	at cucumber.runtime.model.CucumberFeature.run(CucumberFeature.java:165)
	at cucumber.api.testng.TestNGCucumberRunner.runCucumber(TestNGCucumberRunner.java:63)
	at com.qaprosoft.carina.core.foundation.cucumber.CucumberRunner.feature(CucumberRunner.java:56)
	at sun.reflect.NativeMethodAccessorImpl.invoke0(Native Method)
	at sun.reflect.NativeMethodAccessorImpl.invoke(Unknown Source)
	at sun.reflect.DelegatingMethodAccessorImpl.invoke(Unknown Source)
	at java.lang.reflect.Method.invoke(Unknown Source)
	at org.testng.internal.MethodInvocationHelper.invokeMethod(MethodInvocationHelper.java:124)
	at org.testng.internal.Invoker.invokeMethod(Invoker.java:583)
	at org.testng.internal.Invoker.invokeTestMethod(Invoker.java:719)
	at org.testng.internal.Invoker.invokeTestMethods(Invoker.java:989)
	at org.testng.internal.TestMethodWorker.invokeTestMethods(TestMethodWorker.java:125)
	at org.testng.internal.TestMethodWorker.run(TestMethodWorker.java:109)
	at org.testng.TestRunner.privateRun(TestRunner.java:648)
	at org.testng.TestRunner.run(TestRunner.java:505)
	at org.testng.SuiteRunner.runTest(SuiteRunner.java:455)
	at org.testng.SuiteRunner.runSequentially(SuiteRunner.java:450)
	at org.testng.SuiteRunner.privateRun(SuiteRunner.java:415)
	at org.testng.SuiteRunner.run(SuiteRunner.java:364)
	at org.testng.SuiteRunnerWorker.runSuite(SuiteRunnerWorker.java:52)
	at org.testng.SuiteRunnerWorker.run(SuiteRunnerWorker.java:84)
	at org.testng.TestNG.runSuitesSequentially(TestNG.java:1208)
	at org.testng.TestNG.runSuitesLocally(TestNG.java:1137)
	at org.testng.TestNG.runSuites(TestNG.java:1049)
	at org.testng.TestNG.run(TestNG.java:1017)
	at org.testng.remote.AbstractRemoteTestNG.run(AbstractRemoteTestNG.java:115)
	at org.testng.remote.RemoteTestNG.initAndRun(RemoteTestNG.java:251)
	at org.testng.remote.RemoteTestNG.main(RemoteTestNG.java:77)
Caused by: javax.net.ssl.SSLHandshakeException: sun.security.validator.ValidatorException: PKIX path building failed: sun.security.provider.certpath.SunCertPathBuilderException: unable to find valid certification path to requested target
	at sun.security.ssl.Alerts.getSSLException(Unknown Source)
	at sun.security.ssl.SSLSocketImpl.fatal(Unknown Source)
	at sun.security.ssl.Handshaker.fatalSE(Unknown Source)
	at sun.security.ssl.Handshaker.fatalSE(Unknown Source)
	at sun.security.ssl.ClientHandshaker.serverCertificate(Unknown Source)
	at sun.security.ssl.ClientHandshaker.processMessage(Unknown Source)
	at sun.security.ssl.Handshaker.processLoop(Unknown Source)
	at sun.security.ssl.Handshaker.process_record(Unknown Source)
	at sun.security.ssl.SSLSocketImpl.readRecord(Unknown Source)
	at sun.security.ssl.SSLSocketImpl.performInitialHandshake(Unknown Source)
	at sun.security.ssl.SSLSocketImpl.startHandshake(Unknown Source)
	at sun.security.ssl.SSLSocketImpl.startHandshake(Unknown Source)
	at okhttp3.internal.connection.RealConnection.connectTls(RealConnection.java:318)
	at okhttp3.internal.connection.RealConnection.establishProtocol(RealConnection.java:282)
	at okhttp3.internal.connection.RealConnection.connect(RealConnection.java:167)
	at okhttp3.internal.connection.StreamAllocation.findConnection(StreamAllocation.java:257)
	at okhttp3.internal.connection.StreamAllocation.findHealthyConnection(StreamAllocation.java:135)
	at okhttp3.internal.connection.StreamAllocation.newStream(StreamAllocation.java:114)
	at okhttp3.internal.connection.ConnectInterceptor.intercept(ConnectInterceptor.java:42)
	at okhttp3.internal.http.RealInterceptorChain.proceed(RealInterceptorChain.java:147)
	at okhttp3.internal.http.RealInterceptorChain.proceed(RealInterceptorChain.java:121)
	at okhttp3.internal.cache.CacheInterceptor.intercept(CacheInterceptor.java:93)
	at okhttp3.internal.http.RealInterceptorChain.proceed(RealInterceptorChain.java:147)
	at okhttp3.internal.http.RealInterceptorChain.proceed(RealInterceptorChain.java:121)
	at okhttp3.internal.http.BridgeInterceptor.intercept(BridgeInterceptor.java:93)
	at okhttp3.internal.http.RealInterceptorChain.proceed(RealInterceptorChain.java:147)
	at okhttp3.internal.http.RetryAndFollowUpInterceptor.intercept(RetryAndFollowUpInterceptor.java:126)
	at okhttp3.internal.http.RealInterceptorChain.proceed(RealInterceptorChain.java:147)
	at okhttp3.internal.http.RealInterceptorChain.proceed(RealInterceptorChain.java:121)
	at okhttp3.RealCall.getResponseWithInterceptorChain(RealCall.java:200)
	at okhttp3.RealCall.execute(RealCall.java:77)
	at org.openqa.selenium.remote.internal.OkHttpClient.execute(OkHttpClient.java:103)
	at org.openqa.selenium.remote.ProtocolHandshake.createSession(ProtocolHandshake.java:105)
	at org.openqa.selenium.remote.ProtocolHandshake.createSession(ProtocolHandshake.java:74)
	at org.openqa.selenium.remote.HttpCommandExecutor.execute(HttpCommandExecutor.java:136)
	at com.qaprosoft.carina.core.foundation.webdriver.listener.EventFiringAppiumCommandExecutor.execute(EventFiringAppiumCommandExecutor.java:150)
	... 56 more
Caused by: sun.security.validator.ValidatorException: PKIX path building failed: sun.security.provider.certpath.SunCertPathBuilderException: unable to find valid certification path to requested target
	at sun.security.validator.PKIXValidator.doBuild(Unknown Source)
	at sun.security.validator.PKIXValidator.engineValidate(Unknown Source)
	at sun.security.validator.Validator.validate(Unknown Source)
	at sun.security.ssl.X509TrustManagerImpl.validate(Unknown Source)
	at sun.security.ssl.X509TrustManagerImpl.checkTrusted(Unknown Source)
	at sun.security.ssl.X509TrustManagerImpl.checkServerTrusted(Unknown Source)
	... 88 more
Caused by: sun.security.provider.certpath.SunCertPathBuilderException: unable to find valid certification path to requested target
	at sun.security.provider.certpath.SunCertPathBuilder.build(Unknown Source)
	at sun.security.provider.certpath.SunCertPathBuilder.engineBuild(Unknown Source)
	at java.security.cert.CertPathBuilder.build(Unknown Source)
	... 94 more
2020-01-27 12:13:52 Messager [ERROR]  TEST [Default test - feature] FAILED at [12:13:52 2020-01-27] - org.openqa.selenium.WebDriverException: javax.net.ssl.SSLHandshakeException: sun.security.validator.ValidatorException: PKIX path building failed: sun.security.provider.certpath.SunCertPathBuilderException: unable to find valid certification path to requested target
Build info: version: '3.141.59', revision: 'e82be7d358', time: '2018-11-14T08:17:03'
System info: host: 'QKNBK299', ip: '10.0.6.172', os.name: 'Windows 7', os.arch: 'amd64', os.version: '6.1', java.version: '1.8.0_45'
Driver info: driver.version: AndroidDriver

cucumber.api.testng.TestNGCucumberRunner.runCucumber(TestNGCucumberRunner.java:69)
com.qaprosoft.carina.core.foundation.cucumber.CucumberRunner.feature(CucumberRunner.java:56)
sun.reflect.NativeMethodAccessorImpl.invoke0(Native Method)
sun.reflect.NativeMethodAccessorImpl.invoke(Unknown Source)
sun.reflect.DelegatingMethodAccessorImpl.invoke(Unknown Source)
java.lang.reflect.Method.invoke(Unknown Source)
org.testng.internal.MethodInvocationHelper.invokeMethod(MethodInvocationHelper.java:124)
org.testng.internal.Invoker.invokeMethod(Invoker.java:583)
org.testng.internal.Invoker.invokeTestMethod(Invoker.java:719)
org.testng.internal.Invoker.invokeTestMethods(Invoker.java:989)
org.testng.internal.TestMethodWorker.invokeTestMethods(TestMethodWorker.java:125)
org.testng.internal.TestMethodWorker.run(TestMethodWorker.java:109)
org.testng.TestRunner.privateRun(TestRunner.java:648)
org.testng.TestRunner.run(TestRunner.java:505)
org.testng.SuiteRunner.runTest(SuiteRunner.java:455)
org.testng.SuiteRunner.runSequentially(SuiteRunner.java:450)
org.testng.SuiteRunner.privateRun(SuiteRunner.java:415)
org.testng.SuiteRunner.run(SuiteRunner.java:364)
org.testng.SuiteRunnerWorker.runSuite(SuiteRunnerWorker.java:52)
org.testng.SuiteRunnerWorker.run(SuiteRunnerWorker.java:84)
org.testng.TestNG.runSuitesSequentially(TestNG.java:1208)
org.testng.TestNG.runSuitesLocally(TestNG.java:1137)
org.testng.TestNG.runSuites(TestNG.java:1049)
org.testng.TestNG.run(TestNG.java:1017)
org.testng.remote.AbstractRemoteTestNG.run(AbstractRemoteTestNG.java:115)
org.testng.remote.RemoteTestNG.initAndRun(RemoteTestNG.java:251)
org.testng.remote.RemoteTestNG.main(RemoteTestNG.java:77)
2020-01-27 12:13:52 CucumberRunner [INFO] In  @AfterClass tearDownClass
2020-01-27 12:13:52 CucumberRunner [INFO] Report json: CreateUserAPI-test-report.json
2020-01-27 12:13:52 CucumberRunner [INFO] Report json: cucumber-core-test-report.json
2020-01-27 12:13:54 Messager [INFO] INFO: '**************** Test execution summary ****************'.
2020-01-27 12:13:54 Messager [INFO] RESULT #1: TEST [Default test - feature] FAIL [log=file://D:\Testng\Atlas_Demo\.\reports\qa\1580107427929/326b4b65-034d-4fec-b3cc-f9d28843135b/test.log]
2020-01-27 12:21:57 CarinaListener [INFO] 
============= Test configuration =============
url={must_override}
env=DEMO
env_arg_resolver=com.qaprosoft.carina.core.foundation.utils.DefaultEnvArgResolver
platform=*
browser=
browser_version=
browser_language=
selenium_host=https://qkm1.qualitykiosk.com/appiumcloud/wd/hub
driver_event_listeners=com.qaprosoft.carina.demo.utils.PerfEventHandler
max_driver_count=3
custom_capabilities=
chrome_args=
chrome_experimental_opts=
chrome_mobile_emulation_opts=
firefox_args=
firefox_preferences=
app_version=
proxy_host=
proxy_port=
proxy_protocols=http,https,ftp
browsermob_proxy=false
browsermob_host=
browsermob_port=0
browsermob_ports_range=
browsermob_disabled_mitm=false
proxy_set_to_system=false
report_url=
email_list=
failure_email_list=
track_known_issues=false
auto_screenshot=true
implicit_timeout=10
explicit_timeout=20
auto_download=false
auto_download_apps=
custom_artifacts_folder=
retry_interval=5
project_report_directory=./reports/qa
max_screen_history=10
max_log_file_size=150
result_sorting=true
big_screen_width=-1
big_screen_height=-1
small_screen_width=90
small_screen_height=60
init_retry_count=0
init_retry_interval=1
retry_count=0
enable_l10n=true
l10n_encoding=ISO-8859-1
locale=en_US
enable_i18n=true
language=en_US
thread_count=1
data_provider_thread_count=-1
core_log_level=INFO
core_log_packages=com.qaprosoft.carina.core
artifacts_expiration_seconds=2592000
log_all_json=true
date_format=HH:mm:ss yyyy-MM-dd
time_format=HH:mm:ss
suite_name=
jira_updater=com.qaprosoft.carina.core.foundation.jira.DefaultJiraUpdater
jira_url=
jira_user=
jira_password=
jira_suite_id=
jira_project=
jira_project_short=
jira_create_new_ticket=false
test_naming_pattern={method_name}
optimize_video_recording=false
testrail_run_name=
testrail_milestone=
testrail_assignee=
qtest_cycle_name=DailyAutomation
qtest_suite_name=
s3_bucket_name=
access_key_id=
secret_key=
s3_use_presign_url=false
s3_local_storage=.
appcenter_token=
appcenter_local_storage=.
add_new_localization=false
add_new_localization_encoding=utf-8
add_new_localization_path=
add_new_localization_property_name=new_custom_messages_
tls_keysecure_location=
health_check_class=
health_check_methods=
uninstall_related_apps=false
default_device_timezone=GMT
default_device_time_format=24
default_device_language=en_US
android_screen_record_size=
android_screen_record_bitrate=
android_enable_bug_report=true
ios_screen_record_quality=MEDIUM
ios_screen_record_codec=libx264
ios_screen_record_fps=10
screen_record_duration=180
video_scale=-2:720
ignore_ssl=false
test_run_rules=
hub_mode=selenium
extract_sys_log=false
selenium_host=https://qkm1.qualitykiosk.com/appiumcloud/wd/hub

------------- Driver capabilities -----------
capabilities.appPackage=fc.admin.fcexpressadmin
capabilities.platformVersion=9
capabilities.appActivity=fc.admin.fcexpressadmin.HomeActivity
capabilities.automationName=uiautomator
capabilities.platformName=ANDROID
================================================

2020-01-27 12:21:57 CarinaListener [INFO] Set data_provider_thread_count=1
2020-01-27 12:21:57 CarinaListener [INFO] CARINA_CORE_VERSION: 6.3.30
2020-01-27 12:21:58 Messager [INFO]  TEST [Default test - feature] STARTED at [12:21:58 2020-01-27]
2020-01-27 12:21:59 M1CloudActivities [INFO] DeviceName: Samsung_Galaxy_Note_8.properties
2020-01-27 12:22:01 IDriverPool [ERROR] Driver initialization 'DEFAULT' FAILED! Retry 1 of 1 time - javax.net.ssl.SSLHandshakeException: sun.security.validator.ValidatorException: PKIX path building failed: sun.security.provider.certpath.SunCertPathBuilderException: unable to find valid certification path to requested target
Build info: version: '3.141.59', revision: 'e82be7d358', time: '2018-11-14T08:17:03'
System info: host: 'QKNBK299', ip: '10.0.6.172', os.name: 'Windows 7', os.arch: 'amd64', os.version: '6.1', java.version: '1.8.0_45'
Driver info: driver.version: AndroidDriver
org.openqa.selenium.WebDriverException: javax.net.ssl.SSLHandshakeException: sun.security.validator.ValidatorException: PKIX path building failed: sun.security.provider.certpath.SunCertPathBuilderException: unable to find valid certification path to requested target
Build info: version: '3.141.59', revision: 'e82be7d358', time: '2018-11-14T08:17:03'
System info: host: 'QKNBK299', ip: '10.0.6.172', os.name: 'Windows 7', os.arch: 'amd64', os.version: '6.1', java.version: '1.8.0_45'
Driver info: driver.version: AndroidDriver
	at com.qaprosoft.carina.core.foundation.webdriver.listener.EventFiringAppiumCommandExecutor.execute(EventFiringAppiumCommandExecutor.java:169)
	at org.openqa.selenium.remote.RemoteWebDriver.execute(RemoteWebDriver.java:552)
	at io.appium.java_client.DefaultGenericMobileDriver.execute(DefaultGenericMobileDriver.java:41)
	at io.appium.java_client.AppiumDriver.execute(AppiumDriver.java:1)
	at io.appium.java_client.android.AndroidDriver.execute(AndroidDriver.java:1)
	at org.openqa.selenium.remote.RemoteWebDriver.startSession(RemoteWebDriver.java:213)
	at io.appium.java_client.AppiumDriver.startSession(AppiumDriver.java:323)
	at org.openqa.selenium.remote.RemoteWebDriver.<init>(RemoteWebDriver.java:131)
	at io.appium.java_client.DefaultGenericMobileDriver.<init>(DefaultGenericMobileDriver.java:37)
	at io.appium.java_client.AppiumDriver.<init>(AppiumDriver.java:86)
	at io.appium.java_client.android.AndroidDriver.<init>(AndroidDriver.java:84)
	at com.qaprosoft.carina.core.foundation.webdriver.core.factory.impl.MobileFactory.create(MobileFactory.java:167)
	at com.qaprosoft.carina.core.foundation.webdriver.core.factory.DriverFactory.create(DriverFactory.java:71)
	at com.qaprosoft.carina.core.foundation.webdriver.IDriverPool.createDriver(IDriverPool.java:353)
	at com.qaprosoft.carina.core.foundation.webdriver.IDriverPool.getDriver(IDriverPool.java:143)
	at com.qaprosoft.carina.demo.cucumber.steps.FirstCry_Step_Def.LoginPage(FirstCry_Step_Def.java:35)
	at sun.reflect.NativeMethodAccessorImpl.invoke0(Native Method)
	at sun.reflect.NativeMethodAccessorImpl.invoke(Unknown Source)
	at sun.reflect.DelegatingMethodAccessorImpl.invoke(Unknown Source)
	at java.lang.reflect.Method.invoke(Unknown Source)
	at cucumber.runtime.Utils$1.call(Utils.java:40)
	at cucumber.runtime.Timeout.timeout(Timeout.java:16)
	at cucumber.runtime.Utils.invoke(Utils.java:34)
	at cucumber.runtime.java.JavaStepDefinition.execute(JavaStepDefinition.java:38)
	at cucumber.runtime.StepDefinitionMatch.runStep(StepDefinitionMatch.java:37)
	at cucumber.runtime.Runtime.runStep(Runtime.java:300)
	at cucumber.runtime.model.StepContainer.runStep(StepContainer.java:44)
	at cucumber.runtime.model.StepContainer.runSteps(StepContainer.java:39)
	at cucumber.runtime.model.CucumberScenario.run(CucumberScenario.java:44)
	at cucumber.runtime.model.CucumberFeature.run(CucumberFeature.java:165)
	at cucumber.api.testng.TestNGCucumberRunner.runCucumber(TestNGCucumberRunner.java:63)
	at com.qaprosoft.carina.core.foundation.cucumber.CucumberRunner.feature(CucumberRunner.java:56)
	at sun.reflect.NativeMethodAccessorImpl.invoke0(Native Method)
	at sun.reflect.NativeMethodAccessorImpl.invoke(Unknown Source)
	at sun.reflect.DelegatingMethodAccessorImpl.invoke(Unknown Source)
	at java.lang.reflect.Method.invoke(Unknown Source)
	at org.testng.internal.MethodInvocationHelper.invokeMethod(MethodInvocationHelper.java:124)
	at org.testng.internal.Invoker.invokeMethod(Invoker.java:583)
	at org.testng.internal.Invoker.invokeTestMethod(Invoker.java:719)
	at org.testng.internal.Invoker.invokeTestMethods(Invoker.java:989)
	at org.testng.internal.TestMethodWorker.invokeTestMethods(TestMethodWorker.java:125)
	at org.testng.internal.TestMethodWorker.run(TestMethodWorker.java:109)
	at org.testng.TestRunner.privateRun(TestRunner.java:648)
	at org.testng.TestRunner.run(TestRunner.java:505)
	at org.testng.SuiteRunner.runTest(SuiteRunner.java:455)
	at org.testng.SuiteRunner.runSequentially(SuiteRunner.java:450)
	at org.testng.SuiteRunner.privateRun(SuiteRunner.java:415)
	at org.testng.SuiteRunner.run(SuiteRunner.java:364)
	at org.testng.SuiteRunnerWorker.runSuite(SuiteRunnerWorker.java:52)
	at org.testng.SuiteRunnerWorker.run(SuiteRunnerWorker.java:84)
	at org.testng.TestNG.runSuitesSequentially(TestNG.java:1208)
	at org.testng.TestNG.runSuitesLocally(TestNG.java:1137)
	at org.testng.TestNG.runSuites(TestNG.java:1049)
	at org.testng.TestNG.run(TestNG.java:1017)
	at org.testng.remote.AbstractRemoteTestNG.run(AbstractRemoteTestNG.java:115)
	at org.testng.remote.RemoteTestNG.initAndRun(RemoteTestNG.java:251)
	at org.testng.remote.RemoteTestNG.main(RemoteTestNG.java:77)
Caused by: javax.net.ssl.SSLHandshakeException: sun.security.validator.ValidatorException: PKIX path building failed: sun.security.provider.certpath.SunCertPathBuilderException: unable to find valid certification path to requested target
	at sun.security.ssl.Alerts.getSSLException(Unknown Source)
	at sun.security.ssl.SSLSocketImpl.fatal(Unknown Source)
	at sun.security.ssl.Handshaker.fatalSE(Unknown Source)
	at sun.security.ssl.Handshaker.fatalSE(Unknown Source)
	at sun.security.ssl.ClientHandshaker.serverCertificate(Unknown Source)
	at sun.security.ssl.ClientHandshaker.processMessage(Unknown Source)
	at sun.security.ssl.Handshaker.processLoop(Unknown Source)
	at sun.security.ssl.Handshaker.process_record(Unknown Source)
	at sun.security.ssl.SSLSocketImpl.readRecord(Unknown Source)
	at sun.security.ssl.SSLSocketImpl.performInitialHandshake(Unknown Source)
	at sun.security.ssl.SSLSocketImpl.startHandshake(Unknown Source)
	at sun.security.ssl.SSLSocketImpl.startHandshake(Unknown Source)
	at okhttp3.internal.connection.RealConnection.connectTls(RealConnection.java:318)
	at okhttp3.internal.connection.RealConnection.establishProtocol(RealConnection.java:282)
	at okhttp3.internal.connection.RealConnection.connect(RealConnection.java:167)
	at okhttp3.internal.connection.StreamAllocation.findConnection(StreamAllocation.java:257)
	at okhttp3.internal.connection.StreamAllocation.findHealthyConnection(StreamAllocation.java:135)
	at okhttp3.internal.connection.StreamAllocation.newStream(StreamAllocation.java:114)
	at okhttp3.internal.connection.ConnectInterceptor.intercept(ConnectInterceptor.java:42)
	at okhttp3.internal.http.RealInterceptorChain.proceed(RealInterceptorChain.java:147)
	at okhttp3.internal.http.RealInterceptorChain.proceed(RealInterceptorChain.java:121)
	at okhttp3.internal.cache.CacheInterceptor.intercept(CacheInterceptor.java:93)
	at okhttp3.internal.http.RealInterceptorChain.proceed(RealInterceptorChain.java:147)
	at okhttp3.internal.http.RealInterceptorChain.proceed(RealInterceptorChain.java:121)
	at okhttp3.internal.http.BridgeInterceptor.intercept(BridgeInterceptor.java:93)
	at okhttp3.internal.http.RealInterceptorChain.proceed(RealInterceptorChain.java:147)
	at okhttp3.internal.http.RetryAndFollowUpInterceptor.intercept(RetryAndFollowUpInterceptor.java:126)
	at okhttp3.internal.http.RealInterceptorChain.proceed(RealInterceptorChain.java:147)
	at okhttp3.internal.http.RealInterceptorChain.proceed(RealInterceptorChain.java:121)
	at okhttp3.RealCall.getResponseWithInterceptorChain(RealCall.java:200)
	at okhttp3.RealCall.execute(RealCall.java:77)
	at org.openqa.selenium.remote.internal.OkHttpClient.execute(OkHttpClient.java:103)
	at org.openqa.selenium.remote.ProtocolHandshake.createSession(ProtocolHandshake.java:105)
	at org.openqa.selenium.remote.ProtocolHandshake.createSession(ProtocolHandshake.java:74)
	at org.openqa.selenium.remote.HttpCommandExecutor.execute(HttpCommandExecutor.java:136)
	at com.qaprosoft.carina.core.foundation.webdriver.listener.EventFiringAppiumCommandExecutor.execute(EventFiringAppiumCommandExecutor.java:150)
	... 56 more
Caused by: sun.security.validator.ValidatorException: PKIX path building failed: sun.security.provider.certpath.SunCertPathBuilderException: unable to find valid certification path to requested target
	at sun.security.validator.PKIXValidator.doBuild(Unknown Source)
	at sun.security.validator.PKIXValidator.engineValidate(Unknown Source)
	at sun.security.validator.Validator.validate(Unknown Source)
	at sun.security.ssl.X509TrustManagerImpl.validate(Unknown Source)
	at sun.security.ssl.X509TrustManagerImpl.checkTrusted(Unknown Source)
	at sun.security.ssl.X509TrustManagerImpl.checkServerTrusted(Unknown Source)
	... 88 more
Caused by: sun.security.provider.certpath.SunCertPathBuilderException: unable to find valid certification path to requested target
	at sun.security.provider.certpath.SunCertPathBuilder.build(Unknown Source)
	at sun.security.provider.certpath.SunCertPathBuilder.engineBuild(Unknown Source)
	at java.security.cert.CertPathBuilder.build(Unknown Source)
	... 94 more
2020-01-27 12:22:01 Messager [ERROR]  TEST [Default test - feature] FAILED at [12:22:01 2020-01-27] - org.openqa.selenium.WebDriverException: javax.net.ssl.SSLHandshakeException: sun.security.validator.ValidatorException: PKIX path building failed: sun.security.provider.certpath.SunCertPathBuilderException: unable to find valid certification path to requested target
Build info: version: '3.141.59', revision: 'e82be7d358', time: '2018-11-14T08:17:03'
System info: host: 'QKNBK299', ip: '10.0.6.172', os.name: 'Windows 7', os.arch: 'amd64', os.version: '6.1', java.version: '1.8.0_45'
Driver info: driver.version: AndroidDriver

cucumber.api.testng.TestNGCucumberRunner.runCucumber(TestNGCucumberRunner.java:69)
com.qaprosoft.carina.core.foundation.cucumber.CucumberRunner.feature(CucumberRunner.java:56)
sun.reflect.NativeMethodAccessorImpl.invoke0(Native Method)
sun.reflect.NativeMethodAccessorImpl.invoke(Unknown Source)
sun.reflect.DelegatingMethodAccessorImpl.invoke(Unknown Source)
java.lang.reflect.Method.invoke(Unknown Source)
org.testng.internal.MethodInvocationHelper.invokeMethod(MethodInvocationHelper.java:124)
org.testng.internal.Invoker.invokeMethod(Invoker.java:583)
org.testng.internal.Invoker.invokeTestMethod(Invoker.java:719)
org.testng.internal.Invoker.invokeTestMethods(Invoker.java:989)
org.testng.internal.TestMethodWorker.invokeTestMethods(TestMethodWorker.java:125)
org.testng.internal.TestMethodWorker.run(TestMethodWorker.java:109)
org.testng.TestRunner.privateRun(TestRunner.java:648)
org.testng.TestRunner.run(TestRunner.java:505)
org.testng.SuiteRunner.runTest(SuiteRunner.java:455)
org.testng.SuiteRunner.runSequentially(SuiteRunner.java:450)
org.testng.SuiteRunner.privateRun(SuiteRunner.java:415)
org.testng.SuiteRunner.run(SuiteRunner.java:364)
org.testng.SuiteRunnerWorker.runSuite(SuiteRunnerWorker.java:52)
org.testng.SuiteRunnerWorker.run(SuiteRunnerWorker.java:84)
org.testng.TestNG.runSuitesSequentially(TestNG.java:1208)
org.testng.TestNG.runSuitesLocally(TestNG.java:1137)
org.testng.TestNG.runSuites(TestNG.java:1049)
org.testng.TestNG.run(TestNG.java:1017)
org.testng.remote.AbstractRemoteTestNG.run(AbstractRemoteTestNG.java:115)
org.testng.remote.RemoteTestNG.initAndRun(RemoteTestNG.java:251)
org.testng.remote.RemoteTestNG.main(RemoteTestNG.java:77)
2020-01-27 12:22:01 CucumberRunner [INFO] In  @AfterClass tearDownClass
2020-01-27 12:22:01 CucumberRunner [INFO] Report json: CreateUserAPI-test-report.json
2020-01-27 12:22:01 CucumberRunner [INFO] Report json: cucumber-core-test-report.json
2020-01-27 12:22:03 Messager [INFO] INFO: '**************** Test execution summary ****************'.
2020-01-27 12:22:03 Messager [INFO] RESULT #1: TEST [Default test - feature] FAIL [log=file://D:\Testng\Atlas_Demo\.\reports\qa\1580107917460/b086d084-e563-49f1-a3b6-2e05123ffd29/test.log]
2020-01-27 12:48:11 CarinaListener [INFO] 
============= Test configuration =============
url={must_override}
env=DEMO
env_arg_resolver=com.qaprosoft.carina.core.foundation.utils.DefaultEnvArgResolver
platform=*
browser=
browser_version=
browser_language=
selenium_host=https://qkm1.qualitykiosk.com/appiumcloud/wd/hub
driver_event_listeners=com.qaprosoft.carina.demo.utils.PerfEventHandler
max_driver_count=3
custom_capabilities=
chrome_args=
chrome_experimental_opts=
chrome_mobile_emulation_opts=
firefox_args=
firefox_preferences=
app_version=
proxy_host=
proxy_port=
proxy_protocols=http,https,ftp
browsermob_proxy=false
browsermob_host=
browsermob_port=0
browsermob_ports_range=
browsermob_disabled_mitm=false
proxy_set_to_system=false
report_url=
email_list=
failure_email_list=
track_known_issues=false
auto_screenshot=true
implicit_timeout=10
explicit_timeout=20
auto_download=false
auto_download_apps=
custom_artifacts_folder=
retry_interval=5
project_report_directory=./reports/qa
max_screen_history=10
max_log_file_size=150
result_sorting=true
big_screen_width=-1
big_screen_height=-1
small_screen_width=90
small_screen_height=60
init_retry_count=0
init_retry_interval=1
retry_count=0
enable_l10n=true
l10n_encoding=ISO-8859-1
locale=en_US
enable_i18n=true
language=en_US
thread_count=1
data_provider_thread_count=-1
core_log_level=INFO
core_log_packages=com.qaprosoft.carina.core
artifacts_expiration_seconds=2592000
log_all_json=true
date_format=HH:mm:ss yyyy-MM-dd
time_format=HH:mm:ss
suite_name=
jira_updater=com.qaprosoft.carina.core.foundation.jira.DefaultJiraUpdater
jira_url=
jira_user=
jira_password=
jira_suite_id=
jira_project=
jira_project_short=
jira_create_new_ticket=false
test_naming_pattern={method_name}
optimize_video_recording=false
testrail_run_name=
testrail_milestone=
testrail_assignee=
qtest_cycle_name=DailyAutomation
qtest_suite_name=
s3_bucket_name=
access_key_id=
secret_key=
s3_use_presign_url=false
s3_local_storage=.
appcenter_token=
appcenter_local_storage=.
add_new_localization=false
add_new_localization_encoding=utf-8
add_new_localization_path=
add_new_localization_property_name=new_custom_messages_
tls_keysecure_location=
health_check_class=
health_check_methods=
uninstall_related_apps=false
default_device_timezone=GMT
default_device_time_format=24
default_device_language=en_US
android_screen_record_size=
android_screen_record_bitrate=
android_enable_bug_report=true
ios_screen_record_quality=MEDIUM
ios_screen_record_codec=libx264
ios_screen_record_fps=10
screen_record_duration=180
video_scale=-2:720
ignore_ssl=false
test_run_rules=
hub_mode=selenium
extract_sys_log=false
selenium_host=https://qkm1.qualitykiosk.com/appiumcloud/wd/hub

------------- Driver capabilities -----------
capabilities.appPackage=fc.admin.fcexpressadmin
capabilities.platformVersion=9
capabilities.appActivity=fc.admin.fcexpressadmin.HomeActivity
capabilities.automationName=uiautomator2
capabilities.platformName=ANDROID
================================================

2020-01-27 12:48:11 CarinaListener [INFO] Set data_provider_thread_count=1
2020-01-27 12:48:11 CarinaListener [INFO] CARINA_CORE_VERSION: 6.3.30
2020-01-27 12:48:12 M1CloudActivities [INFO] DeviceName: Samsung_Galaxy_Note_8.properties
2020-01-27 12:48:14 IDriverPool [ERROR] Driver initialization 'DEFAULT' FAILED! Retry 1 of 1 time - javax.net.ssl.SSLHandshakeException: sun.security.validator.ValidatorException: PKIX path building failed: sun.security.provider.certpath.SunCertPathBuilderException: unable to find valid certification path to requested target
Build info: version: '3.141.59', revision: 'e82be7d358', time: '2018-11-14T08:17:03'
System info: host: 'QKNBK299', ip: '10.0.6.172', os.name: 'Windows 7', os.arch: 'amd64', os.version: '6.1', java.version: '1.8.0_45'
Driver info: driver.version: AndroidDriver
org.openqa.selenium.WebDriverException: javax.net.ssl.SSLHandshakeException: sun.security.validator.ValidatorException: PKIX path building failed: sun.security.provider.certpath.SunCertPathBuilderException: unable to find valid certification path to requested target
Build info: version: '3.141.59', revision: 'e82be7d358', time: '2018-11-14T08:17:03'
System info: host: 'QKNBK299', ip: '10.0.6.172', os.name: 'Windows 7', os.arch: 'amd64', os.version: '6.1', java.version: '1.8.0_45'
Driver info: driver.version: AndroidDriver
	at com.qaprosoft.carina.core.foundation.webdriver.listener.EventFiringAppiumCommandExecutor.execute(EventFiringAppiumCommandExecutor.java:169)
	at org.openqa.selenium.remote.RemoteWebDriver.execute(RemoteWebDriver.java:552)
	at io.appium.java_client.DefaultGenericMobileDriver.execute(DefaultGenericMobileDriver.java:41)
	at io.appium.java_client.AppiumDriver.execute(AppiumDriver.java:1)
	at io.appium.java_client.android.AndroidDriver.execute(AndroidDriver.java:1)
	at org.openqa.selenium.remote.RemoteWebDriver.startSession(RemoteWebDriver.java:213)
	at io.appium.java_client.AppiumDriver.startSession(AppiumDriver.java:323)
	at org.openqa.selenium.remote.RemoteWebDriver.<init>(RemoteWebDriver.java:131)
	at io.appium.java_client.DefaultGenericMobileDriver.<init>(DefaultGenericMobileDriver.java:37)
	at io.appium.java_client.AppiumDriver.<init>(AppiumDriver.java:86)
	at io.appium.java_client.android.AndroidDriver.<init>(AndroidDriver.java:84)
	at com.qaprosoft.carina.core.foundation.webdriver.core.factory.impl.MobileFactory.create(MobileFactory.java:167)
	at com.qaprosoft.carina.core.foundation.webdriver.core.factory.DriverFactory.create(DriverFactory.java:71)
	at com.qaprosoft.carina.core.foundation.webdriver.IDriverPool.createDriver(IDriverPool.java:353)
	at com.qaprosoft.carina.core.foundation.webdriver.IDriverPool.getDriver(IDriverPool.java:143)
	at com.qaprosoft.carina.demo.firstCry_Runner.setCustCaps(firstCry_Runner.java:28)
	at sun.reflect.NativeMethodAccessorImpl.invoke0(Native Method)
	at sun.reflect.NativeMethodAccessorImpl.invoke(Unknown Source)
	at sun.reflect.DelegatingMethodAccessorImpl.invoke(Unknown Source)
	at java.lang.reflect.Method.invoke(Unknown Source)
	at org.testng.internal.MethodInvocationHelper.invokeMethod(MethodInvocationHelper.java:124)
	at org.testng.internal.MethodInvocationHelper.invokeMethodConsideringTimeout(MethodInvocationHelper.java:59)
	at org.testng.internal.Invoker.invokeConfigurationMethod(Invoker.java:458)
	at org.testng.internal.Invoker.invokeConfigurations(Invoker.java:222)
	at org.testng.internal.Invoker.invokeConfigurations(Invoker.java:142)
	at org.testng.TestRunner.beforeRun(TestRunner.java:529)
	at org.testng.TestRunner.run(TestRunner.java:497)
	at org.testng.SuiteRunner.runTest(SuiteRunner.java:455)
	at org.testng.SuiteRunner.runSequentially(SuiteRunner.java:450)
	at org.testng.SuiteRunner.privateRun(SuiteRunner.java:415)
	at org.testng.SuiteRunner.run(SuiteRunner.java:364)
	at org.testng.SuiteRunnerWorker.runSuite(SuiteRunnerWorker.java:52)
	at org.testng.SuiteRunnerWorker.run(SuiteRunnerWorker.java:84)
	at org.testng.TestNG.runSuitesSequentially(TestNG.java:1208)
	at org.testng.TestNG.runSuitesLocally(TestNG.java:1137)
	at org.testng.TestNG.runSuites(TestNG.java:1049)
	at org.testng.TestNG.run(TestNG.java:1017)
	at org.testng.remote.AbstractRemoteTestNG.run(AbstractRemoteTestNG.java:115)
	at org.testng.remote.RemoteTestNG.initAndRun(RemoteTestNG.java:251)
	at org.testng.remote.RemoteTestNG.main(RemoteTestNG.java:77)
Caused by: javax.net.ssl.SSLHandshakeException: sun.security.validator.ValidatorException: PKIX path building failed: sun.security.provider.certpath.SunCertPathBuilderException: unable to find valid certification path to requested target
	at sun.security.ssl.Alerts.getSSLException(Unknown Source)
	at sun.security.ssl.SSLSocketImpl.fatal(Unknown Source)
	at sun.security.ssl.Handshaker.fatalSE(Unknown Source)
	at sun.security.ssl.Handshaker.fatalSE(Unknown Source)
	at sun.security.ssl.ClientHandshaker.serverCertificate(Unknown Source)
	at sun.security.ssl.ClientHandshaker.processMessage(Unknown Source)
	at sun.security.ssl.Handshaker.processLoop(Unknown Source)
	at sun.security.ssl.Handshaker.process_record(Unknown Source)
	at sun.security.ssl.SSLSocketImpl.readRecord(Unknown Source)
	at sun.security.ssl.SSLSocketImpl.performInitialHandshake(Unknown Source)
	at sun.security.ssl.SSLSocketImpl.startHandshake(Unknown Source)
	at sun.security.ssl.SSLSocketImpl.startHandshake(Unknown Source)
	at okhttp3.internal.connection.RealConnection.connectTls(RealConnection.java:318)
	at okhttp3.internal.connection.RealConnection.establishProtocol(RealConnection.java:282)
	at okhttp3.internal.connection.RealConnection.connect(RealConnection.java:167)
	at okhttp3.internal.connection.StreamAllocation.findConnection(StreamAllocation.java:257)
	at okhttp3.internal.connection.StreamAllocation.findHealthyConnection(StreamAllocation.java:135)
	at okhttp3.internal.connection.StreamAllocation.newStream(StreamAllocation.java:114)
	at okhttp3.internal.connection.ConnectInterceptor.intercept(ConnectInterceptor.java:42)
	at okhttp3.internal.http.RealInterceptorChain.proceed(RealInterceptorChain.java:147)
	at okhttp3.internal.http.RealInterceptorChain.proceed(RealInterceptorChain.java:121)
	at okhttp3.internal.cache.CacheInterceptor.intercept(CacheInterceptor.java:93)
	at okhttp3.internal.http.RealInterceptorChain.proceed(RealInterceptorChain.java:147)
	at okhttp3.internal.http.RealInterceptorChain.proceed(RealInterceptorChain.java:121)
	at okhttp3.internal.http.BridgeInterceptor.intercept(BridgeInterceptor.java:93)
	at okhttp3.internal.http.RealInterceptorChain.proceed(RealInterceptorChain.java:147)
	at okhttp3.internal.http.RetryAndFollowUpInterceptor.intercept(RetryAndFollowUpInterceptor.java:126)
	at okhttp3.internal.http.RealInterceptorChain.proceed(RealInterceptorChain.java:147)
	at okhttp3.internal.http.RealInterceptorChain.proceed(RealInterceptorChain.java:121)
	at okhttp3.RealCall.getResponseWithInterceptorChain(RealCall.java:200)
	at okhttp3.RealCall.execute(RealCall.java:77)
	at org.openqa.selenium.remote.internal.OkHttpClient.execute(OkHttpClient.java:103)
	at org.openqa.selenium.remote.ProtocolHandshake.createSession(ProtocolHandshake.java:105)
	at org.openqa.selenium.remote.ProtocolHandshake.createSession(ProtocolHandshake.java:74)
	at org.openqa.selenium.remote.HttpCommandExecutor.execute(HttpCommandExecutor.java:136)
	at com.qaprosoft.carina.core.foundation.webdriver.listener.EventFiringAppiumCommandExecutor.execute(EventFiringAppiumCommandExecutor.java:150)
	... 39 more
Caused by: sun.security.validator.ValidatorException: PKIX path building failed: sun.security.provider.certpath.SunCertPathBuilderException: unable to find valid certification path to requested target
	at sun.security.validator.PKIXValidator.doBuild(Unknown Source)
	at sun.security.validator.PKIXValidator.engineValidate(Unknown Source)
	at sun.security.validator.Validator.validate(Unknown Source)
	at sun.security.ssl.X509TrustManagerImpl.validate(Unknown Source)
	at sun.security.ssl.X509TrustManagerImpl.checkTrusted(Unknown Source)
	at sun.security.ssl.X509TrustManagerImpl.checkServerTrusted(Unknown Source)
	... 71 more
Caused by: sun.security.provider.certpath.SunCertPathBuilderException: unable to find valid certification path to requested target
	at sun.security.provider.certpath.SunCertPathBuilder.build(Unknown Source)
	at sun.security.provider.certpath.SunCertPathBuilder.engineBuild(Unknown Source)
	at java.security.cert.CertPathBuilder.build(Unknown Source)
	... 77 more
2020-01-27 12:48:14 Messager [WARN]  TEST [Default test - feature] SKIPPED at [12:48:14 2020-01-27] - javax.net.ssl.SSLHandshakeException: sun.security.validator.ValidatorException: PKIX path building failed: sun.security.provider.certpath.SunCertPathBuilderException: unable to find valid certification path to requested target
Build info: version: '3.141.59', revision: 'e82be7d358', time: '2018-11-14T08:17:03'
System info: host: 'QKNBK299', ip: '10.0.6.172', os.name: 'Windows 7', os.arch: 'amd64', os.version: '6.1', java.version: '1.8.0_45'
Driver info: driver.version: AndroidDriver

com.qaprosoft.carina.core.foundation.webdriver.listener.EventFiringAppiumCommandExecutor.execute(EventFiringAppiumCommandExecutor.java:169)
org.openqa.selenium.remote.RemoteWebDriver.execute(RemoteWebDriver.java:552)
io.appium.java_client.DefaultGenericMobileDriver.execute(DefaultGenericMobileDriver.java:41)
io.appium.java_client.AppiumDriver.execute(AppiumDriver.java:1)
io.appium.java_client.android.AndroidDriver.execute(AndroidDriver.java:1)
org.openqa.selenium.remote.RemoteWebDriver.startSession(RemoteWebDriver.java:213)
io.appium.java_client.AppiumDriver.startSession(AppiumDriver.java:323)
org.openqa.selenium.remote.RemoteWebDriver.<init>(RemoteWebDriver.java:131)
io.appium.java_client.DefaultGenericMobileDriver.<init>(DefaultGenericMobileDriver.java:37)
io.appium.java_client.AppiumDriver.<init>(AppiumDriver.java:86)
io.appium.java_client.android.AndroidDriver.<init>(AndroidDriver.java:84)
com.qaprosoft.carina.core.foundation.webdriver.core.factory.impl.MobileFactory.create(MobileFactory.java:167)
com.qaprosoft.carina.core.foundation.webdriver.core.factory.DriverFactory.create(DriverFactory.java:71)
com.qaprosoft.carina.core.foundation.webdriver.IDriverPool.createDriver(IDriverPool.java:353)
com.qaprosoft.carina.core.foundation.webdriver.IDriverPool.getDriver(IDriverPool.java:143)
com.qaprosoft.carina.demo.firstCry_Runner.setCustCaps(firstCry_Runner.java:28)
sun.reflect.NativeMethodAccessorImpl.invoke0(Native Method)
sun.reflect.NativeMethodAccessorImpl.invoke(Unknown Source)
sun.reflect.DelegatingMethodAccessorImpl.invoke(Unknown Source)
java.lang.reflect.Method.invoke(Unknown Source)
org.testng.internal.MethodInvocationHelper.invokeMethod(MethodInvocationHelper.java:124)
org.testng.internal.MethodInvocationHelper.invokeMethodConsideringTimeout(MethodInvocationHelper.java:59)
org.testng.internal.Invoker.invokeConfigurationMethod(Invoker.java:458)
org.testng.internal.Invoker.invokeConfigurations(Invoker.java:222)
org.testng.internal.Invoker.invokeConfigurations(Invoker.java:142)
org.testng.TestRunner.beforeRun(TestRunner.java:529)
org.testng.TestRunner.run(TestRunner.java:497)
org.testng.SuiteRunner.runTest(SuiteRunner.java:455)
org.testng.SuiteRunner.runSequentially(SuiteRunner.java:450)
org.testng.SuiteRunner.privateRun(SuiteRunner.java:415)
org.testng.SuiteRunner.run(SuiteRunner.java:364)
org.testng.SuiteRunnerWorker.runSuite(SuiteRunnerWorker.java:52)
org.testng.SuiteRunnerWorker.run(SuiteRunnerWorker.java:84)
org.testng.TestNG.runSuitesSequentially(TestNG.java:1208)
org.testng.TestNG.runSuitesLocally(TestNG.java:1137)
org.testng.TestNG.runSuites(TestNG.java:1049)
org.testng.TestNG.run(TestNG.java:1017)
org.testng.remote.AbstractRemoteTestNG.run(AbstractRemoteTestNG.java:115)
org.testng.remote.RemoteTestNG.initAndRun(RemoteTestNG.java:251)
org.testng.remote.RemoteTestNG.main(RemoteTestNG.java:77)
2020-01-27 12:48:15 Messager [INFO] INFO: '**************** Test execution summary ****************'.
2020-01-27 12:48:15 Messager [INFO] RESULT #1: TEST [Default test - feature] SKIP [log=file://D:\Testng\Atlas_Demo\.\reports\qa\1580109491516/6e406f27-e0c9-441f-b413-a3f9b03735ed/test.log]
2020-01-27 12:54:15 CarinaListener [INFO] 
============= Test configuration =============
url={must_override}
env=DEMO
env_arg_resolver=com.qaprosoft.carina.core.foundation.utils.DefaultEnvArgResolver
platform=*
browser=
browser_version=
browser_language=
selenium_host=https://qkm1.qualitykiosk.com/appiumcloud/wd/hub
driver_event_listeners=com.qaprosoft.carina.demo.utils.PerfEventHandler
max_driver_count=3
custom_capabilities=
chrome_args=
chrome_experimental_opts=
chrome_mobile_emulation_opts=
firefox_args=
firefox_preferences=
app_version=
proxy_host=
proxy_port=
proxy_protocols=http,https,ftp
browsermob_proxy=false
browsermob_host=
browsermob_port=0
browsermob_ports_range=
browsermob_disabled_mitm=false
proxy_set_to_system=false
report_url=
email_list=
failure_email_list=
track_known_issues=false
auto_screenshot=true
implicit_timeout=10
explicit_timeout=20
auto_download=false
auto_download_apps=
custom_artifacts_folder=
retry_interval=5
project_report_directory=./reports/qa
max_screen_history=10
max_log_file_size=150
result_sorting=true
big_screen_width=-1
big_screen_height=-1
small_screen_width=90
small_screen_height=60
init_retry_count=0
init_retry_interval=1
retry_count=0
enable_l10n=true
l10n_encoding=ISO-8859-1
locale=en_US
enable_i18n=true
language=en_US
thread_count=1
data_provider_thread_count=-1
core_log_level=INFO
core_log_packages=com.qaprosoft.carina.core
artifacts_expiration_seconds=2592000
log_all_json=true
date_format=HH:mm:ss yyyy-MM-dd
time_format=HH:mm:ss
suite_name=
jira_updater=com.qaprosoft.carina.core.foundation.jira.DefaultJiraUpdater
jira_url=
jira_user=
jira_password=
jira_suite_id=
jira_project=
jira_project_short=
jira_create_new_ticket=false
test_naming_pattern={method_name}
optimize_video_recording=false
testrail_run_name=
testrail_milestone=
testrail_assignee=
qtest_cycle_name=DailyAutomation
qtest_suite_name=
s3_bucket_name=
access_key_id=
secret_key=
s3_use_presign_url=false
s3_local_storage=.
appcenter_token=
appcenter_local_storage=.
add_new_localization=false
add_new_localization_encoding=utf-8
add_new_localization_path=
add_new_localization_property_name=new_custom_messages_
tls_keysecure_location=
health_check_class=
health_check_methods=
uninstall_related_apps=false
default_device_timezone=GMT
default_device_time_format=24
default_device_language=en_US
android_screen_record_size=
android_screen_record_bitrate=
android_enable_bug_report=true
ios_screen_record_quality=MEDIUM
ios_screen_record_codec=libx264
ios_screen_record_fps=10
screen_record_duration=180
video_scale=-2:720
ignore_ssl=false
test_run_rules=
hub_mode=selenium
extract_sys_log=false
selenium_host=https://qkm1.qualitykiosk.com/appiumcloud/wd/hub

------------- Driver capabilities -----------
capabilities.appPackage=fc.admin.fcexpressadmin
capabilities.platformVersion=9
capabilities.appActivity=fc.admin.fcexpressadmin.HomeActivity
capabilities.automationName=uiautomator2
capabilities.platformName=ANDROID
================================================

2020-01-27 12:54:15 CarinaListener [INFO] Set data_provider_thread_count=1
2020-01-27 12:54:15 CarinaListener [INFO] CARINA_CORE_VERSION: 6.3.30
2020-01-27 12:54:15 M1CloudActivities [INFO] DeviceName: Samsung_Galaxy_J7_Prime.properties
2020-01-27 12:54:18 IDriverPool [ERROR] Driver initialization 'DEFAULT' FAILED! Retry 1 of 1 time - javax.net.ssl.SSLHandshakeException: sun.security.validator.ValidatorException: PKIX path building failed: sun.security.provider.certpath.SunCertPathBuilderException: unable to find valid certification path to requested target
Build info: version: '3.141.59', revision: 'e82be7d358', time: '2018-11-14T08:17:03'
System info: host: 'QKNBK299', ip: '10.0.6.172', os.name: 'Windows 7', os.arch: 'amd64', os.version: '6.1', java.version: '1.8.0_45'
Driver info: driver.version: AndroidDriver
org.openqa.selenium.WebDriverException: javax.net.ssl.SSLHandshakeException: sun.security.validator.ValidatorException: PKIX path building failed: sun.security.provider.certpath.SunCertPathBuilderException: unable to find valid certification path to requested target
Build info: version: '3.141.59', revision: 'e82be7d358', time: '2018-11-14T08:17:03'
System info: host: 'QKNBK299', ip: '10.0.6.172', os.name: 'Windows 7', os.arch: 'amd64', os.version: '6.1', java.version: '1.8.0_45'
Driver info: driver.version: AndroidDriver
	at com.qaprosoft.carina.core.foundation.webdriver.listener.EventFiringAppiumCommandExecutor.execute(EventFiringAppiumCommandExecutor.java:169)
	at org.openqa.selenium.remote.RemoteWebDriver.execute(RemoteWebDriver.java:552)
	at io.appium.java_client.DefaultGenericMobileDriver.execute(DefaultGenericMobileDriver.java:41)
	at io.appium.java_client.AppiumDriver.execute(AppiumDriver.java:1)
	at io.appium.java_client.android.AndroidDriver.execute(AndroidDriver.java:1)
	at org.openqa.selenium.remote.RemoteWebDriver.startSession(RemoteWebDriver.java:213)
	at io.appium.java_client.AppiumDriver.startSession(AppiumDriver.java:323)
	at org.openqa.selenium.remote.RemoteWebDriver.<init>(RemoteWebDriver.java:131)
	at io.appium.java_client.DefaultGenericMobileDriver.<init>(DefaultGenericMobileDriver.java:37)
	at io.appium.java_client.AppiumDriver.<init>(AppiumDriver.java:86)
	at io.appium.java_client.android.AndroidDriver.<init>(AndroidDriver.java:84)
	at com.qaprosoft.carina.core.foundation.webdriver.core.factory.impl.MobileFactory.create(MobileFactory.java:167)
	at com.qaprosoft.carina.core.foundation.webdriver.core.factory.DriverFactory.create(DriverFactory.java:71)
	at com.qaprosoft.carina.core.foundation.webdriver.IDriverPool.createDriver(IDriverPool.java:353)
	at com.qaprosoft.carina.core.foundation.webdriver.IDriverPool.getDriver(IDriverPool.java:143)
	at com.qaprosoft.carina.demo.QtracCucumberTest.setCustCaps(QtracCucumberTest.java:29)
	at sun.reflect.NativeMethodAccessorImpl.invoke0(Native Method)
	at sun.reflect.NativeMethodAccessorImpl.invoke(Unknown Source)
	at sun.reflect.DelegatingMethodAccessorImpl.invoke(Unknown Source)
	at java.lang.reflect.Method.invoke(Unknown Source)
	at org.testng.internal.MethodInvocationHelper.invokeMethod(MethodInvocationHelper.java:124)
	at org.testng.internal.MethodInvocationHelper.invokeMethodConsideringTimeout(MethodInvocationHelper.java:59)
	at org.testng.internal.Invoker.invokeConfigurationMethod(Invoker.java:458)
	at org.testng.internal.Invoker.invokeConfigurations(Invoker.java:222)
	at org.testng.internal.Invoker.invokeConfigurations(Invoker.java:142)
	at org.testng.TestRunner.beforeRun(TestRunner.java:529)
	at org.testng.TestRunner.run(TestRunner.java:497)
	at org.testng.SuiteRunner.runTest(SuiteRunner.java:455)
	at org.testng.SuiteRunner.runSequentially(SuiteRunner.java:450)
	at org.testng.SuiteRunner.privateRun(SuiteRunner.java:415)
	at org.testng.SuiteRunner.run(SuiteRunner.java:364)
	at org.testng.SuiteRunnerWorker.runSuite(SuiteRunnerWorker.java:52)
	at org.testng.SuiteRunnerWorker.run(SuiteRunnerWorker.java:84)
	at org.testng.TestNG.runSuitesSequentially(TestNG.java:1208)
	at org.testng.TestNG.runSuitesLocally(TestNG.java:1137)
	at org.testng.TestNG.runSuites(TestNG.java:1049)
	at org.testng.TestNG.run(TestNG.java:1017)
	at org.testng.remote.AbstractRemoteTestNG.run(AbstractRemoteTestNG.java:115)
	at org.testng.remote.RemoteTestNG.initAndRun(RemoteTestNG.java:251)
	at org.testng.remote.RemoteTestNG.main(RemoteTestNG.java:77)
Caused by: javax.net.ssl.SSLHandshakeException: sun.security.validator.ValidatorException: PKIX path building failed: sun.security.provider.certpath.SunCertPathBuilderException: unable to find valid certification path to requested target
	at sun.security.ssl.Alerts.getSSLException(Unknown Source)
	at sun.security.ssl.SSLSocketImpl.fatal(Unknown Source)
	at sun.security.ssl.Handshaker.fatalSE(Unknown Source)
	at sun.security.ssl.Handshaker.fatalSE(Unknown Source)
	at sun.security.ssl.ClientHandshaker.serverCertificate(Unknown Source)
	at sun.security.ssl.ClientHandshaker.processMessage(Unknown Source)
	at sun.security.ssl.Handshaker.processLoop(Unknown Source)
	at sun.security.ssl.Handshaker.process_record(Unknown Source)
	at sun.security.ssl.SSLSocketImpl.readRecord(Unknown Source)
	at sun.security.ssl.SSLSocketImpl.performInitialHandshake(Unknown Source)
	at sun.security.ssl.SSLSocketImpl.startHandshake(Unknown Source)
	at sun.security.ssl.SSLSocketImpl.startHandshake(Unknown Source)
	at okhttp3.internal.connection.RealConnection.connectTls(RealConnection.java:318)
	at okhttp3.internal.connection.RealConnection.establishProtocol(RealConnection.java:282)
	at okhttp3.internal.connection.RealConnection.connect(RealConnection.java:167)
	at okhttp3.internal.connection.StreamAllocation.findConnection(StreamAllocation.java:257)
	at okhttp3.internal.connection.StreamAllocation.findHealthyConnection(StreamAllocation.java:135)
	at okhttp3.internal.connection.StreamAllocation.newStream(StreamAllocation.java:114)
	at okhttp3.internal.connection.ConnectInterceptor.intercept(ConnectInterceptor.java:42)
	at okhttp3.internal.http.RealInterceptorChain.proceed(RealInterceptorChain.java:147)
	at okhttp3.internal.http.RealInterceptorChain.proceed(RealInterceptorChain.java:121)
	at okhttp3.internal.cache.CacheInterceptor.intercept(CacheInterceptor.java:93)
	at okhttp3.internal.http.RealInterceptorChain.proceed(RealInterceptorChain.java:147)
	at okhttp3.internal.http.RealInterceptorChain.proceed(RealInterceptorChain.java:121)
	at okhttp3.internal.http.BridgeInterceptor.intercept(BridgeInterceptor.java:93)
	at okhttp3.internal.http.RealInterceptorChain.proceed(RealInterceptorChain.java:147)
	at okhttp3.internal.http.RetryAndFollowUpInterceptor.intercept(RetryAndFollowUpInterceptor.java:126)
	at okhttp3.internal.http.RealInterceptorChain.proceed(RealInterceptorChain.java:147)
	at okhttp3.internal.http.RealInterceptorChain.proceed(RealInterceptorChain.java:121)
	at okhttp3.RealCall.getResponseWithInterceptorChain(RealCall.java:200)
	at okhttp3.RealCall.execute(RealCall.java:77)
	at org.openqa.selenium.remote.internal.OkHttpClient.execute(OkHttpClient.java:103)
	at org.openqa.selenium.remote.ProtocolHandshake.createSession(ProtocolHandshake.java:105)
	at org.openqa.selenium.remote.ProtocolHandshake.createSession(ProtocolHandshake.java:74)
	at org.openqa.selenium.remote.HttpCommandExecutor.execute(HttpCommandExecutor.java:136)
	at com.qaprosoft.carina.core.foundation.webdriver.listener.EventFiringAppiumCommandExecutor.execute(EventFiringAppiumCommandExecutor.java:150)
	... 39 more
Caused by: sun.security.validator.ValidatorException: PKIX path building failed: sun.security.provider.certpath.SunCertPathBuilderException: unable to find valid certification path to requested target
	at sun.security.validator.PKIXValidator.doBuild(Unknown Source)
	at sun.security.validator.PKIXValidator.engineValidate(Unknown Source)
	at sun.security.validator.Validator.validate(Unknown Source)
	at sun.security.ssl.X509TrustManagerImpl.validate(Unknown Source)
	at sun.security.ssl.X509TrustManagerImpl.checkTrusted(Unknown Source)
	at sun.security.ssl.X509TrustManagerImpl.checkServerTrusted(Unknown Source)
	... 71 more
Caused by: sun.security.provider.certpath.SunCertPathBuilderException: unable to find valid certification path to requested target
	at sun.security.provider.certpath.SunCertPathBuilder.build(Unknown Source)
	at sun.security.provider.certpath.SunCertPathBuilder.engineBuild(Unknown Source)
	at java.security.cert.CertPathBuilder.build(Unknown Source)
	... 77 more
2020-01-27 12:54:19 Messager [WARN]  TEST [Default test - feature] SKIPPED at [12:54:19 2020-01-27] - javax.net.ssl.SSLHandshakeException: sun.security.validator.ValidatorException: PKIX path building failed: sun.security.provider.certpath.SunCertPathBuilderException: unable to find valid certification path to requested target
Build info: version: '3.141.59', revision: 'e82be7d358', time: '2018-11-14T08:17:03'
System info: host: 'QKNBK299', ip: '10.0.6.172', os.name: 'Windows 7', os.arch: 'amd64', os.version: '6.1', java.version: '1.8.0_45'
Driver info: driver.version: AndroidDriver

com.qaprosoft.carina.core.foundation.webdriver.listener.EventFiringAppiumCommandExecutor.execute(EventFiringAppiumCommandExecutor.java:169)
org.openqa.selenium.remote.RemoteWebDriver.execute(RemoteWebDriver.java:552)
io.appium.java_client.DefaultGenericMobileDriver.execute(DefaultGenericMobileDriver.java:41)
io.appium.java_client.AppiumDriver.execute(AppiumDriver.java:1)
io.appium.java_client.android.AndroidDriver.execute(AndroidDriver.java:1)
org.openqa.selenium.remote.RemoteWebDriver.startSession(RemoteWebDriver.java:213)
io.appium.java_client.AppiumDriver.startSession(AppiumDriver.java:323)
org.openqa.selenium.remote.RemoteWebDriver.<init>(RemoteWebDriver.java:131)
io.appium.java_client.DefaultGenericMobileDriver.<init>(DefaultGenericMobileDriver.java:37)
io.appium.java_client.AppiumDriver.<init>(AppiumDriver.java:86)
io.appium.java_client.android.AndroidDriver.<init>(AndroidDriver.java:84)
com.qaprosoft.carina.core.foundation.webdriver.core.factory.impl.MobileFactory.create(MobileFactory.java:167)
com.qaprosoft.carina.core.foundation.webdriver.core.factory.DriverFactory.create(DriverFactory.java:71)
com.qaprosoft.carina.core.foundation.webdriver.IDriverPool.createDriver(IDriverPool.java:353)
com.qaprosoft.carina.core.foundation.webdriver.IDriverPool.getDriver(IDriverPool.java:143)
com.qaprosoft.carina.demo.QtracCucumberTest.setCustCaps(QtracCucumberTest.java:29)
sun.reflect.NativeMethodAccessorImpl.invoke0(Native Method)
sun.reflect.NativeMethodAccessorImpl.invoke(Unknown Source)
sun.reflect.DelegatingMethodAccessorImpl.invoke(Unknown Source)
java.lang.reflect.Method.invoke(Unknown Source)
org.testng.internal.MethodInvocationHelper.invokeMethod(MethodInvocationHelper.java:124)
org.testng.internal.MethodInvocationHelper.invokeMethodConsideringTimeout(MethodInvocationHelper.java:59)
org.testng.internal.Invoker.invokeConfigurationMethod(Invoker.java:458)
org.testng.internal.Invoker.invokeConfigurations(Invoker.java:222)
org.testng.internal.Invoker.invokeConfigurations(Invoker.java:142)
org.testng.TestRunner.beforeRun(TestRunner.java:529)
org.testng.TestRunner.run(TestRunner.java:497)
org.testng.SuiteRunner.runTest(SuiteRunner.java:455)
org.testng.SuiteRunner.runSequentially(SuiteRunner.java:450)
org.testng.SuiteRunner.privateRun(SuiteRunner.java:415)
org.testng.SuiteRunner.run(SuiteRunner.java:364)
org.testng.SuiteRunnerWorker.runSuite(SuiteRunnerWorker.java:52)
org.testng.SuiteRunnerWorker.run(SuiteRunnerWorker.java:84)
org.testng.TestNG.runSuitesSequentially(TestNG.java:1208)
org.testng.TestNG.runSuitesLocally(TestNG.java:1137)
org.testng.TestNG.runSuites(TestNG.java:1049)
org.testng.TestNG.run(TestNG.java:1017)
org.testng.remote.AbstractRemoteTestNG.run(AbstractRemoteTestNG.java:115)
org.testng.remote.RemoteTestNG.initAndRun(RemoteTestNG.java:251)
org.testng.remote.RemoteTestNG.main(RemoteTestNG.java:77)
2020-01-27 12:54:19 Messager [INFO] INFO: '**************** Test execution summary ****************'.
2020-01-27 12:54:19 Messager [INFO] RESULT #1: TEST [Default test - feature] SKIP [log=file://D:\Testng\Atlas_Demo\.\reports\qa\1580109855142/c13794da-d1a1-4c88-bfb4-c8c9c193242a/test.log]
2020-01-27 13:26:10 CarinaListener [INFO] 
============= Test configuration =============
url={must_override}
env=DEMO
env_arg_resolver=com.qaprosoft.carina.core.foundation.utils.DefaultEnvArgResolver
platform=*
browser=
browser_version=
browser_language=
selenium_host=https://qkm1.qualitykiosk.com/appiumcloud/wd/hub
driver_event_listeners=com.qaprosoft.carina.demo.utils.PerfEventHandler
max_driver_count=3
custom_capabilities=
chrome_args=
chrome_experimental_opts=
chrome_mobile_emulation_opts=
firefox_args=
firefox_preferences=
app_version=
proxy_host=
proxy_port=
proxy_protocols=http,https,ftp
browsermob_proxy=false
browsermob_host=
browsermob_port=0
browsermob_ports_range=
browsermob_disabled_mitm=false
proxy_set_to_system=false
report_url=
email_list=
failure_email_list=
track_known_issues=false
auto_screenshot=true
implicit_timeout=10
explicit_timeout=20
auto_download=false
auto_download_apps=
custom_artifacts_folder=
retry_interval=5
project_report_directory=./reports/qa
max_screen_history=10
max_log_file_size=150
result_sorting=true
big_screen_width=-1
big_screen_height=-1
small_screen_width=90
small_screen_height=60
init_retry_count=0
init_retry_interval=1
retry_count=0
enable_l10n=true
l10n_encoding=ISO-8859-1
locale=en_US
enable_i18n=true
language=en_US
thread_count=1
data_provider_thread_count=-1
core_log_level=INFO
core_log_packages=com.qaprosoft.carina.core
artifacts_expiration_seconds=2592000
log_all_json=true
date_format=HH:mm:ss yyyy-MM-dd
time_format=HH:mm:ss
suite_name=
jira_updater=com.qaprosoft.carina.core.foundation.jira.DefaultJiraUpdater
jira_url=
jira_user=
jira_password=
jira_suite_id=
jira_project=
jira_project_short=
jira_create_new_ticket=false
test_naming_pattern={method_name}
optimize_video_recording=false
testrail_run_name=
testrail_milestone=
testrail_assignee=
qtest_cycle_name=DailyAutomation
qtest_suite_name=
s3_bucket_name=
access_key_id=
secret_key=
s3_use_presign_url=false
s3_local_storage=.
appcenter_token=
appcenter_local_storage=.
add_new_localization=false
add_new_localization_encoding=utf-8
add_new_localization_path=
add_new_localization_property_name=new_custom_messages_
tls_keysecure_location=
health_check_class=
health_check_methods=
uninstall_related_apps=false
default_device_timezone=GMT
default_device_time_format=24
default_device_language=en_US
android_screen_record_size=
android_screen_record_bitrate=
android_enable_bug_report=true
ios_screen_record_quality=MEDIUM
ios_screen_record_codec=libx264
ios_screen_record_fps=10
screen_record_duration=180
video_scale=-2:720
ignore_ssl=false
test_run_rules=
hub_mode=selenium
extract_sys_log=false
selenium_host=https://qkm1.qualitykiosk.com/appiumcloud/wd/hub

------------- Driver capabilities -----------
capabilities.appPackage=fc.admin.fcexpressadmin
capabilities.platformVersion=9
capabilities.appActivity=fc.admin.fcexpressadmin.HomeActivity
capabilities.automationName=uiautomator2
capabilities.platformName=ANDROID
================================================

2020-01-27 13:26:11 CarinaListener [INFO] Set data_provider_thread_count=1
2020-01-27 13:26:11 CarinaListener [INFO] CARINA_CORE_VERSION: 6.3.30
2020-01-27 13:26:11 Messager [INFO]  TEST [Default test - testCreateUser] STARTED at [13:26:11 2020-01-27]
2020-01-27 13:26:13 AbstractApiMethodV2 [INFO] Base properties loaded: api/users/user.properties
2020-01-27 13:26:49 AbstractApiMethod [INFO] Request method:	POST
Request path:	https://qeeper.herokuapp.com/api%2F%2Fusers
Proxy:			<none>
Request params:	<none>
Query params:	<none>
Form params:	<none>
Path params:	<none>
Multiparts:		<none>
Headers:		Accept=*/*
				Content-Type=application/json; charset=UTF-8
Cookies:		<none>
Body:
[
    {
        "id": 1,
        "name": "Leanne Graham",
        "username": "hnntltpv",
        "email": "Sincere@april.biz",
        "address": {
            "street": "Kulas Light",
            "suite": "Apt. 556",
            "city": "Gwenborough",
            "zipcode": "92998-3874",
            "geo": {
                "lat": "-37.3159",
                "lng": "81.1496"
            }
        },
        "phone": "1-770-736-8031 x56442",
        "website": "hildegard.org",
        "company": {
            "name": "qvtwvvnn",
            "catchPhrase": "Multi-layered client-server neural-net",
            "bs": "harness real-time e-markets"
        }
    }
]
HTTP/1.1 500 Internal Server Error
Server: Cowboy
Connection: close
Content-Encoding: gzip
Content-Type: application/json;charset=UTF-8
Date: Mon, 27 Jan 2020 07:56:48 GMT
Via: 1.1 vegur

{
    "timestamp": "2020-01-27T07:56:48.594+0000",
    "status": 500,
    "error": "Internal Server Error",
    "message": "The request was rejected because the URL contained a potentially malicious String \"%2F\"",
    "path": "/api%2F%2Fusers"
}

2020-01-27 13:26:49 Messager [ERROR]  TEST [Default test - testCreateUser] FAILED at [13:26:49 2020-01-27] - 2 expectations failed.
Expected status code <201> doesn't match actual status code <500>.

Expected status line a string containing "Created" doesn't match actual status line "HTTP/1.1 500 Internal Server Error".


sun.reflect.NativeConstructorAccessorImpl.newInstance0(Native Method)
sun.reflect.NativeConstructorAccessorImpl.newInstance(Unknown Source)
sun.reflect.DelegatingConstructorAccessorImpl.newInstance(Unknown Source)
java.lang.reflect.Constructor.newInstance(Unknown Source)
org.codehaus.groovy.reflection.CachedConstructor.invoke(CachedConstructor.java:80)
org.codehaus.groovy.reflection.CachedConstructor.doConstructorInvoke(CachedConstructor.java:74)
org.codehaus.groovy.runtime.callsite.ConstructorSite$ConstructorSiteNoUnwrap.callConstructor(ConstructorSite.java:84)
org.codehaus.groovy.runtime.callsite.CallSiteArray.defaultCallConstructor(CallSiteArray.java:60)
org.codehaus.groovy.runtime.callsite.AbstractCallSite.callConstructor(AbstractCallSite.java:235)
org.codehaus.groovy.runtime.callsite.AbstractCallSite.callConstructor(AbstractCallSite.java:247)
com.jayway.restassured.internal.ResponseSpecificationImpl$HamcrestAssertionClosure.validate(ResponseSpecificationImpl.groovy:598)
com.jayway.restassured.internal.ResponseSpecificationImpl$HamcrestAssertionClosure$validate$1.call(Unknown Source)
org.codehaus.groovy.runtime.callsite.CallSiteArray.defaultCall(CallSiteArray.java:48)
org.codehaus.groovy.runtime.callsite.AbstractCallSite.call(AbstractCallSite.java:113)
org.codehaus.groovy.runtime.callsite.AbstractCallSite.call(AbstractCallSite.java:125)
com.jayway.restassured.internal.RequestSpecificationImpl.applyPathParamsAndSendRequest(RequestSpecificationImpl.groovy:1597)
sun.reflect.NativeMethodAccessorImpl.invoke0(Native Method)
sun.reflect.NativeMethodAccessorImpl.invoke(Unknown Source)
sun.reflect.DelegatingMethodAccessorImpl.invoke(Unknown Source)
java.lang.reflect.Method.invoke(Unknown Source)
org.codehaus.groovy.reflection.CachedMethod.invoke(CachedMethod.java:93)
groovy.lang.MetaMethod.doMethodInvoke(MetaMethod.java:325)
groovy.lang.MetaClassImpl.invokeMethod(MetaClassImpl.java:1210)
groovy.lang.MetaClassImpl.invokeMethod(MetaClassImpl.java:1019)
groovy.lang.MetaClassImpl.invokeMethod(MetaClassImpl.java:810)
com.jayway.restassured.internal.RequestSpecificationImpl.invokeMethod(RequestSpecificationImpl.groovy)
org.codehaus.groovy.runtime.callsite.PogoInterceptableSite.call(PogoInterceptableSite.java:48)
org.codehaus.groovy.runtime.callsite.PogoInterceptableSite.callCurrent(PogoInterceptableSite.java:58)
org.codehaus.groovy.runtime.callsite.CallSiteArray.defaultCallCurrent(CallSiteArray.java:52)
org.codehaus.groovy.runtime.callsite.AbstractCallSite.callCurrent(AbstractCallSite.java:154)
org.codehaus.groovy.runtime.callsite.AbstractCallSite.callCurrent(AbstractCallSite.java:182)
com.jayway.restassured.internal.RequestSpecificationImpl.post(RequestSpecificationImpl.groovy:164)
com.jayway.restassured.internal.RequestSpecificationImpl.post(RequestSpecificationImpl.groovy)
com.qaprosoft.carina.core.foundation.api.http.HttpClient.send(HttpClient.java:42)
com.qaprosoft.carina.core.foundation.api.AbstractApiMethod.callAPI(AbstractApiMethod.java:201)
com.qaprosoft.carina.core.foundation.api.AbstractApiMethodV2.callAPI(AbstractApiMethodV2.java:98)
com.qaprosoft.carina.demo.APISampleTest.testCreateUser(APISampleTest.java:24)
sun.reflect.NativeMethodAccessorImpl.invoke0(Native Method)
sun.reflect.NativeMethodAccessorImpl.invoke(Unknown Source)
sun.reflect.DelegatingMethodAccessorImpl.invoke(Unknown Source)
java.lang.reflect.Method.invoke(Unknown Source)
org.testng.internal.MethodInvocationHelper.invokeMethod(MethodInvocationHelper.java:124)
org.testng.internal.Invoker.invokeMethod(Invoker.java:583)
org.testng.internal.Invoker.invokeTestMethod(Invoker.java:719)
org.testng.internal.Invoker.invokeTestMethods(Invoker.java:989)
org.testng.internal.TestMethodWorker.invokeTestMethods(TestMethodWorker.java:125)
org.testng.internal.TestMethodWorker.run(TestMethodWorker.java:109)
org.testng.TestRunner.privateRun(TestRunner.java:648)
org.testng.TestRunner.run(TestRunner.java:505)
org.testng.SuiteRunner.runTest(SuiteRunner.java:455)
org.testng.SuiteRunner.runSequentially(SuiteRunner.java:450)
org.testng.SuiteRunner.privateRun(SuiteRunner.java:415)
org.testng.SuiteRunner.run(SuiteRunner.java:364)
org.testng.SuiteRunnerWorker.runSuite(SuiteRunnerWorker.java:52)
org.testng.SuiteRunnerWorker.run(SuiteRunnerWorker.java:84)
org.testng.TestNG.runSuitesSequentially(TestNG.java:1208)
org.testng.TestNG.runSuitesLocally(TestNG.java:1137)
org.testng.TestNG.runSuites(TestNG.java:1049)
org.testng.TestNG.run(TestNG.java:1017)
org.testng.remote.AbstractRemoteTestNG.run(AbstractRemoteTestNG.java:115)
org.testng.remote.RemoteTestNG.initAndRun(RemoteTestNG.java:251)
org.testng.remote.RemoteTestNG.main(RemoteTestNG.java:77)
2020-01-27 13:26:49 Messager [INFO]  TEST [Default test - testCreateUserMissingSomeFields] STARTED at [13:26:49 2020-01-27]
2020-01-27 13:26:49 AbstractApiMethodV2 [INFO] Base properties loaded: api/users/user.properties
2020-01-27 13:26:50 AbstractApiMethod [INFO] Request method:	POST
Request path:	https://qeeper.herokuapp.com/api%2F%2Fusers
Proxy:			<none>
Request params:	<none>
Query params:	<none>
Form params:	<none>
Path params:	<none>
Multiparts:		<none>
Headers:		Accept=*/*
				Content-Type=application/json; charset=UTF-8
Cookies:		<none>
Body:
[
    {
        "id": 1,
        "email": "Sincere@april.biz",
        "address": {
            "street": "Kulas Light",
            "suite": "Apt. 556",
            "city": "Gwenborough",
            "zipcode": "92998-3874",
            "geo": {
                "lat": "-37.3159",
                "lng": "81.1496"
            }
        },
        "phone": "1-770-736-8031 x56442",
        "website": "hildegard.org",
        "company": {
            "name": "fnlnhnhm",
            "catchPhrase": "Multi-layered client-server neural-net",
            "bs": "harness real-time e-markets"
        }
    }
]
HTTP/1.1 500 Internal Server Error
Server: Cowboy
Connection: close
Content-Encoding: gzip
Content-Type: application/json;charset=UTF-8
Date: Mon, 27 Jan 2020 07:56:50 GMT
Via: 1.1 vegur

{
    "timestamp": "2020-01-27T07:56:50.855+0000",
    "status": 500,
    "error": "Internal Server Error",
    "message": "The request was rejected because the URL contained a potentially malicious String \"%2F\"",
    "path": "/api%2F%2Fusers"
}

2020-01-27 13:26:50 Messager [ERROR]  TEST [Default test - testCreateUserMissingSomeFields] FAILED at [13:26:50 2020-01-27] - 2 expectations failed.
Expected status code <201> doesn't match actual status code <500>.

Expected status line a string containing "Created" doesn't match actual status line "HTTP/1.1 500 Internal Server Error".


sun.reflect.NativeConstructorAccessorImpl.newInstance0(Native Method)
sun.reflect.NativeConstructorAccessorImpl.newInstance(Unknown Source)
sun.reflect.DelegatingConstructorAccessorImpl.newInstance(Unknown Source)
java.lang.reflect.Constructor.newInstance(Unknown Source)
org.codehaus.groovy.reflection.CachedConstructor.invoke(CachedConstructor.java:80)
org.codehaus.groovy.reflection.CachedConstructor.doConstructorInvoke(CachedConstructor.java:74)
org.codehaus.groovy.runtime.callsite.ConstructorSite$ConstructorSiteNoUnwrap.callConstructor(ConstructorSite.java:84)
org.codehaus.groovy.runtime.callsite.AbstractCallSite.callConstructor(AbstractCallSite.java:247)
com.jayway.restassured.internal.ResponseSpecificationImpl$HamcrestAssertionClosure.validate(ResponseSpecificationImpl.groovy:598)
com.jayway.restassured.internal.ResponseSpecificationImpl$HamcrestAssertionClosure$validate$1.call(Unknown Source)
com.jayway.restassured.internal.RequestSpecificationImpl.applyPathParamsAndSendRequest(RequestSpecificationImpl.groovy:1597)
sun.reflect.NativeMethodAccessorImpl.invoke0(Native Method)
sun.reflect.NativeMethodAccessorImpl.invoke(Unknown Source)
sun.reflect.DelegatingMethodAccessorImpl.invoke(Unknown Source)
java.lang.reflect.Method.invoke(Unknown Source)
org.codehaus.groovy.reflection.CachedMethod.invoke(CachedMethod.java:93)
groovy.lang.MetaMethod.doMethodInvoke(MetaMethod.java:325)
groovy.lang.MetaClassImpl.invokeMethod(MetaClassImpl.java:1210)
groovy.lang.MetaClassImpl.invokeMethod(MetaClassImpl.java:1019)
groovy.lang.MetaClassImpl.invokeMethod(MetaClassImpl.java:810)
com.jayway.restassured.internal.RequestSpecificationImpl.invokeMethod(RequestSpecificationImpl.groovy)
org.codehaus.groovy.runtime.callsite.PogoInterceptableSite.call(PogoInterceptableSite.java:48)
org.codehaus.groovy.runtime.callsite.PogoInterceptableSite.callCurrent(PogoInterceptableSite.java:58)
org.codehaus.groovy.runtime.callsite.AbstractCallSite.callCurrent(AbstractCallSite.java:182)
com.jayway.restassured.internal.RequestSpecificationImpl.post(RequestSpecificationImpl.groovy:164)
com.jayway.restassured.internal.RequestSpecificationImpl.post(RequestSpecificationImpl.groovy)
com.qaprosoft.carina.core.foundation.api.http.HttpClient.send(HttpClient.java:42)
com.qaprosoft.carina.core.foundation.api.AbstractApiMethod.callAPI(AbstractApiMethod.java:201)
com.qaprosoft.carina.core.foundation.api.AbstractApiMethodV2.callAPI(AbstractApiMethodV2.java:98)
com.qaprosoft.carina.demo.APISampleTest.testCreateUserMissingSomeFields(APISampleTest.java:35)
sun.reflect.NativeMethodAccessorImpl.invoke0(Native Method)
sun.reflect.NativeMethodAccessorImpl.invoke(Unknown Source)
sun.reflect.DelegatingMethodAccessorImpl.invoke(Unknown Source)
java.lang.reflect.Method.invoke(Unknown Source)
org.testng.internal.MethodInvocationHelper.invokeMethod(MethodInvocationHelper.java:124)
org.testng.internal.Invoker.invokeMethod(Invoker.java:583)
org.testng.internal.Invoker.invokeTestMethod(Invoker.java:719)
org.testng.internal.Invoker.invokeTestMethods(Invoker.java:989)
org.testng.internal.TestMethodWorker.invokeTestMethods(TestMethodWorker.java:125)
org.testng.internal.TestMethodWorker.run(TestMethodWorker.java:109)
org.testng.TestRunner.privateRun(TestRunner.java:648)
org.testng.TestRunner.run(TestRunner.java:505)
org.testng.SuiteRunner.runTest(SuiteRunner.java:455)
org.testng.SuiteRunner.runSequentially(SuiteRunner.java:450)
org.testng.SuiteRunner.privateRun(SuiteRunner.java:415)
org.testng.SuiteRunner.run(SuiteRunner.java:364)
org.testng.SuiteRunnerWorker.runSuite(SuiteRunnerWorker.java:52)
org.testng.SuiteRunnerWorker.run(SuiteRunnerWorker.java:84)
org.testng.TestNG.runSuitesSequentially(TestNG.java:1208)
org.testng.TestNG.runSuitesLocally(TestNG.java:1137)
org.testng.TestNG.runSuites(TestNG.java:1049)
org.testng.TestNG.run(TestNG.java:1017)
org.testng.remote.AbstractRemoteTestNG.run(AbstractRemoteTestNG.java:115)
org.testng.remote.RemoteTestNG.initAndRun(RemoteTestNG.java:251)
org.testng.remote.RemoteTestNG.main(RemoteTestNG.java:77)
2020-01-27 13:26:50 Messager [INFO]  TEST [Default test - testDeleteUsers] STARTED at [13:26:50 2020-01-27]
2020-01-27 13:26:51 AbstractApiMethodV2 [INFO] Base properties loaded: api/users/user.properties
2020-01-27 13:26:52 AbstractApiMethod [INFO] Request method:	DELETE
Request path:	https://qeeper.herokuapp.com/api%2F%2Fusers/1
Proxy:			<none>
Request params:	<none>
Query params:	<none>
Form params:	<none>
Path params:	<none>
Multiparts:		<none>
Headers:		Accept=*/*
				Content-Type=application/json; charset=UTF-8
Cookies:		<none>
Body:
[
    {
        "id": 1,
        "name": "Leanne Graham",
        "username": "gkjrlolq",
        "email": "Sincere@april.biz",
        "address": {
            "street": "Kulas Light",
            "suite": "Apt. 556",
            "city": "Gwenborough",
            "zipcode": "92998-3874",
            "geo": {
                "lat": "-37.3159",
                "lng": "81.1496"
            }
        },
        "phone": "1-770-736-8031 x56442",
        "website": "hildegard.org",
        "company": {
            "name": "ikdjinnr",
            "catchPhrase": "Multi-layered client-server neural-net",
            "bs": "harness real-time e-markets"
        }
    },
    {
        "id": 2,
        "name": "Leanne Graham",
        "username": "gkjrlolq",
        "email": "Sincere@april.biz",
        "address": {
            "street": "Kulas Light",
            "suite": "Apt. 556",
            "city": "Gwenborough",
            "zipcode": "92998-3874",
            "geo": {
                "lat": "-37.3159",
                "lng": "81.1496"
            }
        },
        "phone": "1-770-736-8031 x56442",
        "website": "hildegard.org",
        "company": {
            "name": "ikdjinnr",
            "catchPhrase": "Multi-layered client-server neural-net",
            "bs": "harness real-time e-markets"
        }
    }
]
HTTP/1.1 500 Internal Server Error
Server: Cowboy
Connection: close
Content-Encoding: gzip
Content-Type: application/json;charset=UTF-8
Date: Mon, 27 Jan 2020 07:56:52 GMT
Via: 1.1 vegur

{
    "timestamp": "2020-01-27T07:56:52.232+0000",
    "status": 500,
    "error": "Internal Server Error",
    "message": "The request was rejected because the URL contained a potentially malicious String \"%2F\"",
    "path": "/api%2F%2Fusers/1"
}

2020-01-27 13:26:52 Messager [ERROR]  TEST [Default test - testDeleteUsers] FAILED at [13:26:52 2020-01-27] - 2 expectations failed.
Expected status code <200> doesn't match actual status code <500>.

Expected status line a string containing "OK" doesn't match actual status line "HTTP/1.1 500 Internal Server Error".


sun.reflect.NativeConstructorAccessorImpl.newInstance0(Native Method)
sun.reflect.NativeConstructorAccessorImpl.newInstance(Unknown Source)
sun.reflect.DelegatingConstructorAccessorImpl.newInstance(Unknown Source)
java.lang.reflect.Constructor.newInstance(Unknown Source)
org.codehaus.groovy.reflection.CachedConstructor.invoke(CachedConstructor.java:80)
org.codehaus.groovy.reflection.CachedConstructor.doConstructorInvoke(CachedConstructor.java:74)
org.codehaus.groovy.runtime.callsite.ConstructorSite$ConstructorSiteNoUnwrap.callConstructor(ConstructorSite.java:84)
org.codehaus.groovy.runtime.callsite.AbstractCallSite.callConstructor(AbstractCallSite.java:247)
com.jayway.restassured.internal.ResponseSpecificationImpl$HamcrestAssertionClosure.validate(ResponseSpecificationImpl.groovy:598)
com.jayway.restassured.internal.ResponseSpecificationImpl$HamcrestAssertionClosure$validate$1.call(Unknown Source)
com.jayway.restassured.internal.RequestSpecificationImpl.applyPathParamsAndSendRequest(RequestSpecificationImpl.groovy:1597)
sun.reflect.NativeMethodAccessorImpl.invoke0(Native Method)
sun.reflect.NativeMethodAccessorImpl.invoke(Unknown Source)
sun.reflect.DelegatingMethodAccessorImpl.invoke(Unknown Source)
java.lang.reflect.Method.invoke(Unknown Source)
org.codehaus.groovy.reflection.CachedMethod.invoke(CachedMethod.java:93)
groovy.lang.MetaMethod.doMethodInvoke(MetaMethod.java:325)
groovy.lang.MetaClassImpl.invokeMethod(MetaClassImpl.java:1210)
groovy.lang.MetaClassImpl.invokeMethod(MetaClassImpl.java:1019)
groovy.lang.MetaClassImpl.invokeMethod(MetaClassImpl.java:810)
com.jayway.restassured.internal.RequestSpecificationImpl.invokeMethod(RequestSpecificationImpl.groovy)
org.codehaus.groovy.runtime.callsite.PogoInterceptableSite.call(PogoInterceptableSite.java:48)
org.codehaus.groovy.runtime.callsite.PogoInterceptableSite.callCurrent(PogoInterceptableSite.java:58)
org.codehaus.groovy.runtime.callsite.CallSiteArray.defaultCallCurrent(CallSiteArray.java:52)
org.codehaus.groovy.runtime.callsite.AbstractCallSite.callCurrent(AbstractCallSite.java:154)
org.codehaus.groovy.runtime.callsite.AbstractCallSite.callCurrent(AbstractCallSite.java:182)
com.jayway.restassured.internal.RequestSpecificationImpl.delete(RequestSpecificationImpl.groovy:172)
com.jayway.restassured.internal.RequestSpecificationImpl.delete(RequestSpecificationImpl.groovy)
com.qaprosoft.carina.core.foundation.api.http.HttpClient.send(HttpClient.java:45)
com.qaprosoft.carina.core.foundation.api.AbstractApiMethod.callAPI(AbstractApiMethod.java:201)
com.qaprosoft.carina.core.foundation.api.AbstractApiMethodV2.callAPI(AbstractApiMethodV2.java:98)
com.qaprosoft.carina.demo.APISampleTest.testDeleteUsers(APISampleTest.java:55)
sun.reflect.NativeMethodAccessorImpl.invoke0(Native Method)
sun.reflect.NativeMethodAccessorImpl.invoke(Unknown Source)
sun.reflect.DelegatingMethodAccessorImpl.invoke(Unknown Source)
java.lang.reflect.Method.invoke(Unknown Source)
org.testng.internal.MethodInvocationHelper.invokeMethod(MethodInvocationHelper.java:124)
org.testng.internal.Invoker.invokeMethod(Invoker.java:583)
org.testng.internal.Invoker.invokeTestMethod(Invoker.java:719)
org.testng.internal.Invoker.invokeTestMethods(Invoker.java:989)
org.testng.internal.TestMethodWorker.invokeTestMethods(TestMethodWorker.java:125)
org.testng.internal.TestMethodWorker.run(TestMethodWorker.java:109)
org.testng.TestRunner.privateRun(TestRunner.java:648)
org.testng.TestRunner.run(TestRunner.java:505)
org.testng.SuiteRunner.runTest(SuiteRunner.java:455)
org.testng.SuiteRunner.runSequentially(SuiteRunner.java:450)
org.testng.SuiteRunner.privateRun(SuiteRunner.java:415)
org.testng.SuiteRunner.run(SuiteRunner.java:364)
org.testng.SuiteRunnerWorker.runSuite(SuiteRunnerWorker.java:52)
org.testng.SuiteRunnerWorker.run(SuiteRunnerWorker.java:84)
org.testng.TestNG.runSuitesSequentially(TestNG.java:1208)
org.testng.TestNG.runSuitesLocally(TestNG.java:1137)
org.testng.TestNG.runSuites(TestNG.java:1049)
org.testng.TestNG.run(TestNG.java:1017)
org.testng.remote.AbstractRemoteTestNG.run(AbstractRemoteTestNG.java:115)
org.testng.remote.RemoteTestNG.initAndRun(RemoteTestNG.java:251)
org.testng.remote.RemoteTestNG.main(RemoteTestNG.java:77)
2020-01-27 13:26:52 Messager [INFO]  TEST [Default test - testGetUsers] STARTED at [13:26:52 2020-01-27]
2020-01-27 13:26:53 AbstractApiMethod [INFO] Request method:	GET
Request path:	https://qeeper.herokuapp.com/api%2F%2Fusers
Proxy:			<none>
Request params:	<none>
Query params:	<none>
Form params:	<none>
Path params:	<none>
Multiparts:		<none>
Headers:		Accept=*/*
				Content-Type=application/json; charset=UTF-8
Cookies:		<none>
Body:			<none>
HTTP/1.1 500 Internal Server Error
Server: Cowboy
Connection: close
Content-Encoding: gzip
Content-Type: application/json;charset=UTF-8
Date: Mon, 27 Jan 2020 07:56:53 GMT
Via: 1.1 vegur

{
    "timestamp": "2020-01-27T07:56:53.260+0000",
    "status": 500,
    "error": "Internal Server Error",
    "message": "The request was rejected because the URL contained a potentially malicious String \"%2F\"",
    "path": "/api%2F%2Fusers"
}

2020-01-27 13:26:53 Messager [ERROR]  TEST [Default test - testGetUsers] FAILED at [13:26:53 2020-01-27] - 2 expectations failed.
Expected status code <200> doesn't match actual status code <500>.

Expected status line a string containing "OK" doesn't match actual status line "HTTP/1.1 500 Internal Server Error".


sun.reflect.NativeConstructorAccessorImpl.newInstance0(Native Method)
sun.reflect.NativeConstructorAccessorImpl.newInstance(Unknown Source)
sun.reflect.DelegatingConstructorAccessorImpl.newInstance(Unknown Source)
java.lang.reflect.Constructor.newInstance(Unknown Source)
org.codehaus.groovy.reflection.CachedConstructor.invoke(CachedConstructor.java:80)
org.codehaus.groovy.reflection.CachedConstructor.doConstructorInvoke(CachedConstructor.java:74)
org.codehaus.groovy.runtime.callsite.ConstructorSite$ConstructorSiteNoUnwrap.callConstructor(ConstructorSite.java:84)
org.codehaus.groovy.runtime.callsite.AbstractCallSite.callConstructor(AbstractCallSite.java:247)
com.jayway.restassured.internal.ResponseSpecificationImpl$HamcrestAssertionClosure.validate(ResponseSpecificationImpl.groovy:598)
com.jayway.restassured.internal.ResponseSpecificationImpl$HamcrestAssertionClosure$validate$1.call(Unknown Source)
com.jayway.restassured.internal.RequestSpecificationImpl.applyPathParamsAndSendRequest(RequestSpecificationImpl.groovy:1597)
sun.reflect.NativeMethodAccessorImpl.invoke0(Native Method)
sun.reflect.NativeMethodAccessorImpl.invoke(Unknown Source)
sun.reflect.DelegatingMethodAccessorImpl.invoke(Unknown Source)
java.lang.reflect.Method.invoke(Unknown Source)
org.codehaus.groovy.reflection.CachedMethod.invoke(CachedMethod.java:93)
groovy.lang.MetaMethod.doMethodInvoke(MetaMethod.java:325)
groovy.lang.MetaClassImpl.invokeMethod(MetaClassImpl.java:1210)
groovy.lang.MetaClassImpl.invokeMethod(MetaClassImpl.java:1019)
groovy.lang.MetaClassImpl.invokeMethod(MetaClassImpl.java:810)
com.jayway.restassured.internal.RequestSpecificationImpl.invokeMethod(RequestSpecificationImpl.groovy)
org.codehaus.groovy.runtime.callsite.PogoInterceptableSite.call(PogoInterceptableSite.java:48)
org.codehaus.groovy.runtime.callsite.PogoInterceptableSite.callCurrent(PogoInterceptableSite.java:58)
org.codehaus.groovy.runtime.callsite.CallSiteArray.defaultCallCurrent(CallSiteArray.java:52)
org.codehaus.groovy.runtime.callsite.AbstractCallSite.callCurrent(AbstractCallSite.java:154)
org.codehaus.groovy.runtime.callsite.AbstractCallSite.callCurrent(AbstractCallSite.java:182)
com.jayway.restassured.internal.RequestSpecificationImpl.get(RequestSpecificationImpl.groovy:160)
com.jayway.restassured.internal.RequestSpecificationImpl.get(RequestSpecificationImpl.groovy)
com.qaprosoft.carina.core.foundation.api.http.HttpClient.send(HttpClient.java:36)
com.qaprosoft.carina.core.foundation.api.AbstractApiMethod.callAPI(AbstractApiMethod.java:201)
com.qaprosoft.carina.core.foundation.api.AbstractApiMethodV2.callAPI(AbstractApiMethodV2.java:98)
com.qaprosoft.carina.demo.APISampleTest.testGetUsers(APISampleTest.java:44)
sun.reflect.NativeMethodAccessorImpl.invoke0(Native Method)
sun.reflect.NativeMethodAccessorImpl.invoke(Unknown Source)
sun.reflect.DelegatingMethodAccessorImpl.invoke(Unknown Source)
java.lang.reflect.Method.invoke(Unknown Source)
org.testng.internal.MethodInvocationHelper.invokeMethod(MethodInvocationHelper.java:124)
org.testng.internal.Invoker.invokeMethod(Invoker.java:583)
org.testng.internal.Invoker.invokeTestMethod(Invoker.java:719)
org.testng.internal.Invoker.invokeTestMethods(Invoker.java:989)
org.testng.internal.TestMethodWorker.invokeTestMethods(TestMethodWorker.java:125)
org.testng.internal.TestMethodWorker.run(TestMethodWorker.java:109)
org.testng.TestRunner.privateRun(TestRunner.java:648)
org.testng.TestRunner.run(TestRunner.java:505)
org.testng.SuiteRunner.runTest(SuiteRunner.java:455)
org.testng.SuiteRunner.runSequentially(SuiteRunner.java:450)
org.testng.SuiteRunner.privateRun(SuiteRunner.java:415)
org.testng.SuiteRunner.run(SuiteRunner.java:364)
org.testng.SuiteRunnerWorker.runSuite(SuiteRunnerWorker.java:52)
org.testng.SuiteRunnerWorker.run(SuiteRunnerWorker.java:84)
org.testng.TestNG.runSuitesSequentially(TestNG.java:1208)
org.testng.TestNG.runSuitesLocally(TestNG.java:1137)
org.testng.TestNG.runSuites(TestNG.java:1049)
org.testng.TestNG.run(TestNG.java:1017)
org.testng.remote.AbstractRemoteTestNG.run(AbstractRemoteTestNG.java:115)
org.testng.remote.RemoteTestNG.initAndRun(RemoteTestNG.java:251)
org.testng.remote.RemoteTestNG.main(RemoteTestNG.java:77)
2020-01-27 13:26:53 Messager [INFO] INFO: '**************** Test execution summary ****************'.
2020-01-27 13:26:53 Messager [INFO] RESULT #1: TEST [Default test - testCreateUser] FAIL [log=file://D:\Testng\Atlas_Demo\.\reports\qa\1580111771048/e15f5170-506f-4b26-a8bc-2de1177f244a/test.log]
2020-01-27 13:26:53 Messager [INFO] RESULT #2: TEST [Default test - testCreateUserMissingSomeFields] FAIL [log=file://D:\Testng\Atlas_Demo\.\reports\qa\1580111771048/cd9823a8-d157-431a-852f-7d2acc2a015b/test.log]
2020-01-27 13:26:53 Messager [INFO] RESULT #3: TEST [Default test - testDeleteUsers] FAIL [log=file://D:\Testng\Atlas_Demo\.\reports\qa\1580111771048/4391c399-c6ab-4fa4-9840-a83549f82ce9/test.log]
2020-01-27 13:26:53 Messager [INFO] RESULT #4: TEST [Default test - testGetUsers] FAIL [log=file://D:\Testng\Atlas_Demo\.\reports\qa\1580111771048/64b00421-25f4-42b6-909f-53e6e1ab3ce1/test.log]
2020-01-27 13:40:15 CarinaListener [INFO] 
============= Test configuration =============
url={must_override}
env=DEMO
env_arg_resolver=com.qaprosoft.carina.core.foundation.utils.DefaultEnvArgResolver
platform=*
browser=
browser_version=
browser_language=
selenium_host=https://qkm1.qualitykiosk.com/appiumcloud/wd/hub
driver_event_listeners=com.qaprosoft.carina.demo.utils.PerfEventHandler
max_driver_count=3
custom_capabilities=
chrome_args=
chrome_experimental_opts=
chrome_mobile_emulation_opts=
firefox_args=
firefox_preferences=
app_version=
proxy_host=
proxy_port=
proxy_protocols=http,https,ftp
browsermob_proxy=false
browsermob_host=
browsermob_port=0
browsermob_ports_range=
browsermob_disabled_mitm=false
proxy_set_to_system=false
report_url=
email_list=
failure_email_list=
track_known_issues=false
auto_screenshot=true
implicit_timeout=10
explicit_timeout=20
auto_download=false
auto_download_apps=
custom_artifacts_folder=
retry_interval=5
project_report_directory=./reports/qa
max_screen_history=10
max_log_file_size=150
result_sorting=true
big_screen_width=-1
big_screen_height=-1
small_screen_width=90
small_screen_height=60
init_retry_count=0
init_retry_interval=1
retry_count=0
enable_l10n=true
l10n_encoding=ISO-8859-1
locale=en_US
enable_i18n=true
language=en_US
thread_count=1
data_provider_thread_count=-1
core_log_level=INFO
core_log_packages=com.qaprosoft.carina.core
artifacts_expiration_seconds=2592000
log_all_json=true
date_format=HH:mm:ss yyyy-MM-dd
time_format=HH:mm:ss
suite_name=
jira_updater=com.qaprosoft.carina.core.foundation.jira.DefaultJiraUpdater
jira_url=
jira_user=
jira_password=
jira_suite_id=
jira_project=
jira_project_short=
jira_create_new_ticket=false
test_naming_pattern={method_name}
optimize_video_recording=false
testrail_run_name=
testrail_milestone=
testrail_assignee=
qtest_cycle_name=DailyAutomation
qtest_suite_name=
s3_bucket_name=
access_key_id=
secret_key=
s3_use_presign_url=false
s3_local_storage=.
appcenter_token=
appcenter_local_storage=.
add_new_localization=false
add_new_localization_encoding=utf-8
add_new_localization_path=
add_new_localization_property_name=new_custom_messages_
tls_keysecure_location=
health_check_class=
health_check_methods=
uninstall_related_apps=false
default_device_timezone=GMT
default_device_time_format=24
default_device_language=en_US
android_screen_record_size=
android_screen_record_bitrate=
android_enable_bug_report=true
ios_screen_record_quality=MEDIUM
ios_screen_record_codec=libx264
ios_screen_record_fps=10
screen_record_duration=180
video_scale=-2:720
ignore_ssl=false
test_run_rules=
hub_mode=selenium
extract_sys_log=false
selenium_host=https://qkm1.qualitykiosk.com/appiumcloud/wd/hub

------------- Driver capabilities -----------
capabilities.appPackage=fc.admin.fcexpressadmin
capabilities.platformVersion=9
capabilities.appActivity=fc.admin.fcexpressadmin.HomeActivity
capabilities.automationName=uiautomator2
capabilities.platformName=ANDROID
================================================

2020-01-27 13:40:15 CarinaListener [INFO] Set data_provider_thread_count=1
2020-01-27 13:40:15 CarinaListener [INFO] CARINA_CORE_VERSION: 6.3.30
2020-01-27 13:40:16 M1CloudActivities [INFO] DeviceName: Samsung_Galaxy_J7_Prime.properties
2020-01-27 13:40:18 IDriverPool [ERROR] Driver initialization 'DEFAULT' FAILED! Retry 1 of 1 time - javax.net.ssl.SSLHandshakeException: sun.security.validator.ValidatorException: PKIX path building failed: sun.security.provider.certpath.SunCertPathBuilderException: unable to find valid certification path to requested target
Build info: version: '3.141.59', revision: 'e82be7d358', time: '2018-11-14T08:17:03'
System info: host: 'QKNBK299', ip: '10.0.6.172', os.name: 'Windows 7', os.arch: 'amd64', os.version: '6.1', java.version: '1.8.0_45'
Driver info: driver.version: AndroidDriver
org.openqa.selenium.WebDriverException: javax.net.ssl.SSLHandshakeException: sun.security.validator.ValidatorException: PKIX path building failed: sun.security.provider.certpath.SunCertPathBuilderException: unable to find valid certification path to requested target
Build info: version: '3.141.59', revision: 'e82be7d358', time: '2018-11-14T08:17:03'
System info: host: 'QKNBK299', ip: '10.0.6.172', os.name: 'Windows 7', os.arch: 'amd64', os.version: '6.1', java.version: '1.8.0_45'
Driver info: driver.version: AndroidDriver
	at com.qaprosoft.carina.core.foundation.webdriver.listener.EventFiringAppiumCommandExecutor.execute(EventFiringAppiumCommandExecutor.java:169)
	at org.openqa.selenium.remote.RemoteWebDriver.execute(RemoteWebDriver.java:552)
	at io.appium.java_client.DefaultGenericMobileDriver.execute(DefaultGenericMobileDriver.java:41)
	at io.appium.java_client.AppiumDriver.execute(AppiumDriver.java:1)
	at io.appium.java_client.android.AndroidDriver.execute(AndroidDriver.java:1)
	at org.openqa.selenium.remote.RemoteWebDriver.startSession(RemoteWebDriver.java:213)
	at io.appium.java_client.AppiumDriver.startSession(AppiumDriver.java:323)
	at org.openqa.selenium.remote.RemoteWebDriver.<init>(RemoteWebDriver.java:131)
	at io.appium.java_client.DefaultGenericMobileDriver.<init>(DefaultGenericMobileDriver.java:37)
	at io.appium.java_client.AppiumDriver.<init>(AppiumDriver.java:86)
	at io.appium.java_client.android.AndroidDriver.<init>(AndroidDriver.java:84)
	at com.qaprosoft.carina.core.foundation.webdriver.core.factory.impl.MobileFactory.create(MobileFactory.java:167)
	at com.qaprosoft.carina.core.foundation.webdriver.core.factory.DriverFactory.create(DriverFactory.java:71)
	at com.qaprosoft.carina.core.foundation.webdriver.IDriverPool.createDriver(IDriverPool.java:353)
	at com.qaprosoft.carina.core.foundation.webdriver.IDriverPool.getDriver(IDriverPool.java:143)
	at com.qaprosoft.carina.demo.QtracCucumberTest.setCustCaps(QtracCucumberTest.java:29)
	at sun.reflect.NativeMethodAccessorImpl.invoke0(Native Method)
	at sun.reflect.NativeMethodAccessorImpl.invoke(Unknown Source)
	at sun.reflect.DelegatingMethodAccessorImpl.invoke(Unknown Source)
	at java.lang.reflect.Method.invoke(Unknown Source)
	at org.testng.internal.MethodInvocationHelper.invokeMethod(MethodInvocationHelper.java:124)
	at org.testng.internal.MethodInvocationHelper.invokeMethodConsideringTimeout(MethodInvocationHelper.java:59)
	at org.testng.internal.Invoker.invokeConfigurationMethod(Invoker.java:458)
	at org.testng.internal.Invoker.invokeConfigurations(Invoker.java:222)
	at org.testng.internal.Invoker.invokeConfigurations(Invoker.java:142)
	at org.testng.TestRunner.beforeRun(TestRunner.java:529)
	at org.testng.TestRunner.run(TestRunner.java:497)
	at org.testng.SuiteRunner.runTest(SuiteRunner.java:455)
	at org.testng.SuiteRunner.runSequentially(SuiteRunner.java:450)
	at org.testng.SuiteRunner.privateRun(SuiteRunner.java:415)
	at org.testng.SuiteRunner.run(SuiteRunner.java:364)
	at org.testng.SuiteRunnerWorker.runSuite(SuiteRunnerWorker.java:52)
	at org.testng.SuiteRunnerWorker.run(SuiteRunnerWorker.java:84)
	at org.testng.TestNG.runSuitesSequentially(TestNG.java:1208)
	at org.testng.TestNG.runSuitesLocally(TestNG.java:1137)
	at org.testng.TestNG.runSuites(TestNG.java:1049)
	at org.testng.TestNG.run(TestNG.java:1017)
	at org.testng.remote.AbstractRemoteTestNG.run(AbstractRemoteTestNG.java:115)
	at org.testng.remote.RemoteTestNG.initAndRun(RemoteTestNG.java:251)
	at org.testng.remote.RemoteTestNG.main(RemoteTestNG.java:77)
Caused by: javax.net.ssl.SSLHandshakeException: sun.security.validator.ValidatorException: PKIX path building failed: sun.security.provider.certpath.SunCertPathBuilderException: unable to find valid certification path to requested target
	at sun.security.ssl.Alerts.getSSLException(Unknown Source)
	at sun.security.ssl.SSLSocketImpl.fatal(Unknown Source)
	at sun.security.ssl.Handshaker.fatalSE(Unknown Source)
	at sun.security.ssl.Handshaker.fatalSE(Unknown Source)
	at sun.security.ssl.ClientHandshaker.serverCertificate(Unknown Source)
	at sun.security.ssl.ClientHandshaker.processMessage(Unknown Source)
	at sun.security.ssl.Handshaker.processLoop(Unknown Source)
	at sun.security.ssl.Handshaker.process_record(Unknown Source)
	at sun.security.ssl.SSLSocketImpl.readRecord(Unknown Source)
	at sun.security.ssl.SSLSocketImpl.performInitialHandshake(Unknown Source)
	at sun.security.ssl.SSLSocketImpl.startHandshake(Unknown Source)
	at sun.security.ssl.SSLSocketImpl.startHandshake(Unknown Source)
	at okhttp3.internal.connection.RealConnection.connectTls(RealConnection.java:318)
	at okhttp3.internal.connection.RealConnection.establishProtocol(RealConnection.java:282)
	at okhttp3.internal.connection.RealConnection.connect(RealConnection.java:167)
	at okhttp3.internal.connection.StreamAllocation.findConnection(StreamAllocation.java:257)
	at okhttp3.internal.connection.StreamAllocation.findHealthyConnection(StreamAllocation.java:135)
	at okhttp3.internal.connection.StreamAllocation.newStream(StreamAllocation.java:114)
	at okhttp3.internal.connection.ConnectInterceptor.intercept(ConnectInterceptor.java:42)
	at okhttp3.internal.http.RealInterceptorChain.proceed(RealInterceptorChain.java:147)
	at okhttp3.internal.http.RealInterceptorChain.proceed(RealInterceptorChain.java:121)
	at okhttp3.internal.cache.CacheInterceptor.intercept(CacheInterceptor.java:93)
	at okhttp3.internal.http.RealInterceptorChain.proceed(RealInterceptorChain.java:147)
	at okhttp3.internal.http.RealInterceptorChain.proceed(RealInterceptorChain.java:121)
	at okhttp3.internal.http.BridgeInterceptor.intercept(BridgeInterceptor.java:93)
	at okhttp3.internal.http.RealInterceptorChain.proceed(RealInterceptorChain.java:147)
	at okhttp3.internal.http.RetryAndFollowUpInterceptor.intercept(RetryAndFollowUpInterceptor.java:126)
	at okhttp3.internal.http.RealInterceptorChain.proceed(RealInterceptorChain.java:147)
	at okhttp3.internal.http.RealInterceptorChain.proceed(RealInterceptorChain.java:121)
	at okhttp3.RealCall.getResponseWithInterceptorChain(RealCall.java:200)
	at okhttp3.RealCall.execute(RealCall.java:77)
	at org.openqa.selenium.remote.internal.OkHttpClient.execute(OkHttpClient.java:103)
	at org.openqa.selenium.remote.ProtocolHandshake.createSession(ProtocolHandshake.java:105)
	at org.openqa.selenium.remote.ProtocolHandshake.createSession(ProtocolHandshake.java:74)
	at org.openqa.selenium.remote.HttpCommandExecutor.execute(HttpCommandExecutor.java:136)
	at com.qaprosoft.carina.core.foundation.webdriver.listener.EventFiringAppiumCommandExecutor.execute(EventFiringAppiumCommandExecutor.java:150)
	... 39 more
Caused by: sun.security.validator.ValidatorException: PKIX path building failed: sun.security.provider.certpath.SunCertPathBuilderException: unable to find valid certification path to requested target
	at sun.security.validator.PKIXValidator.doBuild(Unknown Source)
	at sun.security.validator.PKIXValidator.engineValidate(Unknown Source)
	at sun.security.validator.Validator.validate(Unknown Source)
	at sun.security.ssl.X509TrustManagerImpl.validate(Unknown Source)
	at sun.security.ssl.X509TrustManagerImpl.checkTrusted(Unknown Source)
	at sun.security.ssl.X509TrustManagerImpl.checkServerTrusted(Unknown Source)
	... 71 more
Caused by: sun.security.provider.certpath.SunCertPathBuilderException: unable to find valid certification path to requested target
	at sun.security.provider.certpath.SunCertPathBuilder.build(Unknown Source)
	at sun.security.provider.certpath.SunCertPathBuilder.engineBuild(Unknown Source)
	at java.security.cert.CertPathBuilder.build(Unknown Source)
	... 77 more
2020-01-27 13:40:18 Messager [WARN]  TEST [Default test - feature] SKIPPED at [13:40:18 2020-01-27] - javax.net.ssl.SSLHandshakeException: sun.security.validator.ValidatorException: PKIX path building failed: sun.security.provider.certpath.SunCertPathBuilderException: unable to find valid certification path to requested target
Build info: version: '3.141.59', revision: 'e82be7d358', time: '2018-11-14T08:17:03'
System info: host: 'QKNBK299', ip: '10.0.6.172', os.name: 'Windows 7', os.arch: 'amd64', os.version: '6.1', java.version: '1.8.0_45'
Driver info: driver.version: AndroidDriver

com.qaprosoft.carina.core.foundation.webdriver.listener.EventFiringAppiumCommandExecutor.execute(EventFiringAppiumCommandExecutor.java:169)
org.openqa.selenium.remote.RemoteWebDriver.execute(RemoteWebDriver.java:552)
io.appium.java_client.DefaultGenericMobileDriver.execute(DefaultGenericMobileDriver.java:41)
io.appium.java_client.AppiumDriver.execute(AppiumDriver.java:1)
io.appium.java_client.android.AndroidDriver.execute(AndroidDriver.java:1)
org.openqa.selenium.remote.RemoteWebDriver.startSession(RemoteWebDriver.java:213)
io.appium.java_client.AppiumDriver.startSession(AppiumDriver.java:323)
org.openqa.selenium.remote.RemoteWebDriver.<init>(RemoteWebDriver.java:131)
io.appium.java_client.DefaultGenericMobileDriver.<init>(DefaultGenericMobileDriver.java:37)
io.appium.java_client.AppiumDriver.<init>(AppiumDriver.java:86)
io.appium.java_client.android.AndroidDriver.<init>(AndroidDriver.java:84)
com.qaprosoft.carina.core.foundation.webdriver.core.factory.impl.MobileFactory.create(MobileFactory.java:167)
com.qaprosoft.carina.core.foundation.webdriver.core.factory.DriverFactory.create(DriverFactory.java:71)
com.qaprosoft.carina.core.foundation.webdriver.IDriverPool.createDriver(IDriverPool.java:353)
com.qaprosoft.carina.core.foundation.webdriver.IDriverPool.getDriver(IDriverPool.java:143)
com.qaprosoft.carina.demo.QtracCucumberTest.setCustCaps(QtracCucumberTest.java:29)
sun.reflect.NativeMethodAccessorImpl.invoke0(Native Method)
sun.reflect.NativeMethodAccessorImpl.invoke(Unknown Source)
sun.reflect.DelegatingMethodAccessorImpl.invoke(Unknown Source)
java.lang.reflect.Method.invoke(Unknown Source)
org.testng.internal.MethodInvocationHelper.invokeMethod(MethodInvocationHelper.java:124)
org.testng.internal.MethodInvocationHelper.invokeMethodConsideringTimeout(MethodInvocationHelper.java:59)
org.testng.internal.Invoker.invokeConfigurationMethod(Invoker.java:458)
org.testng.internal.Invoker.invokeConfigurations(Invoker.java:222)
org.testng.internal.Invoker.invokeConfigurations(Invoker.java:142)
org.testng.TestRunner.beforeRun(TestRunner.java:529)
org.testng.TestRunner.run(TestRunner.java:497)
org.testng.SuiteRunner.runTest(SuiteRunner.java:455)
org.testng.SuiteRunner.runSequentially(SuiteRunner.java:450)
org.testng.SuiteRunner.privateRun(SuiteRunner.java:415)
org.testng.SuiteRunner.run(SuiteRunner.java:364)
org.testng.SuiteRunnerWorker.runSuite(SuiteRunnerWorker.java:52)
org.testng.SuiteRunnerWorker.run(SuiteRunnerWorker.java:84)
org.testng.TestNG.runSuitesSequentially(TestNG.java:1208)
org.testng.TestNG.runSuitesLocally(TestNG.java:1137)
org.testng.TestNG.runSuites(TestNG.java:1049)
org.testng.TestNG.run(TestNG.java:1017)
org.testng.remote.AbstractRemoteTestNG.run(AbstractRemoteTestNG.java:115)
org.testng.remote.RemoteTestNG.initAndRun(RemoteTestNG.java:251)
org.testng.remote.RemoteTestNG.main(RemoteTestNG.java:77)
2020-01-27 13:40:19 Messager [INFO] INFO: '**************** Test execution summary ****************'.
2020-01-27 13:40:19 Messager [INFO] RESULT #1: TEST [Default test - feature] SKIP [log=file://D:\Testng\Atlas_Demo\.\reports\qa\1580112615520/88b8ee7f-cef9-43d4-9fb9-05ae48e89293/test.log]
2020-01-27 16:32:57 CarinaListener [INFO] 
============= Test configuration =============
url={must_override}
env=DEMO
env_arg_resolver=com.qaprosoft.carina.core.foundation.utils.DefaultEnvArgResolver
platform=ANDROID
browser=
browser_version=
browser_language=
selenium_host=https://qkm1.qualitykiosk.com/appiumcloud/wd/hub
driver_event_listeners=
max_driver_count=3
custom_capabilities=
chrome_args=
chrome_experimental_opts=
chrome_mobile_emulation_opts=
firefox_args=
firefox_preferences=
app_version=
proxy_host=
proxy_port=
proxy_protocols=http,https,ftp
browsermob_proxy=false
browsermob_host=
browsermob_port=0
browsermob_ports_range=
browsermob_disabled_mitm=false
proxy_set_to_system=false
report_url=
email_list=
failure_email_list=
track_known_issues=false
auto_screenshot=true
implicit_timeout=10
explicit_timeout=20
auto_download=false
auto_download_apps=
custom_artifacts_folder=
retry_interval=5
project_report_directory=./reports/qa
max_screen_history=10
max_log_file_size=150
result_sorting=true
big_screen_width=-1
big_screen_height=-1
small_screen_width=90
small_screen_height=60
init_retry_count=0
init_retry_interval=1
retry_count=0
enable_l10n=true
l10n_encoding=ISO-8859-1
locale=en_US
enable_i18n=true
language=en_US
thread_count=1
data_provider_thread_count=-1
core_log_level=INFO
core_log_packages=com.qaprosoft.carina.core
artifacts_expiration_seconds=2592000
log_all_json=true
date_format=HH:mm:ss yyyy-MM-dd
time_format=HH:mm:ss
suite_name=
jira_updater=com.qaprosoft.carina.core.foundation.jira.DefaultJiraUpdater
jira_url=
jira_user=
jira_password=
jira_suite_id=
jira_project=
jira_project_short=
jira_create_new_ticket=false
test_naming_pattern={method_name}
optimize_video_recording=false
testrail_run_name=
testrail_milestone=
testrail_assignee=
qtest_cycle_name=DailyAutomation
qtest_suite_name=
s3_bucket_name=
access_key_id=
secret_key=
s3_use_presign_url=false
s3_local_storage=.
appcenter_token=
appcenter_local_storage=.
add_new_localization=false
add_new_localization_encoding=utf-8
add_new_localization_path=
add_new_localization_property_name=new_custom_messages_
tls_keysecure_location=
health_check_class=
health_check_methods=
uninstall_related_apps=false
default_device_timezone=GMT
default_device_time_format=24
default_device_language=en_US
android_screen_record_size=
android_screen_record_bitrate=
android_enable_bug_report=true
ios_screen_record_quality=MEDIUM
ios_screen_record_codec=libx264
ios_screen_record_fps=10
screen_record_duration=180
video_scale=-2:720
ignore_ssl=false
test_run_rules=
hub_mode=selenium
extract_sys_log=false
selenium_host=https://qkm1.qualitykiosk.com/appiumcloud/wd/hub

------------- Driver capabilities -----------
================================================

2020-01-27 16:32:57 CarinaListener [INFO] Set data_provider_thread_count=1
2020-01-27 16:32:57 CarinaListener [INFO] CARINA_CORE_VERSION: 6.3.30
2020-01-27 16:32:58 Messager [INFO]  TEST [Default test - feature] STARTED at [16:32:58 2020-01-27]
2020-01-27 16:33:03 Messager [ERROR]  TEST [Default test - feature] FAILED at [16:33:03 2020-01-27] - javax.net.ssl.SSLHandshakeException: sun.security.validator.ValidatorException: PKIX path building failed: sun.security.provider.certpath.SunCertPathBuilderException: unable to find valid certification path to requested target

cucumber.api.testng.TestNGCucumberRunner.runCucumber(TestNGCucumberRunner.java:69)
com.qaprosoft.carina.core.foundation.cucumber.CucumberRunner.feature(CucumberRunner.java:56)
sun.reflect.NativeMethodAccessorImpl.invoke0(Native Method)
sun.reflect.NativeMethodAccessorImpl.invoke(Unknown Source)
sun.reflect.DelegatingMethodAccessorImpl.invoke(Unknown Source)
java.lang.reflect.Method.invoke(Unknown Source)
org.testng.internal.MethodInvocationHelper.invokeMethod(MethodInvocationHelper.java:124)
org.testng.internal.Invoker.invokeMethod(Invoker.java:583)
org.testng.internal.Invoker.invokeTestMethod(Invoker.java:719)
org.testng.internal.Invoker.invokeTestMethods(Invoker.java:989)
org.testng.internal.TestMethodWorker.invokeTestMethods(TestMethodWorker.java:125)
org.testng.internal.TestMethodWorker.run(TestMethodWorker.java:109)
org.testng.TestRunner.privateRun(TestRunner.java:648)
org.testng.TestRunner.run(TestRunner.java:505)
org.testng.SuiteRunner.runTest(SuiteRunner.java:455)
org.testng.SuiteRunner.runSequentially(SuiteRunner.java:450)
org.testng.SuiteRunner.privateRun(SuiteRunner.java:415)
org.testng.SuiteRunner.run(SuiteRunner.java:364)
org.testng.SuiteRunnerWorker.runSuite(SuiteRunnerWorker.java:52)
org.testng.SuiteRunnerWorker.run(SuiteRunnerWorker.java:84)
org.testng.TestNG.runSuitesSequentially(TestNG.java:1208)
org.testng.TestNG.runSuitesLocally(TestNG.java:1137)
org.testng.TestNG.runSuites(TestNG.java:1049)
org.testng.TestNG.run(TestNG.java:1017)
org.testng.remote.AbstractRemoteTestNG.run(AbstractRemoteTestNG.java:115)
org.testng.remote.RemoteTestNG.initAndRun(RemoteTestNG.java:251)
org.testng.remote.RemoteTestNG.main(RemoteTestNG.java:77)
2020-01-27 16:33:03 CucumberRunner [INFO] In  @AfterClass tearDownClass
2020-01-27 16:33:03 CucumberRunner [INFO] Report json: CreateUserAPI-test-report.json
2020-01-27 16:33:03 CucumberRunner [INFO] Report json: cucumber-core-test-report.json
2020-01-27 16:33:05 Messager [INFO] INFO: '**************** Test execution summary ****************'.
2020-01-27 16:33:05 Messager [INFO] RESULT #1: TEST [Default test - feature] FAIL [log=file://D:\Testng\Atlas_Demo\.\reports\qa\1580122977251/b0e09d4c-9acd-4ec4-95ba-3a0516317528/test.log]
2020-01-27 17:36:17 CarinaListener [INFO] 
============= Test configuration =============
url={must_override}
env=DEMO
env_arg_resolver=com.qaprosoft.carina.core.foundation.utils.DefaultEnvArgResolver
platform=ANDROID
browser=
browser_version=
browser_language=
selenium_host=https://qkm1.qualitykiosk.com/appiumcloud/wd/hub
driver_event_listeners=
max_driver_count=3
custom_capabilities=
chrome_args=
chrome_experimental_opts=
chrome_mobile_emulation_opts=
firefox_args=
firefox_preferences=
app_version=
proxy_host=
proxy_port=
proxy_protocols=http,https,ftp
browsermob_proxy=false
browsermob_host=
browsermob_port=0
browsermob_ports_range=
browsermob_disabled_mitm=false
proxy_set_to_system=false
report_url=
email_list=
failure_email_list=
track_known_issues=false
auto_screenshot=true
implicit_timeout=10
explicit_timeout=20
auto_download=false
auto_download_apps=
custom_artifacts_folder=
retry_interval=5
project_report_directory=./reports/qa
max_screen_history=10
max_log_file_size=150
result_sorting=true
big_screen_width=-1
big_screen_height=-1
small_screen_width=90
small_screen_height=60
init_retry_count=0
init_retry_interval=1
retry_count=0
enable_l10n=true
l10n_encoding=ISO-8859-1
locale=en_US
enable_i18n=true
language=en_US
thread_count=1
data_provider_thread_count=-1
core_log_level=INFO
core_log_packages=com.qaprosoft.carina.core
artifacts_expiration_seconds=2592000
log_all_json=true
date_format=HH:mm:ss yyyy-MM-dd
time_format=HH:mm:ss
suite_name=
jira_updater=com.qaprosoft.carina.core.foundation.jira.DefaultJiraUpdater
jira_url=
jira_user=
jira_password=
jira_suite_id=
jira_project=
jira_project_short=
jira_create_new_ticket=false
test_naming_pattern={method_name}
optimize_video_recording=false
testrail_run_name=
testrail_milestone=
testrail_assignee=
qtest_cycle_name=DailyAutomation
qtest_suite_name=
s3_bucket_name=
access_key_id=
secret_key=
s3_use_presign_url=false
s3_local_storage=.
appcenter_token=
appcenter_local_storage=.
add_new_localization=false
add_new_localization_encoding=utf-8
add_new_localization_path=
add_new_localization_property_name=new_custom_messages_
tls_keysecure_location=
health_check_class=
health_check_methods=
uninstall_related_apps=false
default_device_timezone=GMT
default_device_time_format=24
default_device_language=en_US
android_screen_record_size=
android_screen_record_bitrate=
android_enable_bug_report=true
ios_screen_record_quality=MEDIUM
ios_screen_record_codec=libx264
ios_screen_record_fps=10
screen_record_duration=180
video_scale=-2:720
ignore_ssl=false
test_run_rules=
hub_mode=selenium
extract_sys_log=false
selenium_host=https://qkm1.qualitykiosk.com/appiumcloud/wd/hub

------------- Driver capabilities -----------
================================================

2020-01-27 17:36:18 CarinaListener [INFO] Set data_provider_thread_count=1
2020-01-27 17:36:18 CarinaListener [INFO] CARINA_CORE_VERSION: 6.3.30
2020-01-27 17:36:18 Messager [INFO]  TEST [Default test - feature] STARTED at [17:36:18 2020-01-27]
2020-01-27 17:36:25 Messager [ERROR]  TEST [Default test - feature] FAILED at [17:36:25 2020-01-27] - javax.net.ssl.SSLHandshakeException: sun.security.validator.ValidatorException: PKIX path building failed: sun.security.provider.certpath.SunCertPathBuilderException: unable to find valid certification path to requested target

cucumber.api.testng.TestNGCucumberRunner.runCucumber(TestNGCucumberRunner.java:69)
com.qaprosoft.carina.core.foundation.cucumber.CucumberRunner.feature(CucumberRunner.java:56)
sun.reflect.NativeMethodAccessorImpl.invoke0(Native Method)
sun.reflect.NativeMethodAccessorImpl.invoke(Unknown Source)
sun.reflect.DelegatingMethodAccessorImpl.invoke(Unknown Source)
java.lang.reflect.Method.invoke(Unknown Source)
org.testng.internal.MethodInvocationHelper.invokeMethod(MethodInvocationHelper.java:124)
org.testng.internal.Invoker.invokeMethod(Invoker.java:583)
org.testng.internal.Invoker.invokeTestMethod(Invoker.java:719)
org.testng.internal.Invoker.invokeTestMethods(Invoker.java:989)
org.testng.internal.TestMethodWorker.invokeTestMethods(TestMethodWorker.java:125)
org.testng.internal.TestMethodWorker.run(TestMethodWorker.java:109)
org.testng.TestRunner.privateRun(TestRunner.java:648)
org.testng.TestRunner.run(TestRunner.java:505)
org.testng.SuiteRunner.runTest(SuiteRunner.java:455)
org.testng.SuiteRunner.runSequentially(SuiteRunner.java:450)
org.testng.SuiteRunner.privateRun(SuiteRunner.java:415)
org.testng.SuiteRunner.run(SuiteRunner.java:364)
org.testng.SuiteRunnerWorker.runSuite(SuiteRunnerWorker.java:52)
org.testng.SuiteRunnerWorker.run(SuiteRunnerWorker.java:84)
org.testng.TestNG.runSuitesSequentially(TestNG.java:1208)
org.testng.TestNG.runSuitesLocally(TestNG.java:1137)
org.testng.TestNG.runSuites(TestNG.java:1049)
org.testng.TestNG.run(TestNG.java:1017)
org.testng.remote.AbstractRemoteTestNG.run(AbstractRemoteTestNG.java:115)
org.testng.remote.RemoteTestNG.initAndRun(RemoteTestNG.java:251)
org.testng.remote.RemoteTestNG.main(RemoteTestNG.java:77)
2020-01-27 17:36:25 CucumberRunner [INFO] In  @AfterClass tearDownClass
2020-01-27 17:36:25 CucumberRunner [INFO] Report json: CreateUserAPI-test-report.json
2020-01-27 17:36:25 CucumberRunner [INFO] Report json: cucumber-core-test-report.json
2020-01-27 17:36:28 Messager [INFO] INFO: '**************** Test execution summary ****************'.
2020-01-27 17:36:28 Messager [INFO] RESULT #1: TEST [Default test - feature] FAIL [log=file://D:\Testng\Atlas_Demo\.\reports\qa\1580126777973/7070ddd0-5f84-43c7-beee-e4b3c9e98636/test.log]
2020-01-27 17:38:28 CarinaListener [INFO] 
============= Test configuration =============
url={must_override}
env=DEMO
env_arg_resolver=com.qaprosoft.carina.core.foundation.utils.DefaultEnvArgResolver
platform=ANDROID
browser=
browser_version=
browser_language=
selenium_host=https://qkm1.qualitykiosk.com/appiumcloud/wd/hub
driver_event_listeners=
max_driver_count=3
custom_capabilities=
chrome_args=
chrome_experimental_opts=
chrome_mobile_emulation_opts=
firefox_args=
firefox_preferences=
app_version=
proxy_host=
proxy_port=
proxy_protocols=http,https,ftp
browsermob_proxy=false
browsermob_host=
browsermob_port=0
browsermob_ports_range=
browsermob_disabled_mitm=false
proxy_set_to_system=false
report_url=
email_list=
failure_email_list=
track_known_issues=false
auto_screenshot=true
implicit_timeout=10
explicit_timeout=20
auto_download=false
auto_download_apps=
custom_artifacts_folder=
retry_interval=5
project_report_directory=./reports/qa
max_screen_history=10
max_log_file_size=150
result_sorting=true
big_screen_width=-1
big_screen_height=-1
small_screen_width=90
small_screen_height=60
init_retry_count=0
init_retry_interval=1
retry_count=0
enable_l10n=true
l10n_encoding=ISO-8859-1
locale=en_US
enable_i18n=true
language=en_US
thread_count=1
data_provider_thread_count=-1
core_log_level=INFO
core_log_packages=com.qaprosoft.carina.core
artifacts_expiration_seconds=2592000
log_all_json=true
date_format=HH:mm:ss yyyy-MM-dd
time_format=HH:mm:ss
suite_name=
jira_updater=com.qaprosoft.carina.core.foundation.jira.DefaultJiraUpdater
jira_url=
jira_user=
jira_password=
jira_suite_id=
jira_project=
jira_project_short=
jira_create_new_ticket=false
test_naming_pattern={method_name}
optimize_video_recording=false
testrail_run_name=
testrail_milestone=
testrail_assignee=
qtest_cycle_name=DailyAutomation
qtest_suite_name=
s3_bucket_name=
access_key_id=
secret_key=
s3_use_presign_url=false
s3_local_storage=.
appcenter_token=
appcenter_local_storage=.
add_new_localization=false
add_new_localization_encoding=utf-8
add_new_localization_path=
add_new_localization_property_name=new_custom_messages_
tls_keysecure_location=
health_check_class=
health_check_methods=
uninstall_related_apps=false
default_device_timezone=GMT
default_device_time_format=24
default_device_language=en_US
android_screen_record_size=
android_screen_record_bitrate=
android_enable_bug_report=true
ios_screen_record_quality=MEDIUM
ios_screen_record_codec=libx264
ios_screen_record_fps=10
screen_record_duration=180
video_scale=-2:720
ignore_ssl=false
test_run_rules=
hub_mode=selenium
extract_sys_log=false
selenium_host=https://qkm1.qualitykiosk.com/appiumcloud/wd/hub

------------- Driver capabilities -----------
================================================

2020-01-27 17:38:28 CarinaListener [INFO] Set data_provider_thread_count=1
2020-01-27 17:38:28 CarinaListener [INFO] CARINA_CORE_VERSION: 6.3.30
2020-01-27 17:38:31 Messager [WARN]  TEST [Default test - feature] SKIPPED at [17:38:31 2020-01-27] - sun.security.validator.ValidatorException: PKIX path building failed: sun.security.provider.certpath.SunCertPathBuilderException: unable to find valid certification path to requested target

sun.security.ssl.Alerts.getSSLException(Unknown Source)
sun.security.ssl.SSLSocketImpl.fatal(Unknown Source)
sun.security.ssl.Handshaker.fatalSE(Unknown Source)
sun.security.ssl.Handshaker.fatalSE(Unknown Source)
sun.security.ssl.ClientHandshaker.serverCertificate(Unknown Source)
sun.security.ssl.ClientHandshaker.processMessage(Unknown Source)
sun.security.ssl.Handshaker.processLoop(Unknown Source)
sun.security.ssl.Handshaker.process_record(Unknown Source)
sun.security.ssl.SSLSocketImpl.readRecord(Unknown Source)
sun.security.ssl.SSLSocketImpl.performInitialHandshake(Unknown Source)
sun.security.ssl.SSLSocketImpl.startHandshake(Unknown Source)
sun.security.ssl.SSLSocketImpl.startHandshake(Unknown Source)
org.apache.http.conn.ssl.SSLSocketFactory.createLayeredSocket(SSLSocketFactory.java:573)
org.apache.http.conn.ssl.SSLSocketFactory.connectSocket(SSLSocketFactory.java:557)
org.apache.http.conn.ssl.SSLSocketFactory.connectSocket(SSLSocketFactory.java:414)
org.apache.http.impl.conn.DefaultClientConnectionOperator.openConnection(DefaultClientConnectionOperator.java:180)
org.apache.http.impl.conn.ManagedClientConnectionImpl.open(ManagedClientConnectionImpl.java:326)
org.apache.http.impl.client.DefaultRequestDirector.tryConnect(DefaultRequestDirector.java:610)
org.apache.http.impl.client.DefaultRequestDirector.execute(DefaultRequestDirector.java:445)
org.apache.http.impl.client.AbstractHttpClient.doExecute(AbstractHttpClient.java:835)
org.apache.http.impl.client.CloseableHttpClient.execute(CloseableHttpClient.java:83)
org.apache.http.impl.client.CloseableHttpClient.execute(CloseableHttpClient.java:56)
org.apache.http.client.HttpClient$execute$0.call(Unknown Source)
org.codehaus.groovy.runtime.callsite.CallSiteArray.defaultCall(CallSiteArray.java:48)
org.codehaus.groovy.runtime.callsite.AbstractCallSite.call(AbstractCallSite.java:113)
org.codehaus.groovy.runtime.callsite.AbstractCallSite.call(AbstractCallSite.java:133)
com.jayway.restassured.internal.RequestSpecificationImpl$RestAssuredHttpBuilder.doRequest(RequestSpecificationImpl.groovy:1974)
com.jayway.restassured.internal.http.HTTPBuilder.doRequest(HTTPBuilder.java:492)
com.jayway.restassured.internal.http.HTTPBuilder.request(HTTPBuilder.java:441)
com.jayway.restassured.internal.http.HTTPBuilder$request$2.call(Unknown Source)
org.codehaus.groovy.runtime.callsite.CallSiteArray.defaultCall(CallSiteArray.java:48)
org.codehaus.groovy.runtime.callsite.AbstractCallSite.call(AbstractCallSite.java:113)
org.codehaus.groovy.runtime.callsite.AbstractCallSite.call(AbstractCallSite.java:141)
com.jayway.restassured.internal.RequestSpecificationImpl.sendHttpRequest(RequestSpecificationImpl.groovy:1396)
sun.reflect.NativeMethodAccessorImpl.invoke0(Native Method)
sun.reflect.NativeMethodAccessorImpl.invoke(Unknown Source)
sun.reflect.DelegatingMethodAccessorImpl.invoke(Unknown Source)
java.lang.reflect.Method.invoke(Unknown Source)
org.codehaus.groovy.reflection.CachedMethod.invoke(CachedMethod.java:93)
groovy.lang.MetaMethod.doMethodInvoke(MetaMethod.java:325)
groovy.lang.MetaClassImpl.invokeMethod(MetaClassImpl.java:1210)
groovy.lang.MetaClassImpl.invokeMethod(MetaClassImpl.java:1019)
groovy.lang.MetaClassImpl.invokeMethod(MetaClassImpl.java:810)
com.jayway.restassured.internal.RequestSpecificationImpl.invokeMethod(RequestSpecificationImpl.groovy)
org.codehaus.groovy.runtime.callsite.PogoInterceptableSite.call(PogoInterceptableSite.java:48)
org.codehaus.groovy.runtime.callsite.PogoInterceptableSite.callCurrent(PogoInterceptableSite.java:58)
org.codehaus.groovy.runtime.callsite.CallSiteArray.defaultCallCurrent(CallSiteArray.java:52)
org.codehaus.groovy.runtime.callsite.AbstractCallSite.callCurrent(AbstractCallSite.java:154)
com.jayway.restassured.internal.RequestSpecificationImpl.sendRequest(RequestSpecificationImpl.groovy:1178)
sun.reflect.NativeMethodAccessorImpl.invoke0(Native Method)
sun.reflect.NativeMethodAccessorImpl.invoke(Unknown Source)
sun.reflect.DelegatingMethodAccessorImpl.invoke(Unknown Source)
java.lang.reflect.Method.invoke(Unknown Source)
org.codehaus.groovy.reflection.CachedMethod.invoke(CachedMethod.java:93)
groovy.lang.MetaMethod.doMethodInvoke(MetaMethod.java:325)
groovy.lang.MetaClassImpl.invokeMethod(MetaClassImpl.java:1210)
groovy.lang.MetaClassImpl.invokeMethod(MetaClassImpl.java:1019)
groovy.lang.MetaClassImpl.invokeMethod(MetaClassImpl.java:810)
com.jayway.restassured.internal.RequestSpecificationImpl.invokeMethod(RequestSpecificationImpl.groovy)
org.codehaus.groovy.runtime.callsite.PogoInterceptableSite.call(PogoInterceptableSite.java:48)
org.codehaus.groovy.runtime.callsite.CallSiteArray.defaultCall(CallSiteArray.java:48)
org.codehaus.groovy.runtime.callsite.AbstractCallSite.call(AbstractCallSite.java:113)
org.codehaus.groovy.runtime.callsite.AbstractCallSite.call(AbstractCallSite.java:149)
com.jayway.restassured.internal.filter.SendRequestFilter.filter(SendRequestFilter.groovy:30)
com.jayway.restassured.filter.Filter$filter$0.call(Unknown Source)
org.codehaus.groovy.runtime.callsite.CallSiteArray.defaultCall(CallSiteArray.java:48)
com.jayway.restassured.filter.Filter$filter.call(Unknown Source)
com.jayway.restassured.internal.filter.FilterContextImpl.next(FilterContextImpl.groovy:73)
com.jayway.restassured.filter.time.TimingFilter.filter(TimingFilter.java:56)
com.jayway.restassured.filter.Filter$filter.call(Unknown Source)
org.codehaus.groovy.runtime.callsite.CallSiteArray.defaultCall(CallSiteArray.java:48)
org.codehaus.groovy.runtime.callsite.AbstractCallSite.call(AbstractCallSite.java:113)
org.codehaus.groovy.runtime.callsite.AbstractCallSite.call(AbstractCallSite.java:141)
com.jayway.restassured.internal.filter.FilterContextImpl.next(FilterContextImpl.groovy:73)
com.jayway.restassured.filter.FilterContext$next.call(Unknown Source)
org.codehaus.groovy.runtime.callsite.CallSiteArray.defaultCall(CallSiteArray.java:48)
org.codehaus.groovy.runtime.callsite.AbstractCallSite.call(AbstractCallSite.java:113)
org.codehaus.groovy.runtime.callsite.AbstractCallSite.call(AbstractCallSite.java:133)
com.jayway.restassured.internal.RequestSpecificationImpl.applyPathParamsAndSendRequest(RequestSpecificationImpl.groovy:1596)
sun.reflect.NativeMethodAccessorImpl.invoke0(Native Method)
sun.reflect.NativeMethodAccessorImpl.invoke(Unknown Source)
sun.reflect.DelegatingMethodAccessorImpl.invoke(Unknown Source)
java.lang.reflect.Method.invoke(Unknown Source)
org.codehaus.groovy.reflection.CachedMethod.invoke(CachedMethod.java:93)
groovy.lang.MetaMethod.doMethodInvoke(MetaMethod.java:325)
groovy.lang.MetaClassImpl.invokeMethod(MetaClassImpl.java:1210)
groovy.lang.MetaClassImpl.invokeMethod(MetaClassImpl.java:1019)
groovy.lang.MetaClassImpl.invokeMethod(MetaClassImpl.java:810)
com.jayway.restassured.internal.RequestSpecificationImpl.invokeMethod(RequestSpecificationImpl.groovy)
org.codehaus.groovy.runtime.callsite.PogoInterceptableSite.call(PogoInterceptableSite.java:48)
org.codehaus.groovy.runtime.callsite.PogoInterceptableSite.callCurrent(PogoInterceptableSite.java:58)
org.codehaus.groovy.runtime.callsite.CallSiteArray.defaultCallCurrent(CallSiteArray.java:52)
org.codehaus.groovy.runtime.callsite.AbstractCallSite.callCurrent(AbstractCallSite.java:154)
org.codehaus.groovy.runtime.callsite.AbstractCallSite.callCurrent(AbstractCallSite.java:182)
com.jayway.restassured.internal.RequestSpecificationImpl.get(RequestSpecificationImpl.groovy:160)
com.jayway.restassured.internal.RequestSpecificationImpl.get(RequestSpecificationImpl.groovy)
com.qaprosoft.carina.demo.utils.M1CloudActivities.getToken(M1CloudActivities.java:35)
com.qaprosoft.carina.demo.utils.M1CloudActivities.Upload_apk(M1CloudActivities.java:87)
com.qaprosoft.carina.demo.utils.M1CloudActivities.setCapabilities(M1CloudActivities.java:103)
com.qaprosoft.carina.demo.firstCry_Runner.setCustCaps(firstCry_Runner.java:27)
sun.reflect.NativeMethodAccessorImpl.invoke0(Native Method)
sun.reflect.NativeMethodAccessorImpl.invoke(Unknown Source)
sun.reflect.DelegatingMethodAccessorImpl.invoke(Unknown Source)
java.lang.reflect.Method.invoke(Unknown Source)
org.testng.internal.MethodInvocationHelper.invokeMethod(MethodInvocationHelper.java:124)
org.testng.internal.MethodInvocationHelper.invokeMethodConsideringTimeout(MethodInvocationHelper.java:59)
org.testng.internal.Invoker.invokeConfigurationMethod(Invoker.java:458)
org.testng.internal.Invoker.invokeConfigurations(Invoker.java:222)
org.testng.internal.Invoker.invokeConfigurations(Invoker.java:142)
org.testng.TestRunner.beforeRun(TestRunner.java:529)
org.testng.TestRunner.run(TestRunner.java:497)
org.testng.SuiteRunner.runTest(SuiteRunner.java:455)
org.testng.SuiteRunner.runSequentially(SuiteRunner.java:450)
org.testng.SuiteRunner.privateRun(SuiteRunner.java:415)
org.testng.SuiteRunner.run(SuiteRunner.java:364)
org.testng.SuiteRunnerWorker.runSuite(SuiteRunnerWorker.java:52)
org.testng.SuiteRunnerWorker.run(SuiteRunnerWorker.java:84)
org.testng.TestNG.runSuitesSequentially(TestNG.java:1208)
org.testng.TestNG.runSuitesLocally(TestNG.java:1137)
org.testng.TestNG.runSuites(TestNG.java:1049)
org.testng.TestNG.run(TestNG.java:1017)
org.testng.remote.AbstractRemoteTestNG.run(AbstractRemoteTestNG.java:115)
org.testng.remote.RemoteTestNG.initAndRun(RemoteTestNG.java:251)
org.testng.remote.RemoteTestNG.main(RemoteTestNG.java:77)
2020-01-27 17:38:31 Messager [INFO] INFO: '**************** Test execution summary ****************'.
2020-01-27 17:38:31 Messager [INFO] RESULT #1: TEST [Default test - feature] SKIP [log=file://D:\Testng\Atlas_Demo\.\reports\qa\1580126908711/3dd9d587-14f5-495f-86b7-b1aa09ff0356/test.log]
2020-01-27 17:44:42 CarinaListener [INFO] 
============= Test configuration =============
url={must_override}
env=DEMO
env_arg_resolver=com.qaprosoft.carina.core.foundation.utils.DefaultEnvArgResolver
platform=ANDROID
browser=
browser_version=
browser_language=
selenium_host=https://qkm1.qualitykiosk.com/appiumcloud/wd/hub
driver_event_listeners=
max_driver_count=3
custom_capabilities=
chrome_args=
chrome_experimental_opts=
chrome_mobile_emulation_opts=
firefox_args=
firefox_preferences=
app_version=
proxy_host=
proxy_port=
proxy_protocols=http,https,ftp
browsermob_proxy=false
browsermob_host=
browsermob_port=0
browsermob_ports_range=
browsermob_disabled_mitm=false
proxy_set_to_system=false
report_url=
email_list=
failure_email_list=
track_known_issues=false
auto_screenshot=true
implicit_timeout=10
explicit_timeout=20
auto_download=false
auto_download_apps=
custom_artifacts_folder=
retry_interval=5
project_report_directory=./reports/qa
max_screen_history=10
max_log_file_size=150
result_sorting=true
big_screen_width=-1
big_screen_height=-1
small_screen_width=90
small_screen_height=60
init_retry_count=0
init_retry_interval=1
retry_count=0
enable_l10n=true
l10n_encoding=ISO-8859-1
locale=en_US
enable_i18n=true
language=en_US
thread_count=1
data_provider_thread_count=-1
core_log_level=INFO
core_log_packages=com.qaprosoft.carina.core
artifacts_expiration_seconds=2592000
log_all_json=true
date_format=HH:mm:ss yyyy-MM-dd
time_format=HH:mm:ss
suite_name=
jira_updater=com.qaprosoft.carina.core.foundation.jira.DefaultJiraUpdater
jira_url=
jira_user=
jira_password=
jira_suite_id=
jira_project=
jira_project_short=
jira_create_new_ticket=false
test_naming_pattern={method_name}
optimize_video_recording=false
testrail_run_name=
testrail_milestone=
testrail_assignee=
qtest_cycle_name=DailyAutomation
qtest_suite_name=
s3_bucket_name=
access_key_id=
secret_key=
s3_use_presign_url=false
s3_local_storage=.
appcenter_token=
appcenter_local_storage=.
add_new_localization=false
add_new_localization_encoding=utf-8
add_new_localization_path=
add_new_localization_property_name=new_custom_messages_
tls_keysecure_location=
health_check_class=
health_check_methods=
uninstall_related_apps=false
default_device_timezone=GMT
default_device_time_format=24
default_device_language=en_US
android_screen_record_size=
android_screen_record_bitrate=
android_enable_bug_report=true
ios_screen_record_quality=MEDIUM
ios_screen_record_codec=libx264
ios_screen_record_fps=10
screen_record_duration=180
video_scale=-2:720
ignore_ssl=false
test_run_rules=
hub_mode=selenium
extract_sys_log=false
selenium_host=https://qkm1.qualitykiosk.com/appiumcloud/wd/hub

------------- Driver capabilities -----------
================================================

2020-01-27 17:44:42 CarinaListener [INFO] Set data_provider_thread_count=1
2020-01-27 17:44:42 CarinaListener [INFO] CARINA_CORE_VERSION: 6.3.30
2020-01-27 17:44:43 Messager [INFO]  TEST [Default test - feature] STARTED at [17:44:43 2020-01-27]
2020-01-27 17:44:46 Messager [ERROR]  TEST [Default test - feature] FAILED at [17:44:46 2020-01-27] - javax.net.ssl.SSLHandshakeException: sun.security.validator.ValidatorException: PKIX path building failed: sun.security.provider.certpath.SunCertPathBuilderException: unable to find valid certification path to requested target

cucumber.api.testng.TestNGCucumberRunner.runCucumber(TestNGCucumberRunner.java:69)
com.qaprosoft.carina.core.foundation.cucumber.CucumberRunner.feature(CucumberRunner.java:56)
sun.reflect.NativeMethodAccessorImpl.invoke0(Native Method)
sun.reflect.NativeMethodAccessorImpl.invoke(Unknown Source)
sun.reflect.DelegatingMethodAccessorImpl.invoke(Unknown Source)
java.lang.reflect.Method.invoke(Unknown Source)
org.testng.internal.MethodInvocationHelper.invokeMethod(MethodInvocationHelper.java:124)
org.testng.internal.Invoker.invokeMethod(Invoker.java:583)
org.testng.internal.Invoker.invokeTestMethod(Invoker.java:719)
org.testng.internal.Invoker.invokeTestMethods(Invoker.java:989)
org.testng.internal.TestMethodWorker.invokeTestMethods(TestMethodWorker.java:125)
org.testng.internal.TestMethodWorker.run(TestMethodWorker.java:109)
org.testng.TestRunner.privateRun(TestRunner.java:648)
org.testng.TestRunner.run(TestRunner.java:505)
org.testng.SuiteRunner.runTest(SuiteRunner.java:455)
org.testng.SuiteRunner.runSequentially(SuiteRunner.java:450)
org.testng.SuiteRunner.privateRun(SuiteRunner.java:415)
org.testng.SuiteRunner.run(SuiteRunner.java:364)
org.testng.SuiteRunnerWorker.runSuite(SuiteRunnerWorker.java:52)
org.testng.SuiteRunnerWorker.run(SuiteRunnerWorker.java:84)
org.testng.TestNG.runSuitesSequentially(TestNG.java:1208)
org.testng.TestNG.runSuitesLocally(TestNG.java:1137)
org.testng.TestNG.runSuites(TestNG.java:1049)
org.testng.TestNG.run(TestNG.java:1017)
org.testng.remote.AbstractRemoteTestNG.run(AbstractRemoteTestNG.java:115)
org.testng.remote.RemoteTestNG.initAndRun(RemoteTestNG.java:251)
org.testng.remote.RemoteTestNG.main(RemoteTestNG.java:77)
2020-01-27 17:44:46 CucumberRunner [INFO] In  @AfterClass tearDownClass
2020-01-27 17:44:46 CucumberRunner [INFO] Report json: CreateUserAPI-test-report.json
2020-01-27 17:44:46 CucumberRunner [INFO] Report json: cucumber-core-test-report.json
2020-01-27 17:44:48 Messager [INFO] INFO: '**************** Test execution summary ****************'.
2020-01-27 17:44:48 Messager [INFO] RESULT #1: TEST [Default test - feature] FAIL [log=file://D:\Testng\Atlas_Demo\.\reports\qa\1580127282685/ae02a19f-6286-496b-8148-1a43aa8c4ff3/test.log]
2020-01-27 17:47:40 CarinaListener [INFO] 
============= Test configuration =============
url={must_override}
env=DEMO
env_arg_resolver=com.qaprosoft.carina.core.foundation.utils.DefaultEnvArgResolver
platform=ANDROID
browser=
browser_version=
browser_language=
selenium_host=https://qkm1.qualitykiosk.com/appiumcloud/wd/hub
driver_event_listeners=
max_driver_count=3
custom_capabilities=
chrome_args=
chrome_experimental_opts=
chrome_mobile_emulation_opts=
firefox_args=
firefox_preferences=
app_version=
proxy_host=
proxy_port=
proxy_protocols=http,https,ftp
browsermob_proxy=false
browsermob_host=
browsermob_port=0
browsermob_ports_range=
browsermob_disabled_mitm=false
proxy_set_to_system=false
report_url=
email_list=
failure_email_list=
track_known_issues=false
auto_screenshot=true
implicit_timeout=10
explicit_timeout=20
auto_download=false
auto_download_apps=
custom_artifacts_folder=
retry_interval=5
project_report_directory=./reports/qa
max_screen_history=10
max_log_file_size=150
result_sorting=true
big_screen_width=-1
big_screen_height=-1
small_screen_width=90
small_screen_height=60
init_retry_count=0
init_retry_interval=1
retry_count=0
enable_l10n=true
l10n_encoding=ISO-8859-1
locale=en_US
enable_i18n=true
language=en_US
thread_count=1
data_provider_thread_count=-1
core_log_level=INFO
core_log_packages=com.qaprosoft.carina.core
artifacts_expiration_seconds=2592000
log_all_json=true
date_format=HH:mm:ss yyyy-MM-dd
time_format=HH:mm:ss
suite_name=
jira_updater=com.qaprosoft.carina.core.foundation.jira.DefaultJiraUpdater
jira_url=
jira_user=
jira_password=
jira_suite_id=
jira_project=
jira_project_short=
jira_create_new_ticket=false
test_naming_pattern={method_name}
optimize_video_recording=false
testrail_run_name=
testrail_milestone=
testrail_assignee=
qtest_cycle_name=DailyAutomation
qtest_suite_name=
s3_bucket_name=
access_key_id=
secret_key=
s3_use_presign_url=false
s3_local_storage=.
appcenter_token=
appcenter_local_storage=.
add_new_localization=false
add_new_localization_encoding=utf-8
add_new_localization_path=
add_new_localization_property_name=new_custom_messages_
tls_keysecure_location=
health_check_class=
health_check_methods=
uninstall_related_apps=false
default_device_timezone=GMT
default_device_time_format=24
default_device_language=en_US
android_screen_record_size=
android_screen_record_bitrate=
android_enable_bug_report=true
ios_screen_record_quality=MEDIUM
ios_screen_record_codec=libx264
ios_screen_record_fps=10
screen_record_duration=180
video_scale=-2:720
ignore_ssl=false
test_run_rules=
hub_mode=selenium
extract_sys_log=false
selenium_host=https://qkm1.qualitykiosk.com/appiumcloud/wd/hub

------------- Driver capabilities -----------
================================================

2020-01-27 17:47:41 CarinaListener [INFO] Set data_provider_thread_count=1
2020-01-27 17:47:41 CarinaListener [INFO] CARINA_CORE_VERSION: 6.3.30
2020-01-27 17:47:42 Messager [INFO]  TEST [Default test - feature] STARTED at [17:47:42 2020-01-27]
2020-01-27 17:47:42 M1CloudActivities [INFO] DeviceName: Samsung_Galaxy_Note_8.properties
2020-01-27 17:47:44 IDriverPool [ERROR] Driver initialization 'DEFAULT' FAILED! Retry 1 of 1 time - javax.net.ssl.SSLHandshakeException: sun.security.validator.ValidatorException: PKIX path building failed: sun.security.provider.certpath.SunCertPathBuilderException: unable to find valid certification path to requested target
Build info: version: '3.141.59', revision: 'e82be7d358', time: '2018-11-14T08:17:03'
System info: host: 'QKNBK299', ip: '10.0.6.172', os.name: 'Windows 7', os.arch: 'amd64', os.version: '6.1', java.version: '1.8.0_45'
Driver info: driver.version: AndroidDriver
org.openqa.selenium.WebDriverException: javax.net.ssl.SSLHandshakeException: sun.security.validator.ValidatorException: PKIX path building failed: sun.security.provider.certpath.SunCertPathBuilderException: unable to find valid certification path to requested target
Build info: version: '3.141.59', revision: 'e82be7d358', time: '2018-11-14T08:17:03'
System info: host: 'QKNBK299', ip: '10.0.6.172', os.name: 'Windows 7', os.arch: 'amd64', os.version: '6.1', java.version: '1.8.0_45'
Driver info: driver.version: AndroidDriver
	at com.qaprosoft.carina.core.foundation.webdriver.listener.EventFiringAppiumCommandExecutor.execute(EventFiringAppiumCommandExecutor.java:169)
	at org.openqa.selenium.remote.RemoteWebDriver.execute(RemoteWebDriver.java:552)
	at io.appium.java_client.DefaultGenericMobileDriver.execute(DefaultGenericMobileDriver.java:41)
	at io.appium.java_client.AppiumDriver.execute(AppiumDriver.java:1)
	at io.appium.java_client.android.AndroidDriver.execute(AndroidDriver.java:1)
	at org.openqa.selenium.remote.RemoteWebDriver.startSession(RemoteWebDriver.java:213)
	at io.appium.java_client.AppiumDriver.startSession(AppiumDriver.java:323)
	at org.openqa.selenium.remote.RemoteWebDriver.<init>(RemoteWebDriver.java:131)
	at io.appium.java_client.DefaultGenericMobileDriver.<init>(DefaultGenericMobileDriver.java:37)
	at io.appium.java_client.AppiumDriver.<init>(AppiumDriver.java:86)
	at io.appium.java_client.android.AndroidDriver.<init>(AndroidDriver.java:84)
	at com.qaprosoft.carina.core.foundation.webdriver.core.factory.impl.MobileFactory.create(MobileFactory.java:167)
	at com.qaprosoft.carina.core.foundation.webdriver.core.factory.DriverFactory.create(DriverFactory.java:71)
	at com.qaprosoft.carina.core.foundation.webdriver.IDriverPool.createDriver(IDriverPool.java:353)
	at com.qaprosoft.carina.core.foundation.webdriver.IDriverPool.getDriver(IDriverPool.java:143)
	at com.qaprosoft.carina.demo.cucumber.steps.FirstCry_Step_Def.LoginPage(FirstCry_Step_Def.java:34)
	at sun.reflect.NativeMethodAccessorImpl.invoke0(Native Method)
	at sun.reflect.NativeMethodAccessorImpl.invoke(Unknown Source)
	at sun.reflect.DelegatingMethodAccessorImpl.invoke(Unknown Source)
	at java.lang.reflect.Method.invoke(Unknown Source)
	at cucumber.runtime.Utils$1.call(Utils.java:40)
	at cucumber.runtime.Timeout.timeout(Timeout.java:16)
	at cucumber.runtime.Utils.invoke(Utils.java:34)
	at cucumber.runtime.java.JavaStepDefinition.execute(JavaStepDefinition.java:38)
	at cucumber.runtime.StepDefinitionMatch.runStep(StepDefinitionMatch.java:37)
	at cucumber.runtime.Runtime.runStep(Runtime.java:300)
	at cucumber.runtime.model.StepContainer.runStep(StepContainer.java:44)
	at cucumber.runtime.model.StepContainer.runSteps(StepContainer.java:39)
	at cucumber.runtime.model.CucumberScenario.run(CucumberScenario.java:44)
	at cucumber.runtime.model.CucumberFeature.run(CucumberFeature.java:165)
	at cucumber.api.testng.TestNGCucumberRunner.runCucumber(TestNGCucumberRunner.java:63)
	at com.qaprosoft.carina.core.foundation.cucumber.CucumberRunner.feature(CucumberRunner.java:56)
	at sun.reflect.NativeMethodAccessorImpl.invoke0(Native Method)
	at sun.reflect.NativeMethodAccessorImpl.invoke(Unknown Source)
	at sun.reflect.DelegatingMethodAccessorImpl.invoke(Unknown Source)
	at java.lang.reflect.Method.invoke(Unknown Source)
	at org.testng.internal.MethodInvocationHelper.invokeMethod(MethodInvocationHelper.java:124)
	at org.testng.internal.Invoker.invokeMethod(Invoker.java:583)
	at org.testng.internal.Invoker.invokeTestMethod(Invoker.java:719)
	at org.testng.internal.Invoker.invokeTestMethods(Invoker.java:989)
	at org.testng.internal.TestMethodWorker.invokeTestMethods(TestMethodWorker.java:125)
	at org.testng.internal.TestMethodWorker.run(TestMethodWorker.java:109)
	at org.testng.TestRunner.privateRun(TestRunner.java:648)
	at org.testng.TestRunner.run(TestRunner.java:505)
	at org.testng.SuiteRunner.runTest(SuiteRunner.java:455)
	at org.testng.SuiteRunner.runSequentially(SuiteRunner.java:450)
	at org.testng.SuiteRunner.privateRun(SuiteRunner.java:415)
	at org.testng.SuiteRunner.run(SuiteRunner.java:364)
	at org.testng.SuiteRunnerWorker.runSuite(SuiteRunnerWorker.java:52)
	at org.testng.SuiteRunnerWorker.run(SuiteRunnerWorker.java:84)
	at org.testng.TestNG.runSuitesSequentially(TestNG.java:1208)
	at org.testng.TestNG.runSuitesLocally(TestNG.java:1137)
	at org.testng.TestNG.runSuites(TestNG.java:1049)
	at org.testng.TestNG.run(TestNG.java:1017)
	at org.testng.remote.AbstractRemoteTestNG.run(AbstractRemoteTestNG.java:115)
	at org.testng.remote.RemoteTestNG.initAndRun(RemoteTestNG.java:251)
	at org.testng.remote.RemoteTestNG.main(RemoteTestNG.java:77)
Caused by: javax.net.ssl.SSLHandshakeException: sun.security.validator.ValidatorException: PKIX path building failed: sun.security.provider.certpath.SunCertPathBuilderException: unable to find valid certification path to requested target
	at sun.security.ssl.Alerts.getSSLException(Unknown Source)
	at sun.security.ssl.SSLSocketImpl.fatal(Unknown Source)
	at sun.security.ssl.Handshaker.fatalSE(Unknown Source)
	at sun.security.ssl.Handshaker.fatalSE(Unknown Source)
	at sun.security.ssl.ClientHandshaker.serverCertificate(Unknown Source)
	at sun.security.ssl.ClientHandshaker.processMessage(Unknown Source)
	at sun.security.ssl.Handshaker.processLoop(Unknown Source)
	at sun.security.ssl.Handshaker.process_record(Unknown Source)
	at sun.security.ssl.SSLSocketImpl.readRecord(Unknown Source)
	at sun.security.ssl.SSLSocketImpl.performInitialHandshake(Unknown Source)
	at sun.security.ssl.SSLSocketImpl.startHandshake(Unknown Source)
	at sun.security.ssl.SSLSocketImpl.startHandshake(Unknown Source)
	at okhttp3.internal.connection.RealConnection.connectTls(RealConnection.java:318)
	at okhttp3.internal.connection.RealConnection.establishProtocol(RealConnection.java:282)
	at okhttp3.internal.connection.RealConnection.connect(RealConnection.java:167)
	at okhttp3.internal.connection.StreamAllocation.findConnection(StreamAllocation.java:257)
	at okhttp3.internal.connection.StreamAllocation.findHealthyConnection(StreamAllocation.java:135)
	at okhttp3.internal.connection.StreamAllocation.newStream(StreamAllocation.java:114)
	at okhttp3.internal.connection.ConnectInterceptor.intercept(ConnectInterceptor.java:42)
	at okhttp3.internal.http.RealInterceptorChain.proceed(RealInterceptorChain.java:147)
	at okhttp3.internal.http.RealInterceptorChain.proceed(RealInterceptorChain.java:121)
	at okhttp3.internal.cache.CacheInterceptor.intercept(CacheInterceptor.java:93)
	at okhttp3.internal.http.RealInterceptorChain.proceed(RealInterceptorChain.java:147)
	at okhttp3.internal.http.RealInterceptorChain.proceed(RealInterceptorChain.java:121)
	at okhttp3.internal.http.BridgeInterceptor.intercept(BridgeInterceptor.java:93)
	at okhttp3.internal.http.RealInterceptorChain.proceed(RealInterceptorChain.java:147)
	at okhttp3.internal.http.RetryAndFollowUpInterceptor.intercept(RetryAndFollowUpInterceptor.java:126)
	at okhttp3.internal.http.RealInterceptorChain.proceed(RealInterceptorChain.java:147)
	at okhttp3.internal.http.RealInterceptorChain.proceed(RealInterceptorChain.java:121)
	at okhttp3.RealCall.getResponseWithInterceptorChain(RealCall.java:200)
	at okhttp3.RealCall.execute(RealCall.java:77)
	at org.openqa.selenium.remote.internal.OkHttpClient.execute(OkHttpClient.java:103)
	at org.openqa.selenium.remote.ProtocolHandshake.createSession(ProtocolHandshake.java:105)
	at org.openqa.selenium.remote.ProtocolHandshake.createSession(ProtocolHandshake.java:74)
	at org.openqa.selenium.remote.HttpCommandExecutor.execute(HttpCommandExecutor.java:136)
	at com.qaprosoft.carina.core.foundation.webdriver.listener.EventFiringAppiumCommandExecutor.execute(EventFiringAppiumCommandExecutor.java:150)
	... 56 more
Caused by: sun.security.validator.ValidatorException: PKIX path building failed: sun.security.provider.certpath.SunCertPathBuilderException: unable to find valid certification path to requested target
	at sun.security.validator.PKIXValidator.doBuild(Unknown Source)
	at sun.security.validator.PKIXValidator.engineValidate(Unknown Source)
	at sun.security.validator.Validator.validate(Unknown Source)
	at sun.security.ssl.X509TrustManagerImpl.validate(Unknown Source)
	at sun.security.ssl.X509TrustManagerImpl.checkTrusted(Unknown Source)
	at sun.security.ssl.X509TrustManagerImpl.checkServerTrusted(Unknown Source)
	... 88 more
Caused by: sun.security.provider.certpath.SunCertPathBuilderException: unable to find valid certification path to requested target
	at sun.security.provider.certpath.SunCertPathBuilder.build(Unknown Source)
	at sun.security.provider.certpath.SunCertPathBuilder.engineBuild(Unknown Source)
	at java.security.cert.CertPathBuilder.build(Unknown Source)
	... 94 more
2020-01-27 17:47:44 Messager [ERROR]  TEST [Default test - feature] FAILED at [17:47:44 2020-01-27] - org.openqa.selenium.WebDriverException: javax.net.ssl.SSLHandshakeException: sun.security.validator.ValidatorException: PKIX path building failed: sun.security.provider.certpath.SunCertPathBuilderException: unable to find valid certification path to requested target
Build info: version: '3.141.59', revision: 'e82be7d358', time: '2018-11-14T08:17:03'
System info: host: 'QKNBK299', ip: '10.0.6.172', os.name: 'Windows 7', os.arch: 'amd64', os.version: '6.1', java.version: '1.8.0_45'
Driver info: driver.version: AndroidDriver

cucumber.api.testng.TestNGCucumberRunner.runCucumber(TestNGCucumberRunner.java:69)
com.qaprosoft.carina.core.foundation.cucumber.CucumberRunner.feature(CucumberRunner.java:56)
sun.reflect.NativeMethodAccessorImpl.invoke0(Native Method)
sun.reflect.NativeMethodAccessorImpl.invoke(Unknown Source)
sun.reflect.DelegatingMethodAccessorImpl.invoke(Unknown Source)
java.lang.reflect.Method.invoke(Unknown Source)
org.testng.internal.MethodInvocationHelper.invokeMethod(MethodInvocationHelper.java:124)
org.testng.internal.Invoker.invokeMethod(Invoker.java:583)
org.testng.internal.Invoker.invokeTestMethod(Invoker.java:719)
org.testng.internal.Invoker.invokeTestMethods(Invoker.java:989)
org.testng.internal.TestMethodWorker.invokeTestMethods(TestMethodWorker.java:125)
org.testng.internal.TestMethodWorker.run(TestMethodWorker.java:109)
org.testng.TestRunner.privateRun(TestRunner.java:648)
org.testng.TestRunner.run(TestRunner.java:505)
org.testng.SuiteRunner.runTest(SuiteRunner.java:455)
org.testng.SuiteRunner.runSequentially(SuiteRunner.java:450)
org.testng.SuiteRunner.privateRun(SuiteRunner.java:415)
org.testng.SuiteRunner.run(SuiteRunner.java:364)
org.testng.SuiteRunnerWorker.runSuite(SuiteRunnerWorker.java:52)
org.testng.SuiteRunnerWorker.run(SuiteRunnerWorker.java:84)
org.testng.TestNG.runSuitesSequentially(TestNG.java:1208)
org.testng.TestNG.runSuitesLocally(TestNG.java:1137)
org.testng.TestNG.runSuites(TestNG.java:1049)
org.testng.TestNG.run(TestNG.java:1017)
org.testng.remote.AbstractRemoteTestNG.run(AbstractRemoteTestNG.java:115)
org.testng.remote.RemoteTestNG.initAndRun(RemoteTestNG.java:251)
org.testng.remote.RemoteTestNG.main(RemoteTestNG.java:77)
2020-01-27 17:47:44 CucumberRunner [INFO] In  @AfterClass tearDownClass
2020-01-27 17:47:44 CucumberRunner [INFO] Report json: CreateUserAPI-test-report.json
2020-01-27 17:47:44 CucumberRunner [INFO] Report json: cucumber-core-test-report.json
2020-01-27 17:47:46 Messager [INFO] INFO: '**************** Test execution summary ****************'.
2020-01-27 17:47:46 Messager [INFO] RESULT #1: TEST [Default test - feature] FAIL [log=file://D:\Testng\Atlas_Demo\.\reports\qa\1580127461176/7d2e00da-90a8-4f66-8bd2-9eddc1f66aaf/test.log]
2020-01-27 17:50:08 CarinaListener [INFO] 
============= Test configuration =============
url={must_override}
env=DEMO
env_arg_resolver=com.qaprosoft.carina.core.foundation.utils.DefaultEnvArgResolver
platform=ANDROID
browser=
browser_version=
browser_language=
selenium_host=https://qkm1.qualitykiosk.com/appiumcloud/wd/hub
driver_event_listeners=
max_driver_count=3
custom_capabilities=
chrome_args=
chrome_experimental_opts=
chrome_mobile_emulation_opts=
firefox_args=
firefox_preferences=
app_version=
proxy_host=
proxy_port=
proxy_protocols=http,https,ftp
browsermob_proxy=false
browsermob_host=
browsermob_port=0
browsermob_ports_range=
browsermob_disabled_mitm=false
proxy_set_to_system=false
report_url=
email_list=
failure_email_list=
track_known_issues=false
auto_screenshot=true
implicit_timeout=10
explicit_timeout=20
auto_download=false
auto_download_apps=
custom_artifacts_folder=
retry_interval=5
project_report_directory=./reports/qa
max_screen_history=10
max_log_file_size=150
result_sorting=true
big_screen_width=-1
big_screen_height=-1
small_screen_width=90
small_screen_height=60
init_retry_count=0
init_retry_interval=1
retry_count=0
enable_l10n=true
l10n_encoding=ISO-8859-1
locale=en_US
enable_i18n=true
language=en_US
thread_count=1
data_provider_thread_count=-1
core_log_level=INFO
core_log_packages=com.qaprosoft.carina.core
artifacts_expiration_seconds=2592000
log_all_json=true
date_format=HH:mm:ss yyyy-MM-dd
time_format=HH:mm:ss
suite_name=
jira_updater=com.qaprosoft.carina.core.foundation.jira.DefaultJiraUpdater
jira_url=
jira_user=
jira_password=
jira_suite_id=
jira_project=
jira_project_short=
jira_create_new_ticket=false
test_naming_pattern={method_name}
optimize_video_recording=false
testrail_run_name=
testrail_milestone=
testrail_assignee=
qtest_cycle_name=DailyAutomation
qtest_suite_name=
s3_bucket_name=
access_key_id=
secret_key=
s3_use_presign_url=false
s3_local_storage=.
appcenter_token=
appcenter_local_storage=.
add_new_localization=false
add_new_localization_encoding=utf-8
add_new_localization_path=
add_new_localization_property_name=new_custom_messages_
tls_keysecure_location=
health_check_class=
health_check_methods=
uninstall_related_apps=false
default_device_timezone=GMT
default_device_time_format=24
default_device_language=en_US
android_screen_record_size=
android_screen_record_bitrate=
android_enable_bug_report=true
ios_screen_record_quality=MEDIUM
ios_screen_record_codec=libx264
ios_screen_record_fps=10
screen_record_duration=180
video_scale=-2:720
ignore_ssl=false
test_run_rules=
hub_mode=selenium
extract_sys_log=false
selenium_host=https://qkm1.qualitykiosk.com/appiumcloud/wd/hub

------------- Driver capabilities -----------
================================================

2020-01-27 17:50:09 CarinaListener [INFO] Set data_provider_thread_count=1
2020-01-27 17:50:09 CarinaListener [INFO] CARINA_CORE_VERSION: 6.3.30
2020-01-27 17:50:10 Messager [INFO]  TEST [Default test - feature] STARTED at [17:50:10 2020-01-27]
2020-01-27 17:50:11 M1CloudActivities [INFO] DeviceName: Samsung_Galaxy_Note_8.properties
2020-01-27 17:50:13 IDriverPool [ERROR] Driver initialization 'DEFAULT' FAILED! Retry 1 of 1 time - javax.net.ssl.SSLHandshakeException: sun.security.validator.ValidatorException: PKIX path building failed: sun.security.provider.certpath.SunCertPathBuilderException: unable to find valid certification path to requested target
Build info: version: '3.141.59', revision: 'e82be7d358', time: '2018-11-14T08:17:03'
System info: host: 'QKNBK299', ip: '10.0.6.172', os.name: 'Windows 7', os.arch: 'amd64', os.version: '6.1', java.version: '1.8.0_45'
Driver info: driver.version: AndroidDriver
org.openqa.selenium.WebDriverException: javax.net.ssl.SSLHandshakeException: sun.security.validator.ValidatorException: PKIX path building failed: sun.security.provider.certpath.SunCertPathBuilderException: unable to find valid certification path to requested target
Build info: version: '3.141.59', revision: 'e82be7d358', time: '2018-11-14T08:17:03'
System info: host: 'QKNBK299', ip: '10.0.6.172', os.name: 'Windows 7', os.arch: 'amd64', os.version: '6.1', java.version: '1.8.0_45'
Driver info: driver.version: AndroidDriver
	at com.qaprosoft.carina.core.foundation.webdriver.listener.EventFiringAppiumCommandExecutor.execute(EventFiringAppiumCommandExecutor.java:169)
	at org.openqa.selenium.remote.RemoteWebDriver.execute(RemoteWebDriver.java:552)
	at io.appium.java_client.DefaultGenericMobileDriver.execute(DefaultGenericMobileDriver.java:41)
	at io.appium.java_client.AppiumDriver.execute(AppiumDriver.java:1)
	at io.appium.java_client.android.AndroidDriver.execute(AndroidDriver.java:1)
	at org.openqa.selenium.remote.RemoteWebDriver.startSession(RemoteWebDriver.java:213)
	at io.appium.java_client.AppiumDriver.startSession(AppiumDriver.java:323)
	at org.openqa.selenium.remote.RemoteWebDriver.<init>(RemoteWebDriver.java:131)
	at io.appium.java_client.DefaultGenericMobileDriver.<init>(DefaultGenericMobileDriver.java:37)
	at io.appium.java_client.AppiumDriver.<init>(AppiumDriver.java:86)
	at io.appium.java_client.android.AndroidDriver.<init>(AndroidDriver.java:84)
	at com.qaprosoft.carina.core.foundation.webdriver.core.factory.impl.MobileFactory.create(MobileFactory.java:167)
	at com.qaprosoft.carina.core.foundation.webdriver.core.factory.DriverFactory.create(DriverFactory.java:71)
	at com.qaprosoft.carina.core.foundation.webdriver.IDriverPool.createDriver(IDriverPool.java:353)
	at com.qaprosoft.carina.core.foundation.webdriver.IDriverPool.getDriver(IDriverPool.java:143)
	at com.qaprosoft.carina.demo.cucumber.steps.FirstCry_Step_Def.LoginPage(FirstCry_Step_Def.java:34)
	at sun.reflect.NativeMethodAccessorImpl.invoke0(Native Method)
	at sun.reflect.NativeMethodAccessorImpl.invoke(Unknown Source)
	at sun.reflect.DelegatingMethodAccessorImpl.invoke(Unknown Source)
	at java.lang.reflect.Method.invoke(Unknown Source)
	at cucumber.runtime.Utils$1.call(Utils.java:40)
	at cucumber.runtime.Timeout.timeout(Timeout.java:16)
	at cucumber.runtime.Utils.invoke(Utils.java:34)
	at cucumber.runtime.java.JavaStepDefinition.execute(JavaStepDefinition.java:38)
	at cucumber.runtime.StepDefinitionMatch.runStep(StepDefinitionMatch.java:37)
	at cucumber.runtime.Runtime.runStep(Runtime.java:300)
	at cucumber.runtime.model.StepContainer.runStep(StepContainer.java:44)
	at cucumber.runtime.model.StepContainer.runSteps(StepContainer.java:39)
	at cucumber.runtime.model.CucumberScenario.run(CucumberScenario.java:44)
	at cucumber.runtime.model.CucumberFeature.run(CucumberFeature.java:165)
	at cucumber.api.testng.TestNGCucumberRunner.runCucumber(TestNGCucumberRunner.java:63)
	at com.qaprosoft.carina.core.foundation.cucumber.CucumberRunner.feature(CucumberRunner.java:56)
	at sun.reflect.NativeMethodAccessorImpl.invoke0(Native Method)
	at sun.reflect.NativeMethodAccessorImpl.invoke(Unknown Source)
	at sun.reflect.DelegatingMethodAccessorImpl.invoke(Unknown Source)
	at java.lang.reflect.Method.invoke(Unknown Source)
	at org.testng.internal.MethodInvocationHelper.invokeMethod(MethodInvocationHelper.java:124)
	at org.testng.internal.Invoker.invokeMethod(Invoker.java:583)
	at org.testng.internal.Invoker.invokeTestMethod(Invoker.java:719)
	at org.testng.internal.Invoker.invokeTestMethods(Invoker.java:989)
	at org.testng.internal.TestMethodWorker.invokeTestMethods(TestMethodWorker.java:125)
	at org.testng.internal.TestMethodWorker.run(TestMethodWorker.java:109)
	at org.testng.TestRunner.privateRun(TestRunner.java:648)
	at org.testng.TestRunner.run(TestRunner.java:505)
	at org.testng.SuiteRunner.runTest(SuiteRunner.java:455)
	at org.testng.SuiteRunner.runSequentially(SuiteRunner.java:450)
	at org.testng.SuiteRunner.privateRun(SuiteRunner.java:415)
	at org.testng.SuiteRunner.run(SuiteRunner.java:364)
	at org.testng.SuiteRunnerWorker.runSuite(SuiteRunnerWorker.java:52)
	at org.testng.SuiteRunnerWorker.run(SuiteRunnerWorker.java:84)
	at org.testng.TestNG.runSuitesSequentially(TestNG.java:1208)
	at org.testng.TestNG.runSuitesLocally(TestNG.java:1137)
	at org.testng.TestNG.runSuites(TestNG.java:1049)
	at org.testng.TestNG.run(TestNG.java:1017)
	at org.testng.remote.AbstractRemoteTestNG.run(AbstractRemoteTestNG.java:115)
	at org.testng.remote.RemoteTestNG.initAndRun(RemoteTestNG.java:251)
	at org.testng.remote.RemoteTestNG.main(RemoteTestNG.java:77)
Caused by: javax.net.ssl.SSLHandshakeException: sun.security.validator.ValidatorException: PKIX path building failed: sun.security.provider.certpath.SunCertPathBuilderException: unable to find valid certification path to requested target
	at sun.security.ssl.Alerts.getSSLException(Unknown Source)
	at sun.security.ssl.SSLSocketImpl.fatal(Unknown Source)
	at sun.security.ssl.Handshaker.fatalSE(Unknown Source)
	at sun.security.ssl.Handshaker.fatalSE(Unknown Source)
	at sun.security.ssl.ClientHandshaker.serverCertificate(Unknown Source)
	at sun.security.ssl.ClientHandshaker.processMessage(Unknown Source)
	at sun.security.ssl.Handshaker.processLoop(Unknown Source)
	at sun.security.ssl.Handshaker.process_record(Unknown Source)
	at sun.security.ssl.SSLSocketImpl.readRecord(Unknown Source)
	at sun.security.ssl.SSLSocketImpl.performInitialHandshake(Unknown Source)
	at sun.security.ssl.SSLSocketImpl.startHandshake(Unknown Source)
	at sun.security.ssl.SSLSocketImpl.startHandshake(Unknown Source)
	at okhttp3.internal.connection.RealConnection.connectTls(RealConnection.java:318)
	at okhttp3.internal.connection.RealConnection.establishProtocol(RealConnection.java:282)
	at okhttp3.internal.connection.RealConnection.connect(RealConnection.java:167)
	at okhttp3.internal.connection.StreamAllocation.findConnection(StreamAllocation.java:257)
	at okhttp3.internal.connection.StreamAllocation.findHealthyConnection(StreamAllocation.java:135)
	at okhttp3.internal.connection.StreamAllocation.newStream(StreamAllocation.java:114)
	at okhttp3.internal.connection.ConnectInterceptor.intercept(ConnectInterceptor.java:42)
	at okhttp3.internal.http.RealInterceptorChain.proceed(RealInterceptorChain.java:147)
	at okhttp3.internal.http.RealInterceptorChain.proceed(RealInterceptorChain.java:121)
	at okhttp3.internal.cache.CacheInterceptor.intercept(CacheInterceptor.java:93)
	at okhttp3.internal.http.RealInterceptorChain.proceed(RealInterceptorChain.java:147)
	at okhttp3.internal.http.RealInterceptorChain.proceed(RealInterceptorChain.java:121)
	at okhttp3.internal.http.BridgeInterceptor.intercept(BridgeInterceptor.java:93)
	at okhttp3.internal.http.RealInterceptorChain.proceed(RealInterceptorChain.java:147)
	at okhttp3.internal.http.RetryAndFollowUpInterceptor.intercept(RetryAndFollowUpInterceptor.java:126)
	at okhttp3.internal.http.RealInterceptorChain.proceed(RealInterceptorChain.java:147)
	at okhttp3.internal.http.RealInterceptorChain.proceed(RealInterceptorChain.java:121)
	at okhttp3.RealCall.getResponseWithInterceptorChain(RealCall.java:200)
	at okhttp3.RealCall.execute(RealCall.java:77)
	at org.openqa.selenium.remote.internal.OkHttpClient.execute(OkHttpClient.java:103)
	at org.openqa.selenium.remote.ProtocolHandshake.createSession(ProtocolHandshake.java:105)
	at org.openqa.selenium.remote.ProtocolHandshake.createSession(ProtocolHandshake.java:74)
	at org.openqa.selenium.remote.HttpCommandExecutor.execute(HttpCommandExecutor.java:136)
	at com.qaprosoft.carina.core.foundation.webdriver.listener.EventFiringAppiumCommandExecutor.execute(EventFiringAppiumCommandExecutor.java:150)
	... 56 more
Caused by: sun.security.validator.ValidatorException: PKIX path building failed: sun.security.provider.certpath.SunCertPathBuilderException: unable to find valid certification path to requested target
	at sun.security.validator.PKIXValidator.doBuild(Unknown Source)
	at sun.security.validator.PKIXValidator.engineValidate(Unknown Source)
	at sun.security.validator.Validator.validate(Unknown Source)
	at sun.security.ssl.X509TrustManagerImpl.validate(Unknown Source)
	at sun.security.ssl.X509TrustManagerImpl.checkTrusted(Unknown Source)
	at sun.security.ssl.X509TrustManagerImpl.checkServerTrusted(Unknown Source)
	... 88 more
Caused by: sun.security.provider.certpath.SunCertPathBuilderException: unable to find valid certification path to requested target
	at sun.security.provider.certpath.SunCertPathBuilder.build(Unknown Source)
	at sun.security.provider.certpath.SunCertPathBuilder.engineBuild(Unknown Source)
	at java.security.cert.CertPathBuilder.build(Unknown Source)
	... 94 more
2020-01-27 17:50:13 Messager [ERROR]  TEST [Default test - feature] FAILED at [17:50:13 2020-01-27] - org.openqa.selenium.WebDriverException: javax.net.ssl.SSLHandshakeException: sun.security.validator.ValidatorException: PKIX path building failed: sun.security.provider.certpath.SunCertPathBuilderException: unable to find valid certification path to requested target
Build info: version: '3.141.59', revision: 'e82be7d358', time: '2018-11-14T08:17:03'
System info: host: 'QKNBK299', ip: '10.0.6.172', os.name: 'Windows 7', os.arch: 'amd64', os.version: '6.1', java.version: '1.8.0_45'
Driver info: driver.version: AndroidDriver

cucumber.api.testng.TestNGCucumberRunner.runCucumber(TestNGCucumberRunner.java:69)
com.qaprosoft.carina.core.foundation.cucumber.CucumberRunner.feature(CucumberRunner.java:56)
sun.reflect.NativeMethodAccessorImpl.invoke0(Native Method)
sun.reflect.NativeMethodAccessorImpl.invoke(Unknown Source)
sun.reflect.DelegatingMethodAccessorImpl.invoke(Unknown Source)
java.lang.reflect.Method.invoke(Unknown Source)
org.testng.internal.MethodInvocationHelper.invokeMethod(MethodInvocationHelper.java:124)
org.testng.internal.Invoker.invokeMethod(Invoker.java:583)
org.testng.internal.Invoker.invokeTestMethod(Invoker.java:719)
org.testng.internal.Invoker.invokeTestMethods(Invoker.java:989)
org.testng.internal.TestMethodWorker.invokeTestMethods(TestMethodWorker.java:125)
org.testng.internal.TestMethodWorker.run(TestMethodWorker.java:109)
org.testng.TestRunner.privateRun(TestRunner.java:648)
org.testng.TestRunner.run(TestRunner.java:505)
org.testng.SuiteRunner.runTest(SuiteRunner.java:455)
org.testng.SuiteRunner.runSequentially(SuiteRunner.java:450)
org.testng.SuiteRunner.privateRun(SuiteRunner.java:415)
org.testng.SuiteRunner.run(SuiteRunner.java:364)
org.testng.SuiteRunnerWorker.runSuite(SuiteRunnerWorker.java:52)
org.testng.SuiteRunnerWorker.run(SuiteRunnerWorker.java:84)
org.testng.TestNG.runSuitesSequentially(TestNG.java:1208)
org.testng.TestNG.runSuitesLocally(TestNG.java:1137)
org.testng.TestNG.runSuites(TestNG.java:1049)
org.testng.TestNG.run(TestNG.java:1017)
org.testng.remote.AbstractRemoteTestNG.run(AbstractRemoteTestNG.java:115)
org.testng.remote.RemoteTestNG.initAndRun(RemoteTestNG.java:251)
org.testng.remote.RemoteTestNG.main(RemoteTestNG.java:77)
2020-01-27 17:50:13 CucumberRunner [INFO] In  @AfterClass tearDownClass
2020-01-27 17:50:13 CucumberRunner [INFO] Report json: CreateUserAPI-test-report.json
2020-01-27 17:50:13 CucumberRunner [INFO] Report json: cucumber-core-test-report.json
2020-01-27 17:50:16 Messager [INFO] INFO: '**************** Test execution summary ****************'.
2020-01-27 17:50:16 Messager [INFO] RESULT #1: TEST [Default test - feature] FAIL [log=file://D:\Testng\Atlas_Demo\.\reports\qa\1580127608781/d87b5053-a1dc-46fd-9718-a808d896beb8/test.log]
2020-01-27 18:10:27 CarinaListener [INFO] 
============= Test configuration =============
url={must_override}
env=DEMO
env_arg_resolver=com.qaprosoft.carina.core.foundation.utils.DefaultEnvArgResolver
platform=ANDROID
browser=
browser_version=
browser_language=
selenium_host=https://qkm1.qualitykiosk.com/appiumcloud/wd/hub
driver_event_listeners=
max_driver_count=3
custom_capabilities=
chrome_args=
chrome_experimental_opts=
chrome_mobile_emulation_opts=
firefox_args=
firefox_preferences=
app_version=
proxy_host=
proxy_port=
proxy_protocols=http,https,ftp
browsermob_proxy=false
browsermob_host=
browsermob_port=0
browsermob_ports_range=
browsermob_disabled_mitm=false
proxy_set_to_system=false
report_url=
email_list=
failure_email_list=
track_known_issues=false
auto_screenshot=true
implicit_timeout=10
explicit_timeout=20
auto_download=false
auto_download_apps=
custom_artifacts_folder=
retry_interval=5
project_report_directory=./reports/qa
max_screen_history=10
max_log_file_size=150
result_sorting=true
big_screen_width=-1
big_screen_height=-1
small_screen_width=90
small_screen_height=60
init_retry_count=0
init_retry_interval=1
retry_count=0
enable_l10n=true
l10n_encoding=ISO-8859-1
locale=en_US
enable_i18n=true
language=en_US
thread_count=1
data_provider_thread_count=-1
core_log_level=INFO
core_log_packages=com.qaprosoft.carina.core
artifacts_expiration_seconds=2592000
log_all_json=true
date_format=HH:mm:ss yyyy-MM-dd
time_format=HH:mm:ss
suite_name=
jira_updater=com.qaprosoft.carina.core.foundation.jira.DefaultJiraUpdater
jira_url=
jira_user=
jira_password=
jira_suite_id=
jira_project=
jira_project_short=
jira_create_new_ticket=false
test_naming_pattern={method_name}
optimize_video_recording=false
testrail_run_name=
testrail_milestone=
testrail_assignee=
qtest_cycle_name=DailyAutomation
qtest_suite_name=
s3_bucket_name=
access_key_id=
secret_key=
s3_use_presign_url=false
s3_local_storage=.
appcenter_token=
appcenter_local_storage=.
add_new_localization=false
add_new_localization_encoding=utf-8
add_new_localization_path=
add_new_localization_property_name=new_custom_messages_
tls_keysecure_location=
health_check_class=
health_check_methods=
uninstall_related_apps=false
default_device_timezone=GMT
default_device_time_format=24
default_device_language=en_US
android_screen_record_size=
android_screen_record_bitrate=
android_enable_bug_report=true
ios_screen_record_quality=MEDIUM
ios_screen_record_codec=libx264
ios_screen_record_fps=10
screen_record_duration=180
video_scale=-2:720
ignore_ssl=false
test_run_rules=
hub_mode=selenium
extract_sys_log=false
selenium_host=https://qkm1.qualitykiosk.com/appiumcloud/wd/hub

------------- Driver capabilities -----------
================================================

2020-01-27 18:10:27 CarinaListener [INFO] Set data_provider_thread_count=1
2020-01-27 18:10:27 CarinaListener [INFO] CARINA_CORE_VERSION: 6.3.30
2020-01-27 18:10:27 Messager [INFO]  TEST [Default test - feature] STARTED at [18:10:27 2020-01-27]
2020-01-27 18:10:28 M1CloudActivities [INFO] DeviceName: Samsung_Galaxy_Note_8.properties
2020-01-27 18:10:29 IDriverPool [ERROR] Driver initialization 'DEFAULT' FAILED! Retry 1 of 1 time - javax.net.ssl.SSLHandshakeException: sun.security.validator.ValidatorException: PKIX path building failed: sun.security.provider.certpath.SunCertPathBuilderException: unable to find valid certification path to requested target
Build info: version: '3.141.59', revision: 'e82be7d358', time: '2018-11-14T08:17:03'
System info: host: 'QKNBK299', ip: '10.0.6.172', os.name: 'Windows 7', os.arch: 'amd64', os.version: '6.1', java.version: '1.8.0_45'
Driver info: driver.version: AndroidDriver
org.openqa.selenium.WebDriverException: javax.net.ssl.SSLHandshakeException: sun.security.validator.ValidatorException: PKIX path building failed: sun.security.provider.certpath.SunCertPathBuilderException: unable to find valid certification path to requested target
Build info: version: '3.141.59', revision: 'e82be7d358', time: '2018-11-14T08:17:03'
System info: host: 'QKNBK299', ip: '10.0.6.172', os.name: 'Windows 7', os.arch: 'amd64', os.version: '6.1', java.version: '1.8.0_45'
Driver info: driver.version: AndroidDriver
	at com.qaprosoft.carina.core.foundation.webdriver.listener.EventFiringAppiumCommandExecutor.execute(EventFiringAppiumCommandExecutor.java:169)
	at org.openqa.selenium.remote.RemoteWebDriver.execute(RemoteWebDriver.java:552)
	at io.appium.java_client.DefaultGenericMobileDriver.execute(DefaultGenericMobileDriver.java:41)
	at io.appium.java_client.AppiumDriver.execute(AppiumDriver.java:1)
	at io.appium.java_client.android.AndroidDriver.execute(AndroidDriver.java:1)
	at org.openqa.selenium.remote.RemoteWebDriver.startSession(RemoteWebDriver.java:213)
	at io.appium.java_client.AppiumDriver.startSession(AppiumDriver.java:323)
	at org.openqa.selenium.remote.RemoteWebDriver.<init>(RemoteWebDriver.java:131)
	at io.appium.java_client.DefaultGenericMobileDriver.<init>(DefaultGenericMobileDriver.java:37)
	at io.appium.java_client.AppiumDriver.<init>(AppiumDriver.java:86)
	at io.appium.java_client.android.AndroidDriver.<init>(AndroidDriver.java:84)
	at com.qaprosoft.carina.core.foundation.webdriver.core.factory.impl.MobileFactory.create(MobileFactory.java:167)
	at com.qaprosoft.carina.core.foundation.webdriver.core.factory.DriverFactory.create(DriverFactory.java:71)
	at com.qaprosoft.carina.core.foundation.webdriver.IDriverPool.createDriver(IDriverPool.java:353)
	at com.qaprosoft.carina.core.foundation.webdriver.IDriverPool.getDriver(IDriverPool.java:143)
	at com.qaprosoft.carina.demo.cucumber.steps.FirstCry_Step_Def.LoginPage(FirstCry_Step_Def.java:34)
	at sun.reflect.NativeMethodAccessorImpl.invoke0(Native Method)
	at sun.reflect.NativeMethodAccessorImpl.invoke(Unknown Source)
	at sun.reflect.DelegatingMethodAccessorImpl.invoke(Unknown Source)
	at java.lang.reflect.Method.invoke(Unknown Source)
	at cucumber.runtime.Utils$1.call(Utils.java:40)
	at cucumber.runtime.Timeout.timeout(Timeout.java:16)
	at cucumber.runtime.Utils.invoke(Utils.java:34)
	at cucumber.runtime.java.JavaStepDefinition.execute(JavaStepDefinition.java:38)
	at cucumber.runtime.StepDefinitionMatch.runStep(StepDefinitionMatch.java:37)
	at cucumber.runtime.Runtime.runStep(Runtime.java:300)
	at cucumber.runtime.model.StepContainer.runStep(StepContainer.java:44)
	at cucumber.runtime.model.StepContainer.runSteps(StepContainer.java:39)
	at cucumber.runtime.model.CucumberScenario.run(CucumberScenario.java:44)
	at cucumber.runtime.model.CucumberFeature.run(CucumberFeature.java:165)
	at cucumber.api.testng.TestNGCucumberRunner.runCucumber(TestNGCucumberRunner.java:63)
	at com.qaprosoft.carina.core.foundation.cucumber.CucumberRunner.feature(CucumberRunner.java:56)
	at sun.reflect.NativeMethodAccessorImpl.invoke0(Native Method)
	at sun.reflect.NativeMethodAccessorImpl.invoke(Unknown Source)
	at sun.reflect.DelegatingMethodAccessorImpl.invoke(Unknown Source)
	at java.lang.reflect.Method.invoke(Unknown Source)
	at org.testng.internal.MethodInvocationHelper.invokeMethod(MethodInvocationHelper.java:124)
	at org.testng.internal.Invoker.invokeMethod(Invoker.java:583)
	at org.testng.internal.Invoker.invokeTestMethod(Invoker.java:719)
	at org.testng.internal.Invoker.invokeTestMethods(Invoker.java:989)
	at org.testng.internal.TestMethodWorker.invokeTestMethods(TestMethodWorker.java:125)
	at org.testng.internal.TestMethodWorker.run(TestMethodWorker.java:109)
	at org.testng.TestRunner.privateRun(TestRunner.java:648)
	at org.testng.TestRunner.run(TestRunner.java:505)
	at org.testng.SuiteRunner.runTest(SuiteRunner.java:455)
	at org.testng.SuiteRunner.runSequentially(SuiteRunner.java:450)
	at org.testng.SuiteRunner.privateRun(SuiteRunner.java:415)
	at org.testng.SuiteRunner.run(SuiteRunner.java:364)
	at org.testng.SuiteRunnerWorker.runSuite(SuiteRunnerWorker.java:52)
	at org.testng.SuiteRunnerWorker.run(SuiteRunnerWorker.java:84)
	at org.testng.TestNG.runSuitesSequentially(TestNG.java:1208)
	at org.testng.TestNG.runSuitesLocally(TestNG.java:1137)
	at org.testng.TestNG.runSuites(TestNG.java:1049)
	at org.testng.TestNG.run(TestNG.java:1017)
	at org.testng.remote.AbstractRemoteTestNG.run(AbstractRemoteTestNG.java:115)
	at org.testng.remote.RemoteTestNG.initAndRun(RemoteTestNG.java:251)
	at org.testng.remote.RemoteTestNG.main(RemoteTestNG.java:77)
Caused by: javax.net.ssl.SSLHandshakeException: sun.security.validator.ValidatorException: PKIX path building failed: sun.security.provider.certpath.SunCertPathBuilderException: unable to find valid certification path to requested target
	at sun.security.ssl.Alerts.getSSLException(Unknown Source)
	at sun.security.ssl.SSLSocketImpl.fatal(Unknown Source)
	at sun.security.ssl.Handshaker.fatalSE(Unknown Source)
	at sun.security.ssl.Handshaker.fatalSE(Unknown Source)
	at sun.security.ssl.ClientHandshaker.serverCertificate(Unknown Source)
	at sun.security.ssl.ClientHandshaker.processMessage(Unknown Source)
	at sun.security.ssl.Handshaker.processLoop(Unknown Source)
	at sun.security.ssl.Handshaker.process_record(Unknown Source)
	at sun.security.ssl.SSLSocketImpl.readRecord(Unknown Source)
	at sun.security.ssl.SSLSocketImpl.performInitialHandshake(Unknown Source)
	at sun.security.ssl.SSLSocketImpl.startHandshake(Unknown Source)
	at sun.security.ssl.SSLSocketImpl.startHandshake(Unknown Source)
	at okhttp3.internal.connection.RealConnection.connectTls(RealConnection.java:318)
	at okhttp3.internal.connection.RealConnection.establishProtocol(RealConnection.java:282)
	at okhttp3.internal.connection.RealConnection.connect(RealConnection.java:167)
	at okhttp3.internal.connection.StreamAllocation.findConnection(StreamAllocation.java:257)
	at okhttp3.internal.connection.StreamAllocation.findHealthyConnection(StreamAllocation.java:135)
	at okhttp3.internal.connection.StreamAllocation.newStream(StreamAllocation.java:114)
	at okhttp3.internal.connection.ConnectInterceptor.intercept(ConnectInterceptor.java:42)
	at okhttp3.internal.http.RealInterceptorChain.proceed(RealInterceptorChain.java:147)
	at okhttp3.internal.http.RealInterceptorChain.proceed(RealInterceptorChain.java:121)
	at okhttp3.internal.cache.CacheInterceptor.intercept(CacheInterceptor.java:93)
	at okhttp3.internal.http.RealInterceptorChain.proceed(RealInterceptorChain.java:147)
	at okhttp3.internal.http.RealInterceptorChain.proceed(RealInterceptorChain.java:121)
	at okhttp3.internal.http.BridgeInterceptor.intercept(BridgeInterceptor.java:93)
	at okhttp3.internal.http.RealInterceptorChain.proceed(RealInterceptorChain.java:147)
	at okhttp3.internal.http.RetryAndFollowUpInterceptor.intercept(RetryAndFollowUpInterceptor.java:126)
	at okhttp3.internal.http.RealInterceptorChain.proceed(RealInterceptorChain.java:147)
	at okhttp3.internal.http.RealInterceptorChain.proceed(RealInterceptorChain.java:121)
	at okhttp3.RealCall.getResponseWithInterceptorChain(RealCall.java:200)
	at okhttp3.RealCall.execute(RealCall.java:77)
	at org.openqa.selenium.remote.internal.OkHttpClient.execute(OkHttpClient.java:103)
	at org.openqa.selenium.remote.ProtocolHandshake.createSession(ProtocolHandshake.java:105)
	at org.openqa.selenium.remote.ProtocolHandshake.createSession(ProtocolHandshake.java:74)
	at org.openqa.selenium.remote.HttpCommandExecutor.execute(HttpCommandExecutor.java:136)
	at com.qaprosoft.carina.core.foundation.webdriver.listener.EventFiringAppiumCommandExecutor.execute(EventFiringAppiumCommandExecutor.java:150)
	... 56 more
Caused by: sun.security.validator.ValidatorException: PKIX path building failed: sun.security.provider.certpath.SunCertPathBuilderException: unable to find valid certification path to requested target
	at sun.security.validator.PKIXValidator.doBuild(Unknown Source)
	at sun.security.validator.PKIXValidator.engineValidate(Unknown Source)
	at sun.security.validator.Validator.validate(Unknown Source)
	at sun.security.ssl.X509TrustManagerImpl.validate(Unknown Source)
	at sun.security.ssl.X509TrustManagerImpl.checkTrusted(Unknown Source)
	at sun.security.ssl.X509TrustManagerImpl.checkServerTrusted(Unknown Source)
	... 88 more
Caused by: sun.security.provider.certpath.SunCertPathBuilderException: unable to find valid certification path to requested target
	at sun.security.provider.certpath.SunCertPathBuilder.build(Unknown Source)
	at sun.security.provider.certpath.SunCertPathBuilder.engineBuild(Unknown Source)
	at java.security.cert.CertPathBuilder.build(Unknown Source)
	... 94 more
2020-01-27 18:10:29 Messager [ERROR]  TEST [Default test - feature] FAILED at [18:10:29 2020-01-27] - org.openqa.selenium.WebDriverException: javax.net.ssl.SSLHandshakeException: sun.security.validator.ValidatorException: PKIX path building failed: sun.security.provider.certpath.SunCertPathBuilderException: unable to find valid certification path to requested target
Build info: version: '3.141.59', revision: 'e82be7d358', time: '2018-11-14T08:17:03'
System info: host: 'QKNBK299', ip: '10.0.6.172', os.name: 'Windows 7', os.arch: 'amd64', os.version: '6.1', java.version: '1.8.0_45'
Driver info: driver.version: AndroidDriver

cucumber.api.testng.TestNGCucumberRunner.runCucumber(TestNGCucumberRunner.java:69)
com.qaprosoft.carina.core.foundation.cucumber.CucumberRunner.feature(CucumberRunner.java:56)
sun.reflect.NativeMethodAccessorImpl.invoke0(Native Method)
sun.reflect.NativeMethodAccessorImpl.invoke(Unknown Source)
sun.reflect.DelegatingMethodAccessorImpl.invoke(Unknown Source)
java.lang.reflect.Method.invoke(Unknown Source)
org.testng.internal.MethodInvocationHelper.invokeMethod(MethodInvocationHelper.java:124)
org.testng.internal.Invoker.invokeMethod(Invoker.java:583)
org.testng.internal.Invoker.invokeTestMethod(Invoker.java:719)
org.testng.internal.Invoker.invokeTestMethods(Invoker.java:989)
org.testng.internal.TestMethodWorker.invokeTestMethods(TestMethodWorker.java:125)
org.testng.internal.TestMethodWorker.run(TestMethodWorker.java:109)
org.testng.TestRunner.privateRun(TestRunner.java:648)
org.testng.TestRunner.run(TestRunner.java:505)
org.testng.SuiteRunner.runTest(SuiteRunner.java:455)
org.testng.SuiteRunner.runSequentially(SuiteRunner.java:450)
org.testng.SuiteRunner.privateRun(SuiteRunner.java:415)
org.testng.SuiteRunner.run(SuiteRunner.java:364)
org.testng.SuiteRunnerWorker.runSuite(SuiteRunnerWorker.java:52)
org.testng.SuiteRunnerWorker.run(SuiteRunnerWorker.java:84)
org.testng.TestNG.runSuitesSequentially(TestNG.java:1208)
org.testng.TestNG.runSuitesLocally(TestNG.java:1137)
org.testng.TestNG.runSuites(TestNG.java:1049)
org.testng.TestNG.run(TestNG.java:1017)
org.testng.remote.AbstractRemoteTestNG.run(AbstractRemoteTestNG.java:115)
org.testng.remote.RemoteTestNG.initAndRun(RemoteTestNG.java:251)
org.testng.remote.RemoteTestNG.main(RemoteTestNG.java:77)
2020-01-27 18:10:29 CucumberRunner [INFO] In  @AfterClass tearDownClass
2020-01-27 18:10:30 CucumberRunner [INFO] Report json: CreateUserAPI-test-report.json
2020-01-27 18:10:30 CucumberRunner [INFO] Report json: cucumber-core-test-report.json
2020-01-27 18:10:32 Messager [INFO] INFO: '**************** Test execution summary ****************'.
2020-01-27 18:10:32 Messager [INFO] RESULT #1: TEST [Default test - feature] FAIL [log=file://D:\Testng\Atlas_Demo\.\reports\qa\1580128827173/43caa136-e073-444f-a45f-9e6be886418d/test.log]
