<div id='container' style='width: 98%; padding: 10px; margin: 0; background: #EBEBE0; color: #717171; font-family: Calibri;'><div id='summary'><h2 align='center' style='background-color: gray; color: white; padding: 10px; margin: 0;'>FAILED: Carina Demo Tests (testng-customsuite.xml) - DEMO (Desktop)</h2><br/><h2 style='clear: both; margin: 0;'>Summary:</h2><hr/><table style='width: 1000px;'><tr><td style='width: 100px;'>Environment:</td><td>DEMO - <a href='{must_override}'>{must_override}</a></td></tr><tr><td>Version:</td><td></td></tr><tr><td>Device:</td><td>Desktop</td></tr><tr><td>Browser:</td><td></td></tr><tr><td>Finished:</td><td>18:10:32 2020-01-27</td></tr><tr class='pass' style='color: #66C266;'><td>Passed: </td><td>0</td></tr><tr class='fail' style='color: #FF5C33;'><td>Failed:</td><td>1</td></tr><tr class='skip' style='color: #FFD700;'><td>Skipped:</td><td>0</td></tr><tr><td>Success rate:</td><td>0%</td></tr></table></div><br/><div id='cucumber_results'><br/><b><a href='file://D:\Testng\Atlas_Demo\.\reports\qa\1580128827173\artifacts/CucumberReport/cucumber-html-reports/feature-overview.html' style='color: green;' target='_blank'> Open Cucumber Report in new Window </a></b><br/></div><br/><div id='results'><h2 style='margin: 0;'>Test results:</h2><hr/><table cellspacing='0' cellpadding='0' style='width: 100%;'><tr><th width='10%' align='center'>Result</th><th width='75%'>Test name</th><th  width='5%'>Jira</th><th width='10%'>Test files</th></tr><tr><td colspan='4' class='package' style='background: gray; border-style: solid; border-width: 1px; border-color: white; padding: 5px; color: white;'>com.qaprosoft.carina.core.foundation.cucumber</td></tr><tr class='fail' style='background: #FF5C33;'><td align='center' style='border-style: solid; border-width: 1px; border-color: white; padding: 5px; color: white;'>FAILED</td><td style='border-style: solid; border-width: 1px; border-color: white; padding: 5px; color: white;'><span>Default test - feature</span><div style="background:#ffcccc; color: black; padding: 5px; margin: 2px 0px 2px 0px;">org.openqa.selenium.WebDriverException: javax.net.ssl.SSLHandshakeException: sun.security.validator.ValidatorException: PKIX path building failed: sun.security.provider.certpath.SunCertPathBuilderException: unable to find valid certification path to requested target<br/>Build info: version: '3.141.59', revision: 'e82be7d358', time: '2018-11-14T08:17:03'<br/>System info: host: 'QKNBK299', ip: '10.0.6.172', os.name: 'Windows 7', os.arch: 'amd64', os.version: '6.1', java.version: '1.8.0_45'<br/>Driver info: driver.version: AndroidDriver<br/><br/>cucumber.api.testng.TestNGCucumberRunner.runCucumber(TestNGCucumberRunner.java:69)<br/>com.qaprosoft.carina.core.foundation.cucumber.CucumberRunner.feature(CucumberRunner.java:56)<br/>sun.reflect.NativeMethodAccessorImpl.invoke0(Native Method)<br/>sun.reflect.NativeMethodAccessorImpl.invoke(Unknown Source)<br/>sun.reflect.DelegatingMethodAccessorImpl.invoke(Unknown Source)<br/>java.lang.reflect.Method.invoke(Unknown Source)<br/>org.testng.internal.MethodInvocationHelper.invokeMethod(MethodInvocationHelper.java:124)<br/>org.testng.internal.Invoker.invokeMethod(Invoker.java:583)<br/>org.testng.internal.Invoker.invokeTestMethod(Invoker.java:719)<br/>org.testng.internal.Invoker.invokeTestMethods(Invoker.java:989)<br/>org.testng.internal.TestMethodWorker.invokeTestMethods(TestMethodWorker.java:125)<br/>org.testng.internal.TestMethodWorker.run(TestMethodWorker.java:109)<br/>org.testng.TestRunner.privateRun(TestRunner.java:648)<br/>org.testng.TestRunner.run(TestRunner.java:505)<br/>org.testng.SuiteRunner.runTest(SuiteRunner.java:455)<br/>org.testng.SuiteRunner.runSequentially(SuiteRunner.java:450)<br/>org.testng.SuiteRunner.privateRun(SuiteRunner.java:415)<br/>org.testng.SuiteRunner.run(SuiteRunner.java:364)<br/>org.testng.SuiteRunnerWorker.runSuite(SuiteRunnerWorker.java:52)<br/>org.testng.SuiteRunnerWorker.run(SuiteRunnerWorker.java:84)<br/>org.testng.TestNG.runSuitesSequentially(TestNG.java:1208)<br/>org.testng.TestNG.runSuitesLocally(TestNG.java:1137)<br/>org.testng.TestNG.runSuites(TestNG.java:1049)<br/>org.testng.TestNG.run(TestNG.java:1017)<br/>org.testng.remote.AbstractRemoteTestNG.run(A...</div></td><td align='center' style='border-style: solid; border-width: 1px; border-color: white; padding: 5px; color: white;'><a target='_blank' href='#' style='color: white;'>N/A</a></td><td align='center' style='border-style: solid; border-width: 1px; border-color: white; padding: 5px; color: white;'><a target='_blank' href='file://D:\Testng\Atlas_Demo\.\reports\qa\1580128827173/43caa136-e073-444f-a45f-9e6be886418d/test.log' style='color: white;'>Log</a><span> or </span><a target='_blank' href='' style='color: white;'>Demo</a></td></tr></table></div></div>